CRITICAL - 2025-05-20 08:21:15 --> Undefined variable $status_absen
in APPPATH\Controllers\Absen.php on line 163.
 1 APPPATH\Controllers\Absen.php(163): CodeIgniter\Debug\Exceptions->errorHandler(2, 'Undefined variable $status_absen', 'D:\\New folder\\My Folder\\e-absensi\\app\\Controllers\\Absen.php', 163)
 2 SYSTEMPATH\CodeIgniter.php(919): App\Controllers\Absen->simpan_absen_masuk()
 3 SYSTEMPATH\CodeIgniter.php(494): CodeIgniter\CodeIgniter->runController(Object(App\Controllers\Absen))
 4 SYSTEMPATH\CodeIgniter.php(353): CodeIgniter\CodeIgniter->handleRequest(null, Object(Config\Cache), false)
 5 FCPATH\index.php(79): CodeIgniter\CodeIgniter->run()
 6 SYSTEMPATH\Commands\Server\rewrite.php(47): require_once('D:\\New folder\\My Folder\\e-absensi\\public\\index.php')
CRITICAL - 2025-05-20 08:28:05 --> Undefined variable $status_absen
in APPPATH\Controllers\Absen.php on line 163.
 1 APPPATH\Controllers\Absen.php(163): CodeIgniter\Debug\Exceptions->errorHandler(2, 'Undefined variable $status_absen', 'D:\\New folder\\My Folder\\e-absensi\\app\\Controllers\\Absen.php', 163)
 2 SYSTEMPATH\CodeIgniter.php(919): App\Controllers\Absen->simpan_absen_masuk()
 3 SYSTEMPATH\CodeIgniter.php(494): CodeIgniter\CodeIgniter->runController(Object(App\Controllers\Absen))
 4 SYSTEMPATH\CodeIgniter.php(353): CodeIgniter\CodeIgniter->handleRequest(null, Object(Config\Cache), false)
 5 FCPATH\index.php(79): CodeIgniter\CodeIgniter->run()
 6 SYSTEMPATH\Commands\Server\rewrite.php(47): require_once('D:\\New folder\\My Folder\\e-absensi\\public\\index.php')
CRITICAL - 2025-05-20 19:36:17 --> Invalid file: "Backend/MasterKantor/edit-data-kantor.php"
in SYSTEMPATH\Exceptions\FrameworkException.php on line 39.
 1 SYSTEMPATH\View\View.php(214): CodeIgniter\Exceptions\FrameworkException::forInvalidFile('Backend/MasterKantor/edit-data-kantor.php')
 2 SYSTEMPATH\Common.php(1188): CodeIgniter\View\View->render('Backend/MasterKantor/edit-data-kantor', [], true)
 3 APPPATH\Controllers\Kantor.php(22): view('Backend/MasterKantor/edit-data-kantor', [...])
 4 SYSTEMPATH\CodeIgniter.php(919): App\Controllers\Kantor->master_Kantor()
 5 SYSTEMPATH\CodeIgniter.php(494): CodeIgniter\CodeIgniter->runController(Object(App\Controllers\Kantor))
 6 SYSTEMPATH\CodeIgniter.php(353): CodeIgniter\CodeIgniter->handleRequest(null, Object(Config\Cache), false)
 7 FCPATH\index.php(79): CodeIgniter\CodeIgniter->run()
 8 SYSTEMPATH\Commands\Server\rewrite.php(47): require_once('D:\\New folder\\My Folder\\e-absensi\\public\\index.php')
CRITICAL - 2025-05-20 19:48:33 --> Trying to access array offset on value of type null
in APPPATH\Views\Backend\MasterJadwal\edit-data-jadwal.php on line 26.
 1 APPPATH\Views\Backend\MasterJadwal\edit-data-jadwal.php(26): CodeIgniter\Debug\Exceptions->errorHandler(2, 'Trying to access array offset on value of type null', 'D:\\New folder\\My Folder\\e-absensi\\app\\Views\\Backend\\MasterJadwal\\edit-data-jadwal.php', 26)
 2 SYSTEMPATH\View\View.php(226): include('D:\\New folder\\My Folder\\e-absensi\\app\\Views\\Backend\\MasterJadwal\\edit-data-jadwal.php')
 3 SYSTEMPATH\View\View.php(229): CodeIgniter\View\View->CodeIgniter\View\{closure}()
 4 SYSTEMPATH\Common.php(1188): CodeIgniter\View\View->render('Backend/MasterJadwal/edit-data-jadwal', [], true)
 5 APPPATH\Controllers\Jadwal.php(198): view('Backend/MasterJadwal/edit-data-jadwal', [...])
 6 SYSTEMPATH\CodeIgniter.php(919): App\Controllers\Jadwal->edit_jadwal('c8191334495f99663de8e8e11b1991ecbc3f8721')
 7 SYSTEMPATH\CodeIgniter.php(494): CodeIgniter\CodeIgniter->runController(Object(App\Controllers\Jadwal))
 8 SYSTEMPATH\CodeIgniter.php(353): CodeIgniter\CodeIgniter->handleRequest(null, Object(Config\Cache), false)
 9 FCPATH\index.php(79): CodeIgniter\CodeIgniter->run()
10 SYSTEMPATH\Commands\Server\rewrite.php(47): require_once('D:\\New folder\\My Folder\\e-absensi\\public\\index.php')
CRITICAL - 2025-05-20 19:51:21 --> Trying to access array offset on value of type null
in APPPATH\Views\Backend\MasterJadwal\edit-data-jadwal.php on line 26.
 1 APPPATH\Views\Backend\MasterJadwal\edit-data-jadwal.php(26): CodeIgniter\Debug\Exceptions->errorHandler(2, 'Trying to access array offset on value of type null', 'D:\\New folder\\My Folder\\e-absensi\\app\\Views\\Backend\\MasterJadwal\\edit-data-jadwal.php', 26)
 2 SYSTEMPATH\View\View.php(226): include('D:\\New folder\\My Folder\\e-absensi\\app\\Views\\Backend\\MasterJadwal\\edit-data-jadwal.php')
 3 SYSTEMPATH\View\View.php(229): CodeIgniter\View\View->CodeIgniter\View\{closure}()
 4 SYSTEMPATH\Common.php(1188): CodeIgniter\View\View->render('Backend/MasterJadwal/edit-data-jadwal', [], true)
 5 APPPATH\Controllers\Jadwal.php(198): view('Backend/MasterJadwal/edit-data-jadwal', [...])
 6 SYSTEMPATH\CodeIgniter.php(919): App\Controllers\Jadwal->edit_jadwal('c8191334495f99663de8e8e11b1991ecbc3f8721')
 7 SYSTEMPATH\CodeIgniter.php(494): CodeIgniter\CodeIgniter->runController(Object(App\Controllers\Jadwal))
 8 SYSTEMPATH\CodeIgniter.php(353): CodeIgniter\CodeIgniter->handleRequest(null, Object(Config\Cache), false)
 9 FCPATH\index.php(79): CodeIgniter\CodeIgniter->run()
10 SYSTEMPATH\Commands\Server\rewrite.php(47): require_once('D:\\New folder\\My Folder\\e-absensi\\public\\index.php')
CRITICAL - 2025-05-20 20:04:49 --> Undefined array key "id_jabatan"
in APPPATH\Controllers\Kantor.php on line 57.
 1 APPPATH\Controllers\Kantor.php(57): CodeIgniter\Debug\Exceptions->errorHandler(2, 'Undefined array key "id_jabatan"', 'D:\\New folder\\My Folder\\e-absensi\\app\\Controllers\\Kantor.php', 57)
 2 SYSTEMPATH\CodeIgniter.php(919): App\Controllers\Kantor->simpan_data_kantor()
 3 SYSTEMPATH\CodeIgniter.php(494): CodeIgniter\CodeIgniter->runController(Object(App\Controllers\Kantor))
 4 SYSTEMPATH\CodeIgniter.php(353): CodeIgniter\CodeIgniter->handleRequest(null, Object(Config\Cache), false)
 5 FCPATH\index.php(79): CodeIgniter\CodeIgniter->run()
 6 SYSTEMPATH\Commands\Server\rewrite.php(47): require_once('D:\\New folder\\My Folder\\e-absensi\\public\\index.php')
CRITICAL - 2025-05-20 20:08:12 --> Trying to access array offset on value of type null
in APPPATH\Controllers\Kantor.php on line 104.
 1 APPPATH\Controllers\Kantor.php(104): CodeIgniter\Debug\Exceptions->errorHandler(2, 'Trying to access array offset on value of type null', 'D:\\New folder\\My Folder\\e-absensi\\app\\Controllers\\Kantor.php', 104)
 2 SYSTEMPATH\CodeIgniter.php(919): App\Controllers\Kantor->update_kantor()
 3 SYSTEMPATH\CodeIgniter.php(494): CodeIgniter\CodeIgniter->runController(Object(App\Controllers\Kantor))
 4 SYSTEMPATH\CodeIgniter.php(353): CodeIgniter\CodeIgniter->handleRequest(null, Object(Config\Cache), false)
 5 FCPATH\index.php(79): CodeIgniter\CodeIgniter->run()
 6 SYSTEMPATH\Commands\Server\rewrite.php(47): require_once('D:\\New folder\\My Folder\\e-absensi\\public\\index.php')
CRITICAL - 2025-05-20 20:11:56 --> Trying to access array offset on value of type null
in APPPATH\Controllers\Kantor.php on line 104.
 1 APPPATH\Controllers\Kantor.php(104): CodeIgniter\Debug\Exceptions->errorHandler(2, 'Trying to access array offset on value of type null', 'D:\\New folder\\My Folder\\e-absensi\\app\\Controllers\\Kantor.php', 104)
 2 SYSTEMPATH\CodeIgniter.php(919): App\Controllers\Kantor->update_kantor('KNTR2025052000002')
 3 SYSTEMPATH\CodeIgniter.php(494): CodeIgniter\CodeIgniter->runController(Object(App\Controllers\Kantor))
 4 SYSTEMPATH\CodeIgniter.php(353): CodeIgniter\CodeIgniter->handleRequest(null, Object(Config\Cache), false)
 5 FCPATH\index.php(79): CodeIgniter\CodeIgniter->run()
 6 SYSTEMPATH\Commands\Server\rewrite.php(47): require_once('D:\\New folder\\My Folder\\e-absensi\\public\\index.php')
CRITICAL - 2025-05-20 20:12:49 --> Trying to access array offset on value of type null
in APPPATH\Controllers\Kantor.php on line 104.
 1 APPPATH\Controllers\Kantor.php(104): CodeIgniter\Debug\Exceptions->errorHandler(2, 'Trying to access array offset on value of type null', 'D:\\New folder\\My Folder\\e-absensi\\app\\Controllers\\Kantor.php', 104)
 2 SYSTEMPATH\CodeIgniter.php(919): App\Controllers\Kantor->update_kantor('KNTR2025052000002')
 3 SYSTEMPATH\CodeIgniter.php(494): CodeIgniter\CodeIgniter->runController(Object(App\Controllers\Kantor))
 4 SYSTEMPATH\CodeIgniter.php(353): CodeIgniter\CodeIgniter->handleRequest(null, Object(Config\Cache), false)
 5 FCPATH\index.php(79): CodeIgniter\CodeIgniter->run()
 6 SYSTEMPATH\Commands\Server\rewrite.php(47): require_once('D:\\New folder\\My Folder\\e-absensi\\public\\index.php')
ERROR - 2025-05-20 20:28:37 --> mysqli_sql_exception: Unknown column 'tbl_karyawan.id_kantor' in 'where clause' in D:\New folder\My Folder\e-absensi\system\Database\MySQLi\Connection.php:306
Stack trace:
#0 D:\New folder\My Folder\e-absensi\system\Database\MySQLi\Connection.php(306): mysqli->query('SELECT *\nFROM `...', 0)
#1 D:\New folder\My Folder\e-absensi\system\Database\BaseConnection.php(692): CodeIgniter\Database\MySQLi\Connection->execute('SELECT *\nFROM `...')
#2 D:\New folder\My Folder\e-absensi\system\Database\BaseConnection.php(606): CodeIgniter\Database\BaseConnection->simpleQuery('SELECT *\nFROM `...')
#3 D:\New folder\My Folder\e-absensi\system\Database\BaseBuilder.php(1615): CodeIgniter\Database\BaseConnection->query('SELECT *\nFROM `...', Array, false)
#4 D:\New folder\My Folder\e-absensi\app\Models\M_Kantor.php(22): CodeIgniter\Database\BaseBuilder->get()
#5 D:\New folder\My Folder\e-absensi\app\Controllers\Absen.php(23): App\Models\M_Kantor->getDataKantor(Array)
#6 D:\New folder\My Folder\e-absensi\system\CodeIgniter.php(919): App\Controllers\Absen->presensi()
#7 D:\New folder\My Folder\e-absensi\system\CodeIgniter.php(494): CodeIgniter\CodeIgniter->runController(Object(App\Controllers\Absen))
#8 D:\New folder\My Folder\e-absensi\system\CodeIgniter.php(353): CodeIgniter\CodeIgniter->handleRequest(NULL, Object(Config\Cache), false)
#9 D:\New folder\My Folder\e-absensi\public\index.php(79): CodeIgniter\CodeIgniter->run()
#10 D:\New folder\My Folder\e-absensi\system\Commands\Server\rewrite.php(47): require_once('D:\\New folder\\M...')
#11 {main}
CRITICAL - 2025-05-20 20:28:37 --> Unknown column 'tbl_karyawan.id_kantor' in 'where clause'
in SYSTEMPATH\Database\BaseConnection.php on line 646.
 1 SYSTEMPATH\Database\BaseBuilder.php(1615): CodeIgniter\Database\BaseConnection->query('SELECT *
FROM `tbl_kantor`
WHERE `tbl_karyawan`.`id_kantor` = :tbl_karyawan.id_kantor:
ORDER BY `id_kantor` ASC', [...], false)
 2 APPPATH\Models\M_Kantor.php(22): CodeIgniter\Database\BaseBuilder->get()
 3 APPPATH\Controllers\Absen.php(23): App\Models\M_Kantor->getDataKantor([...])
 4 SYSTEMPATH\CodeIgniter.php(919): App\Controllers\Absen->presensi()
 5 SYSTEMPATH\CodeIgniter.php(494): CodeIgniter\CodeIgniter->runController(Object(App\Controllers\Absen))
 6 SYSTEMPATH\CodeIgniter.php(353): CodeIgniter\CodeIgniter->handleRequest(null, Object(Config\Cache), false)
 7 FCPATH\index.php(79): CodeIgniter\CodeIgniter->run()
 8 SYSTEMPATH\Commands\Server\rewrite.php(47): require_once('D:\\New folder\\My Folder\\e-absensi\\public\\index.php')
CRITICAL - 2025-05-20 20:31:11 --> Trying to access array offset on value of type null
in APPPATH\Views\Frontend\MasterAbsen\absen-keluar.php on line 62.
 1 APPPATH\Views\Frontend\MasterAbsen\absen-keluar.php(62): CodeIgniter\Debug\Exceptions->errorHandler(2, 'Trying to access array offset on value of type null', 'D:\\New folder\\My Folder\\e-absensi\\app\\Views\\Frontend\\MasterAbsen\\absen-keluar.php', 62)
 2 SYSTEMPATH\View\View.php(226): include('D:\\New folder\\My Folder\\e-absensi\\app\\Views\\Frontend\\MasterAbsen\\absen-keluar.php')
 3 SYSTEMPATH\View\View.php(229): CodeIgniter\View\View->CodeIgniter\View\{closure}()
 4 SYSTEMPATH\Common.php(1188): CodeIgniter\View\View->render('Frontend/MasterAbsen/absen-keluar', [], true)
 5 APPPATH\Controllers\Absen.php(88): view('Frontend/MasterAbsen/absen-keluar', [...])
 6 SYSTEMPATH\CodeIgniter.php(919): App\Controllers\Absen->presensi()
 7 SYSTEMPATH\CodeIgniter.php(494): CodeIgniter\CodeIgniter->runController(Object(App\Controllers\Absen))
 8 SYSTEMPATH\CodeIgniter.php(353): CodeIgniter\CodeIgniter->handleRequest(null, Object(Config\Cache), false)
 9 FCPATH\index.php(79): CodeIgniter\CodeIgniter->run()
10 SYSTEMPATH\Commands\Server\rewrite.php(47): require_once('D:\\New folder\\My Folder\\e-absensi\\public\\index.php')
CRITICAL - 2025-05-20 20:31:12 --> Trying to access array offset on value of type null
in APPPATH\Views\Frontend\MasterAbsen\absen-keluar.php on line 62.
 1 APPPATH\Views\Frontend\MasterAbsen\absen-keluar.php(62): CodeIgniter\Debug\Exceptions->errorHandler(2, 'Trying to access array offset on value of type null', 'D:\\New folder\\My Folder\\e-absensi\\app\\Views\\Frontend\\MasterAbsen\\absen-keluar.php', 62)
 2 SYSTEMPATH\View\View.php(226): include('D:\\New folder\\My Folder\\e-absensi\\app\\Views\\Frontend\\MasterAbsen\\absen-keluar.php')
 3 SYSTEMPATH\View\View.php(229): CodeIgniter\View\View->CodeIgniter\View\{closure}()
 4 SYSTEMPATH\Common.php(1188): CodeIgniter\View\View->render('Frontend/MasterAbsen/absen-keluar', [], true)
 5 APPPATH\Controllers\Absen.php(88): view('Frontend/MasterAbsen/absen-keluar', [...])
 6 SYSTEMPATH\CodeIgniter.php(919): App\Controllers\Absen->presensi()
 7 SYSTEMPATH\CodeIgniter.php(494): CodeIgniter\CodeIgniter->runController(Object(App\Controllers\Absen))
 8 SYSTEMPATH\CodeIgniter.php(353): CodeIgniter\CodeIgniter->handleRequest(null, Object(Config\Cache), false)
 9 FCPATH\index.php(79): CodeIgniter\CodeIgniter->run()
10 SYSTEMPATH\Commands\Server\rewrite.php(47): require_once('D:\\New folder\\My Folder\\e-absensi\\public\\index.php')
CRITICAL - 2025-05-20 20:33:45 --> Undefined variable $data_kantor
in APPPATH\Views\Frontend\MasterAbsen\absen-keluar.php on line 62.
 1 APPPATH\Views\Frontend\MasterAbsen\absen-keluar.php(62): CodeIgniter\Debug\Exceptions->errorHandler(2, 'Undefined variable $data_kantor', 'D:\\New folder\\My Folder\\e-absensi\\app\\Views\\Frontend\\MasterAbsen\\absen-keluar.php', 62)
 2 SYSTEMPATH\View\View.php(226): include('D:\\New folder\\My Folder\\e-absensi\\app\\Views\\Frontend\\MasterAbsen\\absen-keluar.php')
 3 SYSTEMPATH\View\View.php(229): CodeIgniter\View\View->CodeIgniter\View\{closure}()
 4 SYSTEMPATH\Common.php(1188): CodeIgniter\View\View->render('Frontend/MasterAbsen/absen-keluar', [], true)
 5 APPPATH\Controllers\Absen.php(88): view('Frontend/MasterAbsen/absen-keluar', [...])
 6 SYSTEMPATH\CodeIgniter.php(919): App\Controllers\Absen->presensi()
 7 SYSTEMPATH\CodeIgniter.php(494): CodeIgniter\CodeIgniter->runController(Object(App\Controllers\Absen))
 8 SYSTEMPATH\CodeIgniter.php(353): CodeIgniter\CodeIgniter->handleRequest(null, Object(Config\Cache), false)
 9 FCPATH\index.php(79): CodeIgniter\CodeIgniter->run()
10 SYSTEMPATH\Commands\Server\rewrite.php(47): require_once('D:\\New folder\\My Folder\\e-absensi\\public\\index.php')
CRITICAL - 2025-05-20 20:33:45 --> Undefined variable $data_kantor
in APPPATH\Views\Frontend\MasterAbsen\absen-keluar.php on line 62.
 1 APPPATH\Views\Frontend\MasterAbsen\absen-keluar.php(62): CodeIgniter\Debug\Exceptions->errorHandler(2, 'Undefined variable $data_kantor', 'D:\\New folder\\My Folder\\e-absensi\\app\\Views\\Frontend\\MasterAbsen\\absen-keluar.php', 62)
 2 SYSTEMPATH\View\View.php(226): include('D:\\New folder\\My Folder\\e-absensi\\app\\Views\\Frontend\\MasterAbsen\\absen-keluar.php')
 3 SYSTEMPATH\View\View.php(229): CodeIgniter\View\View->CodeIgniter\View\{closure}()
 4 SYSTEMPATH\Common.php(1188): CodeIgniter\View\View->render('Frontend/MasterAbsen/absen-keluar', [], true)
 5 APPPATH\Controllers\Absen.php(88): view('Frontend/MasterAbsen/absen-keluar', [...])
 6 SYSTEMPATH\CodeIgniter.php(919): App\Controllers\Absen->presensi()
 7 SYSTEMPATH\CodeIgniter.php(494): CodeIgniter\CodeIgniter->runController(Object(App\Controllers\Absen))
 8 SYSTEMPATH\CodeIgniter.php(353): CodeIgniter\CodeIgniter->handleRequest(null, Object(Config\Cache), false)
 9 FCPATH\index.php(79): CodeIgniter\CodeIgniter->run()
10 SYSTEMPATH\Commands\Server\rewrite.php(47): require_once('D:\\New folder\\My Folder\\e-absensi\\public\\index.php')
CRITICAL - 2025-05-20 20:33:48 --> Undefined variable $data_kantor
in APPPATH\Views\Frontend\MasterAbsen\absen-keluar.php on line 62.
 1 APPPATH\Views\Frontend\MasterAbsen\absen-keluar.php(62): CodeIgniter\Debug\Exceptions->errorHandler(2, 'Undefined variable $data_kantor', 'D:\\New folder\\My Folder\\e-absensi\\app\\Views\\Frontend\\MasterAbsen\\absen-keluar.php', 62)
 2 SYSTEMPATH\View\View.php(226): include('D:\\New folder\\My Folder\\e-absensi\\app\\Views\\Frontend\\MasterAbsen\\absen-keluar.php')
 3 SYSTEMPATH\View\View.php(229): CodeIgniter\View\View->CodeIgniter\View\{closure}()
 4 SYSTEMPATH\Common.php(1188): CodeIgniter\View\View->render('Frontend/MasterAbsen/absen-keluar', [], true)
 5 APPPATH\Controllers\Absen.php(88): view('Frontend/MasterAbsen/absen-keluar', [...])
 6 SYSTEMPATH\CodeIgniter.php(919): App\Controllers\Absen->presensi()
 7 SYSTEMPATH\CodeIgniter.php(494): CodeIgniter\CodeIgniter->runController(Object(App\Controllers\Absen))
 8 SYSTEMPATH\CodeIgniter.php(353): CodeIgniter\CodeIgniter->handleRequest(null, Object(Config\Cache), false)
 9 FCPATH\index.php(79): CodeIgniter\CodeIgniter->run()
10 SYSTEMPATH\Commands\Server\rewrite.php(47): require_once('D:\\New folder\\My Folder\\e-absensi\\public\\index.php')
CRITICAL - 2025-05-20 20:33:49 --> Undefined variable $data_kantor
in APPPATH\Views\Frontend\MasterAbsen\absen-keluar.php on line 62.
 1 APPPATH\Views\Frontend\MasterAbsen\absen-keluar.php(62): CodeIgniter\Debug\Exceptions->errorHandler(2, 'Undefined variable $data_kantor', 'D:\\New folder\\My Folder\\e-absensi\\app\\Views\\Frontend\\MasterAbsen\\absen-keluar.php', 62)
 2 SYSTEMPATH\View\View.php(226): include('D:\\New folder\\My Folder\\e-absensi\\app\\Views\\Frontend\\MasterAbsen\\absen-keluar.php')
 3 SYSTEMPATH\View\View.php(229): CodeIgniter\View\View->CodeIgniter\View\{closure}()
 4 SYSTEMPATH\Common.php(1188): CodeIgniter\View\View->render('Frontend/MasterAbsen/absen-keluar', [], true)
 5 APPPATH\Controllers\Absen.php(88): view('Frontend/MasterAbsen/absen-keluar', [...])
 6 SYSTEMPATH\CodeIgniter.php(919): App\Controllers\Absen->presensi()
 7 SYSTEMPATH\CodeIgniter.php(494): CodeIgniter\CodeIgniter->runController(Object(App\Controllers\Absen))
 8 SYSTEMPATH\CodeIgniter.php(353): CodeIgniter\CodeIgniter->handleRequest(null, Object(Config\Cache), false)
 9 FCPATH\index.php(79): CodeIgniter\CodeIgniter->run()
10 SYSTEMPATH\Commands\Server\rewrite.php(47): require_once('D:\\New folder\\My Folder\\e-absensi\\public\\index.php')
CRITICAL - 2025-05-20 20:34:12 --> Undefined variable $data_kantor
in APPPATH\Views\Frontend\MasterAbsen\absen-keluar.php on line 62.
 1 APPPATH\Views\Frontend\MasterAbsen\absen-keluar.php(62): CodeIgniter\Debug\Exceptions->errorHandler(2, 'Undefined variable $data_kantor', 'D:\\New folder\\My Folder\\e-absensi\\app\\Views\\Frontend\\MasterAbsen\\absen-keluar.php', 62)
 2 SYSTEMPATH\View\View.php(226): include('D:\\New folder\\My Folder\\e-absensi\\app\\Views\\Frontend\\MasterAbsen\\absen-keluar.php')
 3 SYSTEMPATH\View\View.php(229): CodeIgniter\View\View->CodeIgniter\View\{closure}()
 4 SYSTEMPATH\Common.php(1188): CodeIgniter\View\View->render('Frontend/MasterAbsen/absen-keluar', [], true)
 5 APPPATH\Controllers\Absen.php(88): view('Frontend/MasterAbsen/absen-keluar', [...])
 6 SYSTEMPATH\CodeIgniter.php(919): App\Controllers\Absen->presensi()
 7 SYSTEMPATH\CodeIgniter.php(494): CodeIgniter\CodeIgniter->runController(Object(App\Controllers\Absen))
 8 SYSTEMPATH\CodeIgniter.php(353): CodeIgniter\CodeIgniter->handleRequest(null, Object(Config\Cache), false)
 9 FCPATH\index.php(79): CodeIgniter\CodeIgniter->run()
10 SYSTEMPATH\Commands\Server\rewrite.php(47): require_once('D:\\New folder\\My Folder\\e-absensi\\public\\index.php')
CRITICAL - 2025-05-20 20:36:24 --> Trying to access array offset on value of type null
in APPPATH\Views\Frontend\MasterAbsen\absen-keluar.php on line 62.
 1 APPPATH\Views\Frontend\MasterAbsen\absen-keluar.php(62): CodeIgniter\Debug\Exceptions->errorHandler(2, 'Trying to access array offset on value of type null', 'D:\\New folder\\My Folder\\e-absensi\\app\\Views\\Frontend\\MasterAbsen\\absen-keluar.php', 62)
 2 SYSTEMPATH\View\View.php(226): include('D:\\New folder\\My Folder\\e-absensi\\app\\Views\\Frontend\\MasterAbsen\\absen-keluar.php')
 3 SYSTEMPATH\View\View.php(229): CodeIgniter\View\View->CodeIgniter\View\{closure}()
 4 SYSTEMPATH\Common.php(1188): CodeIgniter\View\View->render('Frontend/MasterAbsen/absen-keluar', [], true)
 5 APPPATH\Controllers\Absen.php(88): view('Frontend/MasterAbsen/absen-keluar', [...])
 6 SYSTEMPATH\CodeIgniter.php(919): App\Controllers\Absen->presensi()
 7 SYSTEMPATH\CodeIgniter.php(494): CodeIgniter\CodeIgniter->runController(Object(App\Controllers\Absen))
 8 SYSTEMPATH\CodeIgniter.php(353): CodeIgniter\CodeIgniter->handleRequest(null, Object(Config\Cache), false)
 9 FCPATH\index.php(79): CodeIgniter\CodeIgniter->run()
10 SYSTEMPATH\Commands\Server\rewrite.php(47): require_once('D:\\New folder\\My Folder\\e-absensi\\public\\index.php')
CRITICAL - 2025-05-20 20:37:14 --> Trying to access array offset on value of type null
in APPPATH\Views\Frontend\MasterAbsen\absen-keluar.php on line 62.
 1 APPPATH\Views\Frontend\MasterAbsen\absen-keluar.php(62): CodeIgniter\Debug\Exceptions->errorHandler(2, 'Trying to access array offset on value of type null', 'D:\\New folder\\My Folder\\e-absensi\\app\\Views\\Frontend\\MasterAbsen\\absen-keluar.php', 62)
 2 SYSTEMPATH\View\View.php(226): include('D:\\New folder\\My Folder\\e-absensi\\app\\Views\\Frontend\\MasterAbsen\\absen-keluar.php')
 3 SYSTEMPATH\View\View.php(229): CodeIgniter\View\View->CodeIgniter\View\{closure}()
 4 SYSTEMPATH\Common.php(1188): CodeIgniter\View\View->render('Frontend/MasterAbsen/absen-keluar', [], true)
 5 APPPATH\Controllers\Absen.php(88): view('Frontend/MasterAbsen/absen-keluar', [...])
 6 SYSTEMPATH\CodeIgniter.php(919): App\Controllers\Absen->presensi()
 7 SYSTEMPATH\CodeIgniter.php(494): CodeIgniter\CodeIgniter->runController(Object(App\Controllers\Absen))
 8 SYSTEMPATH\CodeIgniter.php(353): CodeIgniter\CodeIgniter->handleRequest(null, Object(Config\Cache), false)
 9 FCPATH\index.php(79): CodeIgniter\CodeIgniter->run()
10 SYSTEMPATH\Commands\Server\rewrite.php(47): require_once('D:\\New folder\\My Folder\\e-absensi\\public\\index.php')
CRITICAL - 2025-05-20 20:37:15 --> Trying to access array offset on value of type null
in APPPATH\Views\Frontend\MasterAbsen\absen-keluar.php on line 62.
 1 APPPATH\Views\Frontend\MasterAbsen\absen-keluar.php(62): CodeIgniter\Debug\Exceptions->errorHandler(2, 'Trying to access array offset on value of type null', 'D:\\New folder\\My Folder\\e-absensi\\app\\Views\\Frontend\\MasterAbsen\\absen-keluar.php', 62)
 2 SYSTEMPATH\View\View.php(226): include('D:\\New folder\\My Folder\\e-absensi\\app\\Views\\Frontend\\MasterAbsen\\absen-keluar.php')
 3 SYSTEMPATH\View\View.php(229): CodeIgniter\View\View->CodeIgniter\View\{closure}()
 4 SYSTEMPATH\Common.php(1188): CodeIgniter\View\View->render('Frontend/MasterAbsen/absen-keluar', [], true)
 5 APPPATH\Controllers\Absen.php(88): view('Frontend/MasterAbsen/absen-keluar', [...])
 6 SYSTEMPATH\CodeIgniter.php(919): App\Controllers\Absen->presensi()
 7 SYSTEMPATH\CodeIgniter.php(494): CodeIgniter\CodeIgniter->runController(Object(App\Controllers\Absen))
 8 SYSTEMPATH\CodeIgniter.php(353): CodeIgniter\CodeIgniter->handleRequest(null, Object(Config\Cache), false)
 9 FCPATH\index.php(79): CodeIgniter\CodeIgniter->run()
10 SYSTEMPATH\Commands\Server\rewrite.php(47): require_once('D:\\New folder\\My Folder\\e-absensi\\public\\index.php')
