ERROR - 2025-06-23 02:30:26 --> mysqli_sql_exception: Table 'db_absensi.tbl_gambar' doesn't exist in engine in D:\New folder\My Folder\e-absensi\system\Database\MySQLi\Connection.php:306
Stack trace:
#0 D:\New folder\My Folder\e-absensi\system\Database\MySQLi\Connection.php(306): mysqli->query('SELECT *\nFROM `...', 0)
#1 D:\New folder\My Folder\e-absensi\system\Database\BaseConnection.php(692): CodeIgniter\Database\MySQLi\Connection->execute('SELECT *\nFROM `...')
#2 D:\New folder\My Folder\e-absensi\system\Database\BaseConnection.php(606): CodeIgniter\Database\BaseConnection->simpleQuery('SELECT *\nFROM `...')
#3 D:\New folder\My Folder\e-absensi\system\Database\BaseBuilder.php(1615): CodeIgniter\Database\BaseConnection->query('SELECT *\nFROM `...', Array, false)
#4 D:\New folder\My Folder\e-absensi\app\Models\M_Gambar.php(22): CodeIgniter\Database\BaseBuilder->get()
#5 D:\New folder\My Folder\e-absensi\app\Views\Frontend\auth\login.php(55): App\Models\M_Gambar->getDataGambar(Array)
#6 D:\New folder\My Folder\e-absensi\system\View\View.php(226): include('D:\\New folder\\M...')
#7 D:\New folder\My Folder\e-absensi\system\View\View.php(229): CodeIgniter\View\View->CodeIgniter\View\{closure}()
#8 D:\New folder\My Folder\e-absensi\system\Common.php(1188): CodeIgniter\View\View->render('Frontend/auth/l...', Array, true)
#9 D:\New folder\My Folder\e-absensi\app\Controllers\Auth.php(16): view('Frontend/auth/l...')
#10 D:\New folder\My Folder\e-absensi\system\CodeIgniter.php(919): App\Controllers\Auth->auth_karyawan()
#11 D:\New folder\My Folder\e-absensi\system\CodeIgniter.php(494): CodeIgniter\CodeIgniter->runController(Object(App\Controllers\Auth))
#12 D:\New folder\My Folder\e-absensi\system\CodeIgniter.php(353): CodeIgniter\CodeIgniter->handleRequest(NULL, Object(Config\Cache), false)
#13 D:\New folder\My Folder\e-absensi\public\index.php(79): CodeIgniter\CodeIgniter->run()
#14 D:\New folder\My Folder\e-absensi\system\Commands\Server\rewrite.php(47): require_once('D:\\New folder\\M...')
#15 {main}
CRITICAL - 2025-06-23 02:30:26 --> Table 'db_absensi.tbl_gambar' doesn't exist in engine
in SYSTEMPATH\Database\BaseConnection.php on line 646.
 1 SYSTEMPATH\Database\BaseBuilder.php(1615): CodeIgniter\Database\BaseConnection->query('SELECT *
FROM `tbl_gambar`
WHERE `bagian` = :bagian:
ORDER BY `id_gambar` ASC', [...], false)
 2 APPPATH\Models\M_Gambar.php(22): CodeIgniter\Database\BaseBuilder->get()
 3 APPPATH\Views\Frontend\auth\login.php(55): App\Models\M_Gambar->getDataGambar([...])
 4 SYSTEMPATH\View\View.php(226): include('D:\\New folder\\My Folder\\e-absensi\\app\\Views\\Frontend\\auth\\login.php')
 5 SYSTEMPATH\View\View.php(229): CodeIgniter\View\View->CodeIgniter\View\{closure}()
 6 SYSTEMPATH\Common.php(1188): CodeIgniter\View\View->render('Frontend/auth/login', [], true)
 7 APPPATH\Controllers\Auth.php(16): view('Frontend/auth/login')
 8 SYSTEMPATH\CodeIgniter.php(919): App\Controllers\Auth->auth_karyawan()
 9 SYSTEMPATH\CodeIgniter.php(494): CodeIgniter\CodeIgniter->runController(Object(App\Controllers\Auth))
10 SYSTEMPATH\CodeIgniter.php(353): CodeIgniter\CodeIgniter->handleRequest(null, Object(Config\Cache), false)
11 FCPATH\index.php(79): CodeIgniter\CodeIgniter->run()
12 SYSTEMPATH\Commands\Server\rewrite.php(47): require_once('D:\\New folder\\My Folder\\e-absensi\\public\\index.php')
CRITICAL - 2025-06-23 20:30:23 --> Trying to access array offset on value of type null
in APPPATH\Views\Backend\MasterKaryawan\edit-data-karyawan.php on line 32.
 1 APPPATH\Views\Backend\MasterKaryawan\edit-data-karyawan.php(32): CodeIgniter\Debug\Exceptions->errorHandler(2, 'Trying to access array offset on value of type null', 'D:\\New folder\\My Folder\\e-absensi\\app\\Views\\Backend\\MasterKaryawan\\edit-data-karyawan.php', 32)
 2 SYSTEMPATH\View\View.php(226): include('D:\\New folder\\My Folder\\e-absensi\\app\\Views\\Backend\\MasterKaryawan\\edit-data-karyawan.php')
 3 SYSTEMPATH\View\View.php(229): CodeIgniter\View\View->CodeIgniter\View\{closure}()
 4 SYSTEMPATH\Common.php(1188): CodeIgniter\View\View->render('Backend/MasterKaryawan/edit-data-karyawan', [], true)
 5 APPPATH\Controllers\Karyawan.php(149): view('Backend/MasterKaryawan/edit-data-karyawan', [...])
 6 SYSTEMPATH\CodeIgniter.php(919): App\Controllers\Karyawan->edit_data_karyawan('KRY2025060200003')
 7 SYSTEMPATH\CodeIgniter.php(494): CodeIgniter\CodeIgniter->runController(Object(App\Controllers\Karyawan))
 8 SYSTEMPATH\CodeIgniter.php(353): CodeIgniter\CodeIgniter->handleRequest(null, Object(Config\Cache), false)
 9 FCPATH\index.php(79): CodeIgniter\CodeIgniter->run()
10 SYSTEMPATH\Commands\Server\rewrite.php(47): require_once('D:\\New folder\\My Folder\\e-absensi\\public\\index.php')
CRITICAL - 2025-06-23 20:38:23 --> Trying to access array offset on value of type null
in APPPATH\Views\Backend\MasterKaryawan\edit-data-karyawan.php on line 32.
 1 APPPATH\Views\Backend\MasterKaryawan\edit-data-karyawan.php(32): CodeIgniter\Debug\Exceptions->errorHandler(2, 'Trying to access array offset on value of type null', 'D:\\New folder\\My Folder\\e-absensi\\app\\Views\\Backend\\MasterKaryawan\\edit-data-karyawan.php', 32)
 2 SYSTEMPATH\View\View.php(226): include('D:\\New folder\\My Folder\\e-absensi\\app\\Views\\Backend\\MasterKaryawan\\edit-data-karyawan.php')
 3 SYSTEMPATH\View\View.php(229): CodeIgniter\View\View->CodeIgniter\View\{closure}()
 4 SYSTEMPATH\Common.php(1188): CodeIgniter\View\View->render('Backend/MasterKaryawan/edit-data-karyawan', [], true)
 5 APPPATH\Controllers\Karyawan.php(155): view('Backend/MasterKaryawan/edit-data-karyawan', [...])
 6 SYSTEMPATH\CodeIgniter.php(919): App\Controllers\Karyawan->edit_data_karyawan('KRY2025060200004')
 7 SYSTEMPATH\CodeIgniter.php(494): CodeIgniter\CodeIgniter->runController(Object(App\Controllers\Karyawan))
 8 SYSTEMPATH\CodeIgniter.php(353): CodeIgniter\CodeIgniter->handleRequest(null, Object(Config\Cache), false)
 9 FCPATH\index.php(79): CodeIgniter\CodeIgniter->run()
10 SYSTEMPATH\Commands\Server\rewrite.php(47): require_once('D:\\New folder\\My Folder\\e-absensi\\public\\index.php')
CRITICAL - 2025-06-23 20:58:12 --> Trying to access array offset on value of type null
in APPPATH\Views\Backend\MasterKaryawan\edit-data-karyawan.php on line 32.
 1 APPPATH\Views\Backend\MasterKaryawan\edit-data-karyawan.php(32): CodeIgniter\Debug\Exceptions->errorHandler(2, 'Trying to access array offset on value of type null', 'D:\\New folder\\My Folder\\e-absensi\\app\\Views\\Backend\\MasterKaryawan\\edit-data-karyawan.php', 32)
 2 SYSTEMPATH\View\View.php(226): include('D:\\New folder\\My Folder\\e-absensi\\app\\Views\\Backend\\MasterKaryawan\\edit-data-karyawan.php')
 3 SYSTEMPATH\View\View.php(229): CodeIgniter\View\View->CodeIgniter\View\{closure}()
 4 SYSTEMPATH\Common.php(1188): CodeIgniter\View\View->render('Backend/MasterKaryawan/edit-data-karyawan', [], true)
 5 APPPATH\Controllers\Karyawan.php(155): view('Backend/MasterKaryawan/edit-data-karyawan', [...])
 6 SYSTEMPATH\CodeIgniter.php(919): App\Controllers\Karyawan->edit_data_karyawan('KRY2025060200004')
 7 SYSTEMPATH\CodeIgniter.php(494): CodeIgniter\CodeIgniter->runController(Object(App\Controllers\Karyawan))
 8 SYSTEMPATH\CodeIgniter.php(353): CodeIgniter\CodeIgniter->handleRequest(null, Object(Config\Cache), false)
 9 FCPATH\index.php(79): CodeIgniter\CodeIgniter->run()
10 SYSTEMPATH\Commands\Server\rewrite.php(47): require_once('D:\\New folder\\My Folder\\e-absensi\\public\\index.php')
