CRITICAL - 2025-06-02 00:44:25 --> Undefined array key "keterangan_absen"
in APPPATH\Views\Frontend\template\index.php on line 46.
 1 APPPATH\Views\Frontend\template\index.php(46): CodeIgniter\Debug\Exceptions->errorHandler(2, 'Undefined array key "keterangan_absen"', 'D:\\New folder\\My Folder\\e-absensi\\app\\Views\\Frontend\\template\\index.php', 46)
 2 SYSTEMPATH\View\View.php(226): include('D:\\New folder\\My Folder\\e-absensi\\app\\Views\\Frontend\\template\\index.php')
 3 SYSTEMPATH\View\View.php(229): CodeIgniter\View\View->CodeIgniter\View\{closure}()
 4 SYSTEMPATH\Common.php(1188): CodeIgniter\View\View->render('Frontend/template/index', [], true)
 5 APPPATH\Controllers\Home.php(56): view('Frontend/template/index', [...])
 6 SYSTEMPATH\CodeIgniter.php(919): App\Controllers\Home->home()
 7 SYSTEMPATH\CodeIgniter.php(494): CodeIgniter\CodeIgniter->runController(Object(App\Controllers\Home))
 8 SYSTEMPATH\CodeIgniter.php(353): CodeIgniter\CodeIgniter->handleRequest(null, Object(Config\Cache), false)
 9 FCPATH\index.php(79): CodeIgniter\CodeIgniter->run()
10 SYSTEMPATH\Commands\Server\rewrite.php(47): require_once('D:\\New folder\\My Folder\\e-absensi\\public\\index.php')
CRITICAL - 2025-06-02 00:46:00 --> Undefined array key "keterangan_absen"
in APPPATH\Views\Frontend\template\index.php on line 46.
 1 APPPATH\Views\Frontend\template\index.php(46): CodeIgniter\Debug\Exceptions->errorHandler(2, 'Undefined array key "keterangan_absen"', 'D:\\New folder\\My Folder\\e-absensi\\app\\Views\\Frontend\\template\\index.php', 46)
 2 SYSTEMPATH\View\View.php(226): include('D:\\New folder\\My Folder\\e-absensi\\app\\Views\\Frontend\\template\\index.php')
 3 SYSTEMPATH\View\View.php(229): CodeIgniter\View\View->CodeIgniter\View\{closure}()
 4 SYSTEMPATH\Common.php(1188): CodeIgniter\View\View->render('Frontend/template/index', [], true)
 5 APPPATH\Controllers\Home.php(56): view('Frontend/template/index', [...])
 6 SYSTEMPATH\CodeIgniter.php(919): App\Controllers\Home->home()
 7 SYSTEMPATH\CodeIgniter.php(494): CodeIgniter\CodeIgniter->runController(Object(App\Controllers\Home))
 8 SYSTEMPATH\CodeIgniter.php(353): CodeIgniter\CodeIgniter->handleRequest(null, Object(Config\Cache), false)
 9 FCPATH\index.php(79): CodeIgniter\CodeIgniter->run()
10 SYSTEMPATH\Commands\Server\rewrite.php(47): require_once('D:\\New folder\\My Folder\\e-absensi\\public\\index.php')
CRITICAL - 2025-06-02 00:46:01 --> Undefined array key "keterangan_absen"
in APPPATH\Views\Frontend\template\index.php on line 46.
 1 APPPATH\Views\Frontend\template\index.php(46): CodeIgniter\Debug\Exceptions->errorHandler(2, 'Undefined array key "keterangan_absen"', 'D:\\New folder\\My Folder\\e-absensi\\app\\Views\\Frontend\\template\\index.php', 46)
 2 SYSTEMPATH\View\View.php(226): include('D:\\New folder\\My Folder\\e-absensi\\app\\Views\\Frontend\\template\\index.php')
 3 SYSTEMPATH\View\View.php(229): CodeIgniter\View\View->CodeIgniter\View\{closure}()
 4 SYSTEMPATH\Common.php(1188): CodeIgniter\View\View->render('Frontend/template/index', [], true)
 5 APPPATH\Controllers\Home.php(56): view('Frontend/template/index', [...])
 6 SYSTEMPATH\CodeIgniter.php(919): App\Controllers\Home->home()
 7 SYSTEMPATH\CodeIgniter.php(494): CodeIgniter\CodeIgniter->runController(Object(App\Controllers\Home))
 8 SYSTEMPATH\CodeIgniter.php(353): CodeIgniter\CodeIgniter->handleRequest(null, Object(Config\Cache), false)
 9 FCPATH\index.php(79): CodeIgniter\CodeIgniter->run()
10 SYSTEMPATH\Commands\Server\rewrite.php(47): require_once('D:\\New folder\\My Folder\\e-absensi\\public\\index.php')
CRITICAL - 2025-06-02 01:54:40 --> Trying to access array offset on value of type null
in APPPATH\Controllers\Home.php on line 77.
 1 APPPATH\Controllers\Home.php(77): CodeIgniter\Debug\Exceptions->errorHandler(2, 'Trying to access array offset on value of type null', 'D:\\New folder\\My Folder\\e-absensi\\app\\Controllers\\Home.php', 77)
 2 SYSTEMPATH\CodeIgniter.php(919): App\Controllers\Home->detail_absen_karyawan('68397935c6e02a74912954a02ac6aa32644c7268', 'c8d04e0b7d29ef35320bfb9fd0ef6db342ab8304')
 3 SYSTEMPATH\CodeIgniter.php(494): CodeIgniter\CodeIgniter->runController(Object(App\Controllers\Home))
 4 SYSTEMPATH\CodeIgniter.php(353): CodeIgniter\CodeIgniter->handleRequest(null, Object(Config\Cache), false)
 5 FCPATH\index.php(79): CodeIgniter\CodeIgniter->run()
 6 SYSTEMPATH\Commands\Server\rewrite.php(47): require_once('D:\\New folder\\My Folder\\e-absensi\\public\\index.php')
CRITICAL - 2025-06-02 01:56:21 --> Undefined variable $menu
in APPPATH\Views\Frontend\template\bottom-menu.php on line 3.
 1 APPPATH\Views\Frontend\template\bottom-menu.php(3): CodeIgniter\Debug\Exceptions->errorHandler(2, 'Undefined variable $menu', 'D:\\New folder\\My Folder\\e-absensi\\app\\Views\\Frontend\\template\\bottom-menu.php', 3)
 2 SYSTEMPATH\View\View.php(226): include('D:\\New folder\\My Folder\\e-absensi\\app\\Views\\Frontend\\template\\bottom-menu.php')
 3 SYSTEMPATH\View\View.php(229): CodeIgniter\View\View->CodeIgniter\View\{closure}()
 4 SYSTEMPATH\Common.php(1188): CodeIgniter\View\View->render('Frontend/template/bottom-menu', [], true)
 5 APPPATH\Controllers\Home.php(101): view('Frontend/template/bottom-menu', [...])
 6 SYSTEMPATH\CodeIgniter.php(919): App\Controllers\Home->detail_absen_karyawan('38e89bcf8e0cb134e7028e05221210ff18c66b4f', 'c8d04e0b7d29ef35320bfb9fd0ef6db342ab8304')
 7 SYSTEMPATH\CodeIgniter.php(494): CodeIgniter\CodeIgniter->runController(Object(App\Controllers\Home))
 8 SYSTEMPATH\CodeIgniter.php(353): CodeIgniter\CodeIgniter->handleRequest(null, Object(Config\Cache), false)
 9 FCPATH\index.php(79): CodeIgniter\CodeIgniter->run()
10 SYSTEMPATH\Commands\Server\rewrite.php(47): require_once('D:\\New folder\\My Folder\\e-absensi\\public\\index.php')
CRITICAL - 2025-06-02 01:57:29 --> Trying to access array offset on value of type null
in APPPATH\Controllers\Home.php on line 77.
 1 APPPATH\Controllers\Home.php(77): CodeIgniter\Debug\Exceptions->errorHandler(2, 'Trying to access array offset on value of type null', 'D:\\New folder\\My Folder\\e-absensi\\app\\Controllers\\Home.php', 77)
 2 SYSTEMPATH\CodeIgniter.php(919): App\Controllers\Home->detail_absen_karyawan('68397935c6e02a74912954a02ac6aa32644c7268', 'c8d04e0b7d29ef35320bfb9fd0ef6db342ab8304')
 3 SYSTEMPATH\CodeIgniter.php(494): CodeIgniter\CodeIgniter->runController(Object(App\Controllers\Home))
 4 SYSTEMPATH\CodeIgniter.php(353): CodeIgniter\CodeIgniter->handleRequest(null, Object(Config\Cache), false)
 5 FCPATH\index.php(79): CodeIgniter\CodeIgniter->run()
 6 SYSTEMPATH\Commands\Server\rewrite.php(47): require_once('D:\\New folder\\My Folder\\e-absensi\\public\\index.php')
CRITICAL - 2025-06-02 02:02:40 --> Trying to access array offset on value of type null
in APPPATH\Controllers\Home.php on line 77.
 1 APPPATH\Controllers\Home.php(77): CodeIgniter\Debug\Exceptions->errorHandler(2, 'Trying to access array offset on value of type null', 'D:\\New folder\\My Folder\\e-absensi\\app\\Controllers\\Home.php', 77)
 2 SYSTEMPATH\CodeIgniter.php(919): App\Controllers\Home->detail_absen_karyawan('68397935c6e02a74912954a02ac6aa32644c7268', 'c8d04e0b7d29ef35320bfb9fd0ef6db342ab8304')
 3 SYSTEMPATH\CodeIgniter.php(494): CodeIgniter\CodeIgniter->runController(Object(App\Controllers\Home))
 4 SYSTEMPATH\CodeIgniter.php(353): CodeIgniter\CodeIgniter->handleRequest(null, Object(Config\Cache), false)
 5 FCPATH\index.php(79): CodeIgniter\CodeIgniter->run()
 6 SYSTEMPATH\Commands\Server\rewrite.php(47): require_once('D:\\New folder\\My Folder\\e-absensi\\public\\index.php')
CRITICAL - 2025-06-02 02:26:18 --> Trying to access array offset on value of type null
in APPPATH\Views\Frontend\MasterHistory\detail-absen-karyawan.php on line 39.
 1 APPPATH\Views\Frontend\MasterHistory\detail-absen-karyawan.php(39): CodeIgniter\Debug\Exceptions->errorHandler(2, 'Trying to access array offset on value of type null', 'D:\\New folder\\My Folder\\e-absensi\\app\\Views\\Frontend\\MasterHistory\\detail-absen-karyawan.php', 39)
 2 SYSTEMPATH\View\View.php(226): include('D:\\New folder\\My Folder\\e-absensi\\app\\Views\\Frontend\\MasterHistory\\detail-absen-karyawan.php')
 3 SYSTEMPATH\View\View.php(229): CodeIgniter\View\View->CodeIgniter\View\{closure}()
 4 SYSTEMPATH\Common.php(1188): CodeIgniter\View\View->render('Frontend/MasterHistory/detail-absen-karyawan', [], true)
 5 APPPATH\Controllers\Home.php(100): view('Frontend/MasterHistory/detail-absen-karyawan', [...])
 6 SYSTEMPATH\CodeIgniter.php(919): App\Controllers\Home->detail_absen_karyawan('38e89bcf8e0cb134e7028e05221210ff18c66b4f', 'c8d04e0b7d29ef35320bfb9fd0ef6db342ab8304')
 7 SYSTEMPATH\CodeIgniter.php(494): CodeIgniter\CodeIgniter->runController(Object(App\Controllers\Home))
 8 SYSTEMPATH\CodeIgniter.php(353): CodeIgniter\CodeIgniter->handleRequest(null, Object(Config\Cache), false)
 9 FCPATH\index.php(79): CodeIgniter\CodeIgniter->run()
10 SYSTEMPATH\Commands\Server\rewrite.php(47): require_once('D:\\New folder\\My Folder\\e-absensi\\public\\index.php')
CRITICAL - 2025-06-02 02:26:19 --> Trying to access array offset on value of type null
in APPPATH\Views\Frontend\MasterHistory\detail-absen-karyawan.php on line 39.
 1 APPPATH\Views\Frontend\MasterHistory\detail-absen-karyawan.php(39): CodeIgniter\Debug\Exceptions->errorHandler(2, 'Trying to access array offset on value of type null', 'D:\\New folder\\My Folder\\e-absensi\\app\\Views\\Frontend\\MasterHistory\\detail-absen-karyawan.php', 39)
 2 SYSTEMPATH\View\View.php(226): include('D:\\New folder\\My Folder\\e-absensi\\app\\Views\\Frontend\\MasterHistory\\detail-absen-karyawan.php')
 3 SYSTEMPATH\View\View.php(229): CodeIgniter\View\View->CodeIgniter\View\{closure}()
 4 SYSTEMPATH\Common.php(1188): CodeIgniter\View\View->render('Frontend/MasterHistory/detail-absen-karyawan', [], true)
 5 APPPATH\Controllers\Home.php(100): view('Frontend/MasterHistory/detail-absen-karyawan', [...])
 6 SYSTEMPATH\CodeIgniter.php(919): App\Controllers\Home->detail_absen_karyawan('38e89bcf8e0cb134e7028e05221210ff18c66b4f', 'c8d04e0b7d29ef35320bfb9fd0ef6db342ab8304')
 7 SYSTEMPATH\CodeIgniter.php(494): CodeIgniter\CodeIgniter->runController(Object(App\Controllers\Home))
 8 SYSTEMPATH\CodeIgniter.php(353): CodeIgniter\CodeIgniter->handleRequest(null, Object(Config\Cache), false)
 9 FCPATH\index.php(79): CodeIgniter\CodeIgniter->run()
10 SYSTEMPATH\Commands\Server\rewrite.php(47): require_once('D:\\New folder\\My Folder\\e-absensi\\public\\index.php')
CRITICAL - 2025-06-02 02:28:26 --> Trying to access array offset on value of type null
in APPPATH\Views\Frontend\MasterHistory\detail-absen-karyawan.php on line 39.
 1 APPPATH\Views\Frontend\MasterHistory\detail-absen-karyawan.php(39): CodeIgniter\Debug\Exceptions->errorHandler(2, 'Trying to access array offset on value of type null', 'D:\\New folder\\My Folder\\e-absensi\\app\\Views\\Frontend\\MasterHistory\\detail-absen-karyawan.php', 39)
 2 SYSTEMPATH\View\View.php(226): include('D:\\New folder\\My Folder\\e-absensi\\app\\Views\\Frontend\\MasterHistory\\detail-absen-karyawan.php')
 3 SYSTEMPATH\View\View.php(229): CodeIgniter\View\View->CodeIgniter\View\{closure}()
 4 SYSTEMPATH\Common.php(1188): CodeIgniter\View\View->render('Frontend/MasterHistory/detail-absen-karyawan', [], true)
 5 APPPATH\Controllers\Home.php(100): view('Frontend/MasterHistory/detail-absen-karyawan', [...])
 6 SYSTEMPATH\CodeIgniter.php(919): App\Controllers\Home->detail_absen_karyawan('38e89bcf8e0cb134e7028e05221210ff18c66b4f', 'c8d04e0b7d29ef35320bfb9fd0ef6db342ab8304')
 7 SYSTEMPATH\CodeIgniter.php(494): CodeIgniter\CodeIgniter->runController(Object(App\Controllers\Home))
 8 SYSTEMPATH\CodeIgniter.php(353): CodeIgniter\CodeIgniter->handleRequest(null, Object(Config\Cache), false)
 9 FCPATH\index.php(79): CodeIgniter\CodeIgniter->run()
10 SYSTEMPATH\Commands\Server\rewrite.php(47): require_once('D:\\New folder\\My Folder\\e-absensi\\public\\index.php')
CRITICAL - 2025-06-02 02:28:48 --> Trying to access array offset on value of type null
in APPPATH\Views\Frontend\MasterHistory\detail-absen-karyawan.php on line 39.
 1 APPPATH\Views\Frontend\MasterHistory\detail-absen-karyawan.php(39): CodeIgniter\Debug\Exceptions->errorHandler(2, 'Trying to access array offset on value of type null', 'D:\\New folder\\My Folder\\e-absensi\\app\\Views\\Frontend\\MasterHistory\\detail-absen-karyawan.php', 39)
 2 SYSTEMPATH\View\View.php(226): include('D:\\New folder\\My Folder\\e-absensi\\app\\Views\\Frontend\\MasterHistory\\detail-absen-karyawan.php')
 3 SYSTEMPATH\View\View.php(229): CodeIgniter\View\View->CodeIgniter\View\{closure}()
 4 SYSTEMPATH\Common.php(1188): CodeIgniter\View\View->render('Frontend/MasterHistory/detail-absen-karyawan', [], true)
 5 APPPATH\Controllers\Home.php(100): view('Frontend/MasterHistory/detail-absen-karyawan', [...])
 6 SYSTEMPATH\CodeIgniter.php(919): App\Controllers\Home->detail_absen_karyawan('38e89bcf8e0cb134e7028e05221210ff18c66b4f', 'c8d04e0b7d29ef35320bfb9fd0ef6db342ab8304')
 7 SYSTEMPATH\CodeIgniter.php(494): CodeIgniter\CodeIgniter->runController(Object(App\Controllers\Home))
 8 SYSTEMPATH\CodeIgniter.php(353): CodeIgniter\CodeIgniter->handleRequest(null, Object(Config\Cache), false)
 9 FCPATH\index.php(79): CodeIgniter\CodeIgniter->run()
10 SYSTEMPATH\Commands\Server\rewrite.php(47): require_once('D:\\New folder\\My Folder\\e-absensi\\public\\index.php')
CRITICAL - 2025-06-02 02:28:48 --> Trying to access array offset on value of type null
in APPPATH\Views\Frontend\MasterHistory\detail-absen-karyawan.php on line 39.
 1 APPPATH\Views\Frontend\MasterHistory\detail-absen-karyawan.php(39): CodeIgniter\Debug\Exceptions->errorHandler(2, 'Trying to access array offset on value of type null', 'D:\\New folder\\My Folder\\e-absensi\\app\\Views\\Frontend\\MasterHistory\\detail-absen-karyawan.php', 39)
 2 SYSTEMPATH\View\View.php(226): include('D:\\New folder\\My Folder\\e-absensi\\app\\Views\\Frontend\\MasterHistory\\detail-absen-karyawan.php')
 3 SYSTEMPATH\View\View.php(229): CodeIgniter\View\View->CodeIgniter\View\{closure}()
 4 SYSTEMPATH\Common.php(1188): CodeIgniter\View\View->render('Frontend/MasterHistory/detail-absen-karyawan', [], true)
 5 APPPATH\Controllers\Home.php(100): view('Frontend/MasterHistory/detail-absen-karyawan', [...])
 6 SYSTEMPATH\CodeIgniter.php(919): App\Controllers\Home->detail_absen_karyawan('38e89bcf8e0cb134e7028e05221210ff18c66b4f', 'c8d04e0b7d29ef35320bfb9fd0ef6db342ab8304')
 7 SYSTEMPATH\CodeIgniter.php(494): CodeIgniter\CodeIgniter->runController(Object(App\Controllers\Home))
 8 SYSTEMPATH\CodeIgniter.php(353): CodeIgniter\CodeIgniter->handleRequest(null, Object(Config\Cache), false)
 9 FCPATH\index.php(79): CodeIgniter\CodeIgniter->run()
10 SYSTEMPATH\Commands\Server\rewrite.php(47): require_once('D:\\New folder\\My Folder\\e-absensi\\public\\index.php')
CRITICAL - 2025-06-02 02:29:08 --> Undefined array key "keterangan_masuk"
in APPPATH\Views\Frontend\MasterHistory\detail-absen-karyawan.php on line 39.
 1 APPPATH\Views\Frontend\MasterHistory\detail-absen-karyawan.php(39): CodeIgniter\Debug\Exceptions->errorHandler(2, 'Undefined array key "keterangan_masuk"', 'D:\\New folder\\My Folder\\e-absensi\\app\\Views\\Frontend\\MasterHistory\\detail-absen-karyawan.php', 39)
 2 SYSTEMPATH\View\View.php(226): include('D:\\New folder\\My Folder\\e-absensi\\app\\Views\\Frontend\\MasterHistory\\detail-absen-karyawan.php')
 3 SYSTEMPATH\View\View.php(229): CodeIgniter\View\View->CodeIgniter\View\{closure}()
 4 SYSTEMPATH\Common.php(1188): CodeIgniter\View\View->render('Frontend/MasterHistory/detail-absen-karyawan', [], true)
 5 APPPATH\Controllers\Home.php(100): view('Frontend/MasterHistory/detail-absen-karyawan', [...])
 6 SYSTEMPATH\CodeIgniter.php(919): App\Controllers\Home->detail_absen_karyawan('38e89bcf8e0cb134e7028e05221210ff18c66b4f', 'c8d04e0b7d29ef35320bfb9fd0ef6db342ab8304')
 7 SYSTEMPATH\CodeIgniter.php(494): CodeIgniter\CodeIgniter->runController(Object(App\Controllers\Home))
 8 SYSTEMPATH\CodeIgniter.php(353): CodeIgniter\CodeIgniter->handleRequest(null, Object(Config\Cache), false)
 9 FCPATH\index.php(79): CodeIgniter\CodeIgniter->run()
10 SYSTEMPATH\Commands\Server\rewrite.php(47): require_once('D:\\New folder\\My Folder\\e-absensi\\public\\index.php')
CRITICAL - 2025-06-02 02:29:09 --> Undefined array key "keterangan_masuk"
in APPPATH\Views\Frontend\MasterHistory\detail-absen-karyawan.php on line 39.
 1 APPPATH\Views\Frontend\MasterHistory\detail-absen-karyawan.php(39): CodeIgniter\Debug\Exceptions->errorHandler(2, 'Undefined array key "keterangan_masuk"', 'D:\\New folder\\My Folder\\e-absensi\\app\\Views\\Frontend\\MasterHistory\\detail-absen-karyawan.php', 39)
 2 SYSTEMPATH\View\View.php(226): include('D:\\New folder\\My Folder\\e-absensi\\app\\Views\\Frontend\\MasterHistory\\detail-absen-karyawan.php')
 3 SYSTEMPATH\View\View.php(229): CodeIgniter\View\View->CodeIgniter\View\{closure}()
 4 SYSTEMPATH\Common.php(1188): CodeIgniter\View\View->render('Frontend/MasterHistory/detail-absen-karyawan', [], true)
 5 APPPATH\Controllers\Home.php(100): view('Frontend/MasterHistory/detail-absen-karyawan', [...])
 6 SYSTEMPATH\CodeIgniter.php(919): App\Controllers\Home->detail_absen_karyawan('38e89bcf8e0cb134e7028e05221210ff18c66b4f', 'c8d04e0b7d29ef35320bfb9fd0ef6db342ab8304')
 7 SYSTEMPATH\CodeIgniter.php(494): CodeIgniter\CodeIgniter->runController(Object(App\Controllers\Home))
 8 SYSTEMPATH\CodeIgniter.php(353): CodeIgniter\CodeIgniter->handleRequest(null, Object(Config\Cache), false)
 9 FCPATH\index.php(79): CodeIgniter\CodeIgniter->run()
10 SYSTEMPATH\Commands\Server\rewrite.php(47): require_once('D:\\New folder\\My Folder\\e-absensi\\public\\index.php')
CRITICAL - 2025-06-02 02:29:12 --> Undefined array key "keterangan_masuk"
in APPPATH\Views\Frontend\MasterHistory\detail-absen-karyawan.php on line 39.
 1 APPPATH\Views\Frontend\MasterHistory\detail-absen-karyawan.php(39): CodeIgniter\Debug\Exceptions->errorHandler(2, 'Undefined array key "keterangan_masuk"', 'D:\\New folder\\My Folder\\e-absensi\\app\\Views\\Frontend\\MasterHistory\\detail-absen-karyawan.php', 39)
 2 SYSTEMPATH\View\View.php(226): include('D:\\New folder\\My Folder\\e-absensi\\app\\Views\\Frontend\\MasterHistory\\detail-absen-karyawan.php')
 3 SYSTEMPATH\View\View.php(229): CodeIgniter\View\View->CodeIgniter\View\{closure}()
 4 SYSTEMPATH\Common.php(1188): CodeIgniter\View\View->render('Frontend/MasterHistory/detail-absen-karyawan', [], true)
 5 APPPATH\Controllers\Home.php(100): view('Frontend/MasterHistory/detail-absen-karyawan', [...])
 6 SYSTEMPATH\CodeIgniter.php(919): App\Controllers\Home->detail_absen_karyawan('38e89bcf8e0cb134e7028e05221210ff18c66b4f', 'c8d04e0b7d29ef35320bfb9fd0ef6db342ab8304')
 7 SYSTEMPATH\CodeIgniter.php(494): CodeIgniter\CodeIgniter->runController(Object(App\Controllers\Home))
 8 SYSTEMPATH\CodeIgniter.php(353): CodeIgniter\CodeIgniter->handleRequest(null, Object(Config\Cache), false)
 9 FCPATH\index.php(79): CodeIgniter\CodeIgniter->run()
10 SYSTEMPATH\Commands\Server\rewrite.php(47): require_once('D:\\New folder\\My Folder\\e-absensi\\public\\index.php')
CRITICAL - 2025-06-02 02:29:13 --> Undefined array key "keterangan_masuk"
in APPPATH\Views\Frontend\MasterHistory\detail-absen-karyawan.php on line 39.
 1 APPPATH\Views\Frontend\MasterHistory\detail-absen-karyawan.php(39): CodeIgniter\Debug\Exceptions->errorHandler(2, 'Undefined array key "keterangan_masuk"', 'D:\\New folder\\My Folder\\e-absensi\\app\\Views\\Frontend\\MasterHistory\\detail-absen-karyawan.php', 39)
 2 SYSTEMPATH\View\View.php(226): include('D:\\New folder\\My Folder\\e-absensi\\app\\Views\\Frontend\\MasterHistory\\detail-absen-karyawan.php')
 3 SYSTEMPATH\View\View.php(229): CodeIgniter\View\View->CodeIgniter\View\{closure}()
 4 SYSTEMPATH\Common.php(1188): CodeIgniter\View\View->render('Frontend/MasterHistory/detail-absen-karyawan', [], true)
 5 APPPATH\Controllers\Home.php(100): view('Frontend/MasterHistory/detail-absen-karyawan', [...])
 6 SYSTEMPATH\CodeIgniter.php(919): App\Controllers\Home->detail_absen_karyawan('38e89bcf8e0cb134e7028e05221210ff18c66b4f', 'c8d04e0b7d29ef35320bfb9fd0ef6db342ab8304')
 7 SYSTEMPATH\CodeIgniter.php(494): CodeIgniter\CodeIgniter->runController(Object(App\Controllers\Home))
 8 SYSTEMPATH\CodeIgniter.php(353): CodeIgniter\CodeIgniter->handleRequest(null, Object(Config\Cache), false)
 9 FCPATH\index.php(79): CodeIgniter\CodeIgniter->run()
10 SYSTEMPATH\Commands\Server\rewrite.php(47): require_once('D:\\New folder\\My Folder\\e-absensi\\public\\index.php')
CRITICAL - 2025-06-02 02:30:45 --> Array callback must have exactly two elements
in APPPATH\Views\Frontend\template\index.php on line 308.
 1 SYSTEMPATH\View\View.php(226): include()
 2 SYSTEMPATH\View\View.php(229): CodeIgniter\View\View->CodeIgniter\View\{closure}()
 3 SYSTEMPATH\Common.php(1188): CodeIgniter\View\View->render('Frontend/template/index', [], true)
 4 APPPATH\Controllers\Home.php(58): view('Frontend/template/index', [...])
 5 SYSTEMPATH\CodeIgniter.php(919): App\Controllers\Home->home()
 6 SYSTEMPATH\CodeIgniter.php(494): CodeIgniter\CodeIgniter->runController(Object(App\Controllers\Home))
 7 SYSTEMPATH\CodeIgniter.php(353): CodeIgniter\CodeIgniter->handleRequest(null, Object(Config\Cache), false)
 8 FCPATH\index.php(79): CodeIgniter\CodeIgniter->run()
 9 SYSTEMPATH\Commands\Server\rewrite.php(47): require_once('D:\\New folder\\My Folder\\e-absensi\\public\\index.php')
CRITICAL - 2025-06-02 02:30:46 --> Array callback must have exactly two elements
in APPPATH\Views\Frontend\template\index.php on line 308.
 1 SYSTEMPATH\View\View.php(226): include()
 2 SYSTEMPATH\View\View.php(229): CodeIgniter\View\View->CodeIgniter\View\{closure}()
 3 SYSTEMPATH\Common.php(1188): CodeIgniter\View\View->render('Frontend/template/index', [], true)
 4 APPPATH\Controllers\Home.php(58): view('Frontend/template/index', [...])
 5 SYSTEMPATH\CodeIgniter.php(919): App\Controllers\Home->home()
 6 SYSTEMPATH\CodeIgniter.php(494): CodeIgniter\CodeIgniter->runController(Object(App\Controllers\Home))
 7 SYSTEMPATH\CodeIgniter.php(353): CodeIgniter\CodeIgniter->handleRequest(null, Object(Config\Cache), false)
 8 FCPATH\index.php(79): CodeIgniter\CodeIgniter->run()
 9 SYSTEMPATH\Commands\Server\rewrite.php(47): require_once('D:\\New folder\\My Folder\\e-absensi\\public\\index.php')
CRITICAL - 2025-06-02 02:31:24 --> Undefined array key "keterangan_masuk"
in APPPATH\Views\Frontend\MasterHistory\detail-absen-karyawan.php on line 39.
 1 APPPATH\Views\Frontend\MasterHistory\detail-absen-karyawan.php(39): CodeIgniter\Debug\Exceptions->errorHandler(2, 'Undefined array key "keterangan_masuk"', 'D:\\New folder\\My Folder\\e-absensi\\app\\Views\\Frontend\\MasterHistory\\detail-absen-karyawan.php', 39)
 2 SYSTEMPATH\View\View.php(226): include('D:\\New folder\\My Folder\\e-absensi\\app\\Views\\Frontend\\MasterHistory\\detail-absen-karyawan.php')
 3 SYSTEMPATH\View\View.php(229): CodeIgniter\View\View->CodeIgniter\View\{closure}()
 4 SYSTEMPATH\Common.php(1188): CodeIgniter\View\View->render('Frontend/MasterHistory/detail-absen-karyawan', [], true)
 5 APPPATH\Controllers\Home.php(100): view('Frontend/MasterHistory/detail-absen-karyawan', [...])
 6 SYSTEMPATH\CodeIgniter.php(919): App\Controllers\Home->detail_absen_karyawan('68397935c6e02a74912954a02ac6aa32644c7268', 'c8d04e0b7d29ef35320bfb9fd0ef6db342ab8304')
 7 SYSTEMPATH\CodeIgniter.php(494): CodeIgniter\CodeIgniter->runController(Object(App\Controllers\Home))
 8 SYSTEMPATH\CodeIgniter.php(353): CodeIgniter\CodeIgniter->handleRequest(null, Object(Config\Cache), false)
 9 FCPATH\index.php(79): CodeIgniter\CodeIgniter->run()
10 SYSTEMPATH\Commands\Server\rewrite.php(47): require_once('D:\\New folder\\My Folder\\e-absensi\\public\\index.php')
CRITICAL - 2025-06-02 02:32:52 --> Trying to access array offset on value of type null
in APPPATH\Views\Frontend\MasterHistory\detail-absen-karyawan.php on line 39.
 1 APPPATH\Views\Frontend\MasterHistory\detail-absen-karyawan.php(39): CodeIgniter\Debug\Exceptions->errorHandler(2, 'Trying to access array offset on value of type null', 'D:\\New folder\\My Folder\\e-absensi\\app\\Views\\Frontend\\MasterHistory\\detail-absen-karyawan.php', 39)
 2 SYSTEMPATH\View\View.php(226): include('D:\\New folder\\My Folder\\e-absensi\\app\\Views\\Frontend\\MasterHistory\\detail-absen-karyawan.php')
 3 SYSTEMPATH\View\View.php(229): CodeIgniter\View\View->CodeIgniter\View\{closure}()
 4 SYSTEMPATH\Common.php(1188): CodeIgniter\View\View->render('Frontend/MasterHistory/detail-absen-karyawan', [], true)
 5 APPPATH\Controllers\Home.php(100): view('Frontend/MasterHistory/detail-absen-karyawan', [...])
 6 SYSTEMPATH\CodeIgniter.php(919): App\Controllers\Home->detail_absen_karyawan('68397935c6e02a74912954a02ac6aa32644c7268', 'c8d04e0b7d29ef35320bfb9fd0ef6db342ab8304')
 7 SYSTEMPATH\CodeIgniter.php(494): CodeIgniter\CodeIgniter->runController(Object(App\Controllers\Home))
 8 SYSTEMPATH\CodeIgniter.php(353): CodeIgniter\CodeIgniter->handleRequest(null, Object(Config\Cache), false)
 9 FCPATH\index.php(79): CodeIgniter\CodeIgniter->run()
10 SYSTEMPATH\Commands\Server\rewrite.php(47): require_once('D:\\New folder\\My Folder\\e-absensi\\public\\index.php')
CRITICAL - 2025-06-02 02:32:52 --> Trying to access array offset on value of type null
in APPPATH\Views\Frontend\MasterHistory\detail-absen-karyawan.php on line 39.
 1 APPPATH\Views\Frontend\MasterHistory\detail-absen-karyawan.php(39): CodeIgniter\Debug\Exceptions->errorHandler(2, 'Trying to access array offset on value of type null', 'D:\\New folder\\My Folder\\e-absensi\\app\\Views\\Frontend\\MasterHistory\\detail-absen-karyawan.php', 39)
 2 SYSTEMPATH\View\View.php(226): include('D:\\New folder\\My Folder\\e-absensi\\app\\Views\\Frontend\\MasterHistory\\detail-absen-karyawan.php')
 3 SYSTEMPATH\View\View.php(229): CodeIgniter\View\View->CodeIgniter\View\{closure}()
 4 SYSTEMPATH\Common.php(1188): CodeIgniter\View\View->render('Frontend/MasterHistory/detail-absen-karyawan', [], true)
 5 APPPATH\Controllers\Home.php(100): view('Frontend/MasterHistory/detail-absen-karyawan', [...])
 6 SYSTEMPATH\CodeIgniter.php(919): App\Controllers\Home->detail_absen_karyawan('68397935c6e02a74912954a02ac6aa32644c7268', 'c8d04e0b7d29ef35320bfb9fd0ef6db342ab8304')
 7 SYSTEMPATH\CodeIgniter.php(494): CodeIgniter\CodeIgniter->runController(Object(App\Controllers\Home))
 8 SYSTEMPATH\CodeIgniter.php(353): CodeIgniter\CodeIgniter->handleRequest(null, Object(Config\Cache), false)
 9 FCPATH\index.php(79): CodeIgniter\CodeIgniter->run()
10 SYSTEMPATH\Commands\Server\rewrite.php(47): require_once('D:\\New folder\\My Folder\\e-absensi\\public\\index.php')
CRITICAL - 2025-06-02 02:33:25 --> Trying to access array offset on value of type null
in APPPATH\Views\Frontend\MasterHistory\detail-absen-karyawan.php on line 39.
 1 APPPATH\Views\Frontend\MasterHistory\detail-absen-karyawan.php(39): CodeIgniter\Debug\Exceptions->errorHandler(2, 'Trying to access array offset on value of type null', 'D:\\New folder\\My Folder\\e-absensi\\app\\Views\\Frontend\\MasterHistory\\detail-absen-karyawan.php', 39)
 2 SYSTEMPATH\View\View.php(226): include('D:\\New folder\\My Folder\\e-absensi\\app\\Views\\Frontend\\MasterHistory\\detail-absen-karyawan.php')
 3 SYSTEMPATH\View\View.php(229): CodeIgniter\View\View->CodeIgniter\View\{closure}()
 4 SYSTEMPATH\Common.php(1188): CodeIgniter\View\View->render('Frontend/MasterHistory/detail-absen-karyawan', [], true)
 5 APPPATH\Controllers\Home.php(100): view('Frontend/MasterHistory/detail-absen-karyawan', [...])
 6 SYSTEMPATH\CodeIgniter.php(919): App\Controllers\Home->detail_absen_karyawan('68397935c6e02a74912954a02ac6aa32644c7268', 'c8d04e0b7d29ef35320bfb9fd0ef6db342ab8304')
 7 SYSTEMPATH\CodeIgniter.php(494): CodeIgniter\CodeIgniter->runController(Object(App\Controllers\Home))
 8 SYSTEMPATH\CodeIgniter.php(353): CodeIgniter\CodeIgniter->handleRequest(null, Object(Config\Cache), false)
 9 FCPATH\index.php(79): CodeIgniter\CodeIgniter->run()
10 SYSTEMPATH\Commands\Server\rewrite.php(47): require_once('D:\\New folder\\My Folder\\e-absensi\\public\\index.php')
CRITICAL - 2025-06-02 02:33:25 --> Trying to access array offset on value of type null
in APPPATH\Views\Frontend\MasterHistory\detail-absen-karyawan.php on line 39.
 1 APPPATH\Views\Frontend\MasterHistory\detail-absen-karyawan.php(39): CodeIgniter\Debug\Exceptions->errorHandler(2, 'Trying to access array offset on value of type null', 'D:\\New folder\\My Folder\\e-absensi\\app\\Views\\Frontend\\MasterHistory\\detail-absen-karyawan.php', 39)
 2 SYSTEMPATH\View\View.php(226): include('D:\\New folder\\My Folder\\e-absensi\\app\\Views\\Frontend\\MasterHistory\\detail-absen-karyawan.php')
 3 SYSTEMPATH\View\View.php(229): CodeIgniter\View\View->CodeIgniter\View\{closure}()
 4 SYSTEMPATH\Common.php(1188): CodeIgniter\View\View->render('Frontend/MasterHistory/detail-absen-karyawan', [], true)
 5 APPPATH\Controllers\Home.php(100): view('Frontend/MasterHistory/detail-absen-karyawan', [...])
 6 SYSTEMPATH\CodeIgniter.php(919): App\Controllers\Home->detail_absen_karyawan('68397935c6e02a74912954a02ac6aa32644c7268', 'c8d04e0b7d29ef35320bfb9fd0ef6db342ab8304')
 7 SYSTEMPATH\CodeIgniter.php(494): CodeIgniter\CodeIgniter->runController(Object(App\Controllers\Home))
 8 SYSTEMPATH\CodeIgniter.php(353): CodeIgniter\CodeIgniter->handleRequest(null, Object(Config\Cache), false)
 9 FCPATH\index.php(79): CodeIgniter\CodeIgniter->run()
10 SYSTEMPATH\Commands\Server\rewrite.php(47): require_once('D:\\New folder\\My Folder\\e-absensi\\public\\index.php')
CRITICAL - 2025-06-02 02:35:11 --> syntax error, unexpected variable "$modelAbsen"
in APPPATH\Controllers\Home.php on line 71.
 1 SYSTEMPATH\Autoloader\Autoloader.php(285): CodeIgniter\Autoloader\Autoloader->includeFile('D:\\New folder\\My Folder\\e-absensi\\app\\Controllers\\Home.php')
 2 SYSTEMPATH\Autoloader\Autoloader.php(263): CodeIgniter\Autoloader\Autoloader->loadInNamespace('App\\Controllers\\Home')
 3 [internal function]: CodeIgniter\Autoloader\Autoloader->loadClass('App\\Controllers\\Home')
 4 SYSTEMPATH\CodeIgniter.php(877): class_exists('\\App\\Controllers\\Home', true)
 5 SYSTEMPATH\CodeIgniter.php(481): CodeIgniter\CodeIgniter->startController()
 6 SYSTEMPATH\CodeIgniter.php(353): CodeIgniter\CodeIgniter->handleRequest(null, Object(Config\Cache), false)
 7 FCPATH\index.php(79): CodeIgniter\CodeIgniter->run()
 8 SYSTEMPATH\Commands\Server\rewrite.php(47): require_once('D:\\New folder\\My Folder\\e-absensi\\public\\index.php')
CRITICAL - 2025-06-02 02:35:12 --> syntax error, unexpected variable "$modelAbsen"
in APPPATH\Controllers\Home.php on line 71.
 1 SYSTEMPATH\Autoloader\Autoloader.php(285): CodeIgniter\Autoloader\Autoloader->includeFile('D:\\New folder\\My Folder\\e-absensi\\app\\Controllers\\Home.php')
 2 SYSTEMPATH\Autoloader\Autoloader.php(263): CodeIgniter\Autoloader\Autoloader->loadInNamespace('App\\Controllers\\Home')
 3 [internal function]: CodeIgniter\Autoloader\Autoloader->loadClass('App\\Controllers\\Home')
 4 SYSTEMPATH\CodeIgniter.php(877): class_exists('\\App\\Controllers\\Home', true)
 5 SYSTEMPATH\CodeIgniter.php(481): CodeIgniter\CodeIgniter->startController()
 6 SYSTEMPATH\CodeIgniter.php(353): CodeIgniter\CodeIgniter->handleRequest(null, Object(Config\Cache), false)
 7 FCPATH\index.php(79): CodeIgniter\CodeIgniter->run()
 8 SYSTEMPATH\Commands\Server\rewrite.php(47): require_once('D:\\New folder\\My Folder\\e-absensi\\public\\index.php')
CRITICAL - 2025-06-02 02:36:10 --> Trying to access array offset on value of type null
in APPPATH\Views\Frontend\MasterHistory\detail-absen-karyawan.php on line 39.
 1 APPPATH\Views\Frontend\MasterHistory\detail-absen-karyawan.php(39): CodeIgniter\Debug\Exceptions->errorHandler(2, 'Trying to access array offset on value of type null', 'D:\\New folder\\My Folder\\e-absensi\\app\\Views\\Frontend\\MasterHistory\\detail-absen-karyawan.php', 39)
 2 SYSTEMPATH\View\View.php(226): include('D:\\New folder\\My Folder\\e-absensi\\app\\Views\\Frontend\\MasterHistory\\detail-absen-karyawan.php')
 3 SYSTEMPATH\View\View.php(229): CodeIgniter\View\View->CodeIgniter\View\{closure}()
 4 SYSTEMPATH\Common.php(1188): CodeIgniter\View\View->render('Frontend/MasterHistory/detail-absen-karyawan', [], true)
 5 APPPATH\Controllers\Home.php(101): view('Frontend/MasterHistory/detail-absen-karyawan', [...])
 6 SYSTEMPATH\CodeIgniter.php(919): App\Controllers\Home->detail_absen_karyawan('68397935c6e02a74912954a02ac6aa32644c7268', 'c8d04e0b7d29ef35320bfb9fd0ef6db342ab8304')
 7 SYSTEMPATH\CodeIgniter.php(494): CodeIgniter\CodeIgniter->runController(Object(App\Controllers\Home))
 8 SYSTEMPATH\CodeIgniter.php(353): CodeIgniter\CodeIgniter->handleRequest(null, Object(Config\Cache), false)
 9 FCPATH\index.php(79): CodeIgniter\CodeIgniter->run()
10 SYSTEMPATH\Commands\Server\rewrite.php(47): require_once('D:\\New folder\\My Folder\\e-absensi\\public\\index.php')
CRITICAL - 2025-06-02 02:36:11 --> Trying to access array offset on value of type null
in APPPATH\Views\Frontend\MasterHistory\detail-absen-karyawan.php on line 39.
 1 APPPATH\Views\Frontend\MasterHistory\detail-absen-karyawan.php(39): CodeIgniter\Debug\Exceptions->errorHandler(2, 'Trying to access array offset on value of type null', 'D:\\New folder\\My Folder\\e-absensi\\app\\Views\\Frontend\\MasterHistory\\detail-absen-karyawan.php', 39)
 2 SYSTEMPATH\View\View.php(226): include('D:\\New folder\\My Folder\\e-absensi\\app\\Views\\Frontend\\MasterHistory\\detail-absen-karyawan.php')
 3 SYSTEMPATH\View\View.php(229): CodeIgniter\View\View->CodeIgniter\View\{closure}()
 4 SYSTEMPATH\Common.php(1188): CodeIgniter\View\View->render('Frontend/MasterHistory/detail-absen-karyawan', [], true)
 5 APPPATH\Controllers\Home.php(101): view('Frontend/MasterHistory/detail-absen-karyawan', [...])
 6 SYSTEMPATH\CodeIgniter.php(919): App\Controllers\Home->detail_absen_karyawan('68397935c6e02a74912954a02ac6aa32644c7268', 'c8d04e0b7d29ef35320bfb9fd0ef6db342ab8304')
 7 SYSTEMPATH\CodeIgniter.php(494): CodeIgniter\CodeIgniter->runController(Object(App\Controllers\Home))
 8 SYSTEMPATH\CodeIgniter.php(353): CodeIgniter\CodeIgniter->handleRequest(null, Object(Config\Cache), false)
 9 FCPATH\index.php(79): CodeIgniter\CodeIgniter->run()
10 SYSTEMPATH\Commands\Server\rewrite.php(47): require_once('D:\\New folder\\My Folder\\e-absensi\\public\\index.php')
