CRITICAL - 2025-05-13 13:50:10 --> Undefined variable $data_izin
in APPPATH\Views\Frontend\MasterProfile\profile-karyawan.php on line 17.
 1 APPPATH\Views\Frontend\MasterProfile\profile-karyawan.php(17): CodeIgniter\Debug\Exceptions->errorHandler(2, 'Undefined variable $data_izin', 'D:\\New folder\\My Folder\\e-absensi\\app\\Views\\Frontend\\MasterProfile\\profile-karyawan.php', 17)
 2 SYSTEMPATH\View\View.php(226): include('D:\\New folder\\My Folder\\e-absensi\\app\\Views\\Frontend\\MasterProfile\\profile-karyawan.php')
 3 SYSTEMPATH\View\View.php(229): CodeIgniter\View\View->CodeIgniter\View\{closure}()
 4 SYSTEMPATH\Common.php(1188): CodeIgniter\View\View->render('Frontend/MasterProfile/profile-karyawan', [], true)
 5 APPPATH\Controllers\Profile.php(18): view('Frontend/MasterProfile/profile-karyawan', [...])
 6 SYSTEMPATH\CodeIgniter.php(919): App\Controllers\Profile->profile()
 7 SYSTEMPATH\CodeIgniter.php(494): CodeIgniter\CodeIgniter->runController(Object(App\Controllers\Profile))
 8 SYSTEMPATH\CodeIgniter.php(353): CodeIgniter\CodeIgniter->handleRequest(null, Object(Config\Cache), false)
 9 FCPATH\index.php(79): CodeIgniter\CodeIgniter->run()
10 SYSTEMPATH\Commands\Server\rewrite.php(47): require_once('D:\\New folder\\My Folder\\e-absensi\\public\\index.php')
CRITICAL - 2025-05-13 13:50:10 --> Undefined variable $data_izin
in APPPATH\Views\Frontend\MasterProfile\profile-karyawan.php on line 17.
 1 APPPATH\Views\Frontend\MasterProfile\profile-karyawan.php(17): CodeIgniter\Debug\Exceptions->errorHandler(2, 'Undefined variable $data_izin', 'D:\\New folder\\My Folder\\e-absensi\\app\\Views\\Frontend\\MasterProfile\\profile-karyawan.php', 17)
 2 SYSTEMPATH\View\View.php(226): include('D:\\New folder\\My Folder\\e-absensi\\app\\Views\\Frontend\\MasterProfile\\profile-karyawan.php')
 3 SYSTEMPATH\View\View.php(229): CodeIgniter\View\View->CodeIgniter\View\{closure}()
 4 SYSTEMPATH\Common.php(1188): CodeIgniter\View\View->render('Frontend/MasterProfile/profile-karyawan', [], true)
 5 APPPATH\Controllers\Profile.php(18): view('Frontend/MasterProfile/profile-karyawan', [...])
 6 SYSTEMPATH\CodeIgniter.php(919): App\Controllers\Profile->profile()
 7 SYSTEMPATH\CodeIgniter.php(494): CodeIgniter\CodeIgniter->runController(Object(App\Controllers\Profile))
 8 SYSTEMPATH\CodeIgniter.php(353): CodeIgniter\CodeIgniter->handleRequest(null, Object(Config\Cache), false)
 9 FCPATH\index.php(79): CodeIgniter\CodeIgniter->run()
10 SYSTEMPATH\Commands\Server\rewrite.php(47): require_once('D:\\New folder\\My Folder\\e-absensi\\public\\index.php')
CRITICAL - 2025-05-13 16:16:37 --> Could not move file "php7320.tmp" to "Assets/img/karyawan/". Reason: 
in SYSTEMPATH\HTTP\Files\UploadedFile.php on line 158.
 1 SYSTEMPATH\HTTP\Files\UploadedFile.php(158): CodeIgniter\HTTP\Exceptions\HTTPException::forMoveFailed('php7320.tmp', 'Assets/img/karyawan/', '')
 2 APPPATH\Controllers\Profile.php(57): CodeIgniter\HTTP\Files\UploadedFile->move('Assets/img/karyawan/', '', true)
 3 SYSTEMPATH\CodeIgniter.php(919): App\Controllers\Profile->simpan_profile()
 4 SYSTEMPATH\CodeIgniter.php(494): CodeIgniter\CodeIgniter->runController(Object(App\Controllers\Profile))
 5 SYSTEMPATH\CodeIgniter.php(353): CodeIgniter\CodeIgniter->handleRequest(null, Object(Config\Cache), false)
 6 FCPATH\index.php(79): CodeIgniter\CodeIgniter->run()
 7 SYSTEMPATH\Commands\Server\rewrite.php(47): require_once('D:\\New folder\\My Folder\\e-absensi\\public\\index.php')
CRITICAL - 2025-05-13 16:32:34 --> Undefined array key "success"
in APPPATH\Views\Frontend\MasterProfile\profile-karyawan.php on line 149.
 1 APPPATH\Views\Frontend\MasterProfile\profile-karyawan.php(149): CodeIgniter\Debug\Exceptions->errorHandler(2, 'Undefined array key "success"', 'D:\\New folder\\My Folder\\e-absensi\\app\\Views\\Frontend\\MasterProfile\\profile-karyawan.php', 149)
 2 SYSTEMPATH\View\View.php(226): include('D:\\New folder\\My Folder\\e-absensi\\app\\Views\\Frontend\\MasterProfile\\profile-karyawan.php')
 3 SYSTEMPATH\View\View.php(229): CodeIgniter\View\View->CodeIgniter\View\{closure}()
 4 SYSTEMPATH\Common.php(1188): CodeIgniter\View\View->render('Frontend/MasterProfile/profile-karyawan', [], true)
 5 APPPATH\Controllers\Profile.php(23): view('Frontend/MasterProfile/profile-karyawan', [...])
 6 SYSTEMPATH\CodeIgniter.php(919): App\Controllers\Profile->profile()
 7 SYSTEMPATH\CodeIgniter.php(494): CodeIgniter\CodeIgniter->runController(Object(App\Controllers\Profile))
 8 SYSTEMPATH\CodeIgniter.php(353): CodeIgniter\CodeIgniter->handleRequest(null, Object(Config\Cache), false)
 9 FCPATH\index.php(79): CodeIgniter\CodeIgniter->run()
10 SYSTEMPATH\Commands\Server\rewrite.php(47): require_once('D:\\New folder\\My Folder\\e-absensi\\public\\index.php')
CRITICAL - 2025-05-13 16:32:35 --> Undefined array key "success"
in APPPATH\Views\Frontend\MasterProfile\profile-karyawan.php on line 149.
 1 APPPATH\Views\Frontend\MasterProfile\profile-karyawan.php(149): CodeIgniter\Debug\Exceptions->errorHandler(2, 'Undefined array key "success"', 'D:\\New folder\\My Folder\\e-absensi\\app\\Views\\Frontend\\MasterProfile\\profile-karyawan.php', 149)
 2 SYSTEMPATH\View\View.php(226): include('D:\\New folder\\My Folder\\e-absensi\\app\\Views\\Frontend\\MasterProfile\\profile-karyawan.php')
 3 SYSTEMPATH\View\View.php(229): CodeIgniter\View\View->CodeIgniter\View\{closure}()
 4 SYSTEMPATH\Common.php(1188): CodeIgniter\View\View->render('Frontend/MasterProfile/profile-karyawan', [], true)
 5 APPPATH\Controllers\Profile.php(23): view('Frontend/MasterProfile/profile-karyawan', [...])
 6 SYSTEMPATH\CodeIgniter.php(919): App\Controllers\Profile->profile()
 7 SYSTEMPATH\CodeIgniter.php(494): CodeIgniter\CodeIgniter->runController(Object(App\Controllers\Profile))
 8 SYSTEMPATH\CodeIgniter.php(353): CodeIgniter\CodeIgniter->handleRequest(null, Object(Config\Cache), false)
 9 FCPATH\index.php(79): CodeIgniter\CodeIgniter->run()
10 SYSTEMPATH\Commands\Server\rewrite.php(47): require_once('D:\\New folder\\My Folder\\e-absensi\\public\\index.php')
CRITICAL - 2025-05-13 23:24:32 --> Undefined variable $data_jabatan
in APPPATH\Views\Backend\MasterKaryawan\edit-data-karyawan.php on line 87.
 1 APPPATH\Views\Backend\MasterKaryawan\edit-data-karyawan.php(87): CodeIgniter\Debug\Exceptions->errorHandler(2, 'Undefined variable $data_jabatan', 'D:\\New folder\\My Folder\\e-absensi\\app\\Views\\Backend\\MasterKaryawan\\edit-data-karyawan.php', 87)
 2 SYSTEMPATH\View\View.php(226): include('D:\\New folder\\My Folder\\e-absensi\\app\\Views\\Backend\\MasterKaryawan\\edit-data-karyawan.php')
 3 SYSTEMPATH\View\View.php(229): CodeIgniter\View\View->CodeIgniter\View\{closure}()
 4 SYSTEMPATH\Common.php(1188): CodeIgniter\View\View->render('Backend/MasterKaryawan/edit-data-karyawan', [], true)
 5 APPPATH\Controllers\Jabatan.php(106): view('Backend/MasterKaryawan/edit-data-karyawan', [...])
 6 SYSTEMPATH\CodeIgniter.php(919): App\Controllers\Jabatan->view_karyawan_perjabatan('c8ccb7ca1dc5ae25e900cb87098781f31b24f345')
 7 SYSTEMPATH\CodeIgniter.php(494): CodeIgniter\CodeIgniter->runController(Object(App\Controllers\Jabatan))
 8 SYSTEMPATH\CodeIgniter.php(353): CodeIgniter\CodeIgniter->handleRequest(null, Object(Config\Cache), false)
 9 FCPATH\index.php(79): CodeIgniter\CodeIgniter->run()
10 SYSTEMPATH\Commands\Server\rewrite.php(47): require_once('D:\\New folder\\My Folder\\e-absensi\\public\\index.php')
CRITICAL - 2025-05-13 23:26:13 --> Undefined variable $data_jabatan
in APPPATH\Views\Backend\MasterKaryawan\edit-data-karyawan.php on line 87.
 1 APPPATH\Views\Backend\MasterKaryawan\edit-data-karyawan.php(87): CodeIgniter\Debug\Exceptions->errorHandler(2, 'Undefined variable $data_jabatan', 'D:\\New folder\\My Folder\\e-absensi\\app\\Views\\Backend\\MasterKaryawan\\edit-data-karyawan.php', 87)
 2 SYSTEMPATH\View\View.php(226): include('D:\\New folder\\My Folder\\e-absensi\\app\\Views\\Backend\\MasterKaryawan\\edit-data-karyawan.php')
 3 SYSTEMPATH\View\View.php(229): CodeIgniter\View\View->CodeIgniter\View\{closure}()
 4 SYSTEMPATH\Common.php(1188): CodeIgniter\View\View->render('Backend/MasterKaryawan/edit-data-karyawan', [], true)
 5 APPPATH\Controllers\Jabatan.php(106): view('Backend/MasterKaryawan/edit-data-karyawan', [...])
 6 SYSTEMPATH\CodeIgniter.php(919): App\Controllers\Jabatan->view_karyawan_perjabatan('c8ccb7ca1dc5ae25e900cb87098781f31b24f345')
 7 SYSTEMPATH\CodeIgniter.php(494): CodeIgniter\CodeIgniter->runController(Object(App\Controllers\Jabatan))
 8 SYSTEMPATH\CodeIgniter.php(353): CodeIgniter\CodeIgniter->handleRequest(null, Object(Config\Cache), false)
 9 FCPATH\index.php(79): CodeIgniter\CodeIgniter->run()
10 SYSTEMPATH\Commands\Server\rewrite.php(47): require_once('D:\\New folder\\My Folder\\e-absensi\\public\\index.php')
CRITICAL - 2025-05-13 23:28:07 --> Cannot access offset of type string on string
in APPPATH\Views\Backend\MasterKaryawan\edit-data-karyawan.php on line 90.
 1 SYSTEMPATH\View\View.php(226): include()
 2 SYSTEMPATH\View\View.php(229): CodeIgniter\View\View->CodeIgniter\View\{closure}()
 3 SYSTEMPATH\Common.php(1188): CodeIgniter\View\View->render('Backend/MasterKaryawan/edit-data-karyawan', [], true)
 4 APPPATH\Controllers\Karyawan.php(129): view('Backend/MasterKaryawan/edit-data-karyawan', [...])
 5 SYSTEMPATH\CodeIgniter.php(919): App\Controllers\Karyawan->edit_data_karyawan('84d311325b890d6e7f1c0eb875c1263253c32947')
 6 SYSTEMPATH\CodeIgniter.php(494): CodeIgniter\CodeIgniter->runController(Object(App\Controllers\Karyawan))
 7 SYSTEMPATH\CodeIgniter.php(353): CodeIgniter\CodeIgniter->handleRequest(null, Object(Config\Cache), false)
 8 FCPATH\index.php(79): CodeIgniter\CodeIgniter->run()
 9 SYSTEMPATH\Commands\Server\rewrite.php(47): require_once('D:\\New folder\\My Folder\\e-absensi\\public\\index.php')
CRITICAL - 2025-05-13 23:28:36 --> Cannot access offset of type string on string
in APPPATH\Views\Backend\MasterKaryawan\edit-data-karyawan.php on line 90.
 1 SYSTEMPATH\View\View.php(226): include()
 2 SYSTEMPATH\View\View.php(229): CodeIgniter\View\View->CodeIgniter\View\{closure}()
 3 SYSTEMPATH\Common.php(1188): CodeIgniter\View\View->render('Backend/MasterKaryawan/edit-data-karyawan', [], true)
 4 APPPATH\Controllers\Karyawan.php(129): view('Backend/MasterKaryawan/edit-data-karyawan', [...])
 5 SYSTEMPATH\CodeIgniter.php(919): App\Controllers\Karyawan->edit_data_karyawan('84d311325b890d6e7f1c0eb875c1263253c32947')
 6 SYSTEMPATH\CodeIgniter.php(494): CodeIgniter\CodeIgniter->runController(Object(App\Controllers\Karyawan))
 7 SYSTEMPATH\CodeIgniter.php(353): CodeIgniter\CodeIgniter->handleRequest(null, Object(Config\Cache), false)
 8 FCPATH\index.php(79): CodeIgniter\CodeIgniter->run()
 9 SYSTEMPATH\Commands\Server\rewrite.php(47): require_once('D:\\New folder\\My Folder\\e-absensi\\public\\index.php')
CRITICAL - 2025-05-13 23:28:38 --> Cannot access offset of type string on string
in APPPATH\Views\Backend\MasterKaryawan\edit-data-karyawan.php on line 90.
 1 SYSTEMPATH\View\View.php(226): include()
 2 SYSTEMPATH\View\View.php(229): CodeIgniter\View\View->CodeIgniter\View\{closure}()
 3 SYSTEMPATH\Common.php(1188): CodeIgniter\View\View->render('Backend/MasterKaryawan/edit-data-karyawan', [], true)
 4 APPPATH\Controllers\Karyawan.php(129): view('Backend/MasterKaryawan/edit-data-karyawan', [...])
 5 SYSTEMPATH\CodeIgniter.php(919): App\Controllers\Karyawan->edit_data_karyawan('84d311325b890d6e7f1c0eb875c1263253c32947')
 6 SYSTEMPATH\CodeIgniter.php(494): CodeIgniter\CodeIgniter->runController(Object(App\Controllers\Karyawan))
 7 SYSTEMPATH\CodeIgniter.php(353): CodeIgniter\CodeIgniter->handleRequest(null, Object(Config\Cache), false)
 8 FCPATH\index.php(79): CodeIgniter\CodeIgniter->run()
 9 SYSTEMPATH\Commands\Server\rewrite.php(47): require_once('D:\\New folder\\My Folder\\e-absensi\\public\\index.php')
CRITICAL - 2025-05-13 23:28:55 --> Undefined variable $data_jabatan
in APPPATH\Views\Backend\MasterKaryawan\edit-data-karyawan.php on line 87.
 1 APPPATH\Views\Backend\MasterKaryawan\edit-data-karyawan.php(87): CodeIgniter\Debug\Exceptions->errorHandler(2, 'Undefined variable $data_jabatan', 'D:\\New folder\\My Folder\\e-absensi\\app\\Views\\Backend\\MasterKaryawan\\edit-data-karyawan.php', 87)
 2 SYSTEMPATH\View\View.php(226): include('D:\\New folder\\My Folder\\e-absensi\\app\\Views\\Backend\\MasterKaryawan\\edit-data-karyawan.php')
 3 SYSTEMPATH\View\View.php(229): CodeIgniter\View\View->CodeIgniter\View\{closure}()
 4 SYSTEMPATH\Common.php(1188): CodeIgniter\View\View->render('Backend/MasterKaryawan/edit-data-karyawan', [], true)
 5 APPPATH\Controllers\Jabatan.php(106): view('Backend/MasterKaryawan/edit-data-karyawan', [...])
 6 SYSTEMPATH\CodeIgniter.php(919): App\Controllers\Jabatan->view_karyawan_perjabatan('c8ccb7ca1dc5ae25e900cb87098781f31b24f345')
 7 SYSTEMPATH\CodeIgniter.php(494): CodeIgniter\CodeIgniter->runController(Object(App\Controllers\Jabatan))
 8 SYSTEMPATH\CodeIgniter.php(353): CodeIgniter\CodeIgniter->handleRequest(null, Object(Config\Cache), false)
 9 FCPATH\index.php(79): CodeIgniter\CodeIgniter->run()
10 SYSTEMPATH\Commands\Server\rewrite.php(47): require_once('D:\\New folder\\My Folder\\e-absensi\\public\\index.php')
CRITICAL - 2025-05-13 23:29:34 --> Trying to access array offset on value of type null
in APPPATH\Views\Backend\MasterKaryawan\edit-data-karyawan.php on line 32.
 1 APPPATH\Views\Backend\MasterKaryawan\edit-data-karyawan.php(32): CodeIgniter\Debug\Exceptions->errorHandler(2, 'Trying to access array offset on value of type null', 'D:\\New folder\\My Folder\\e-absensi\\app\\Views\\Backend\\MasterKaryawan\\edit-data-karyawan.php', 32)
 2 SYSTEMPATH\View\View.php(226): include('D:\\New folder\\My Folder\\e-absensi\\app\\Views\\Backend\\MasterKaryawan\\edit-data-karyawan.php')
 3 SYSTEMPATH\View\View.php(229): CodeIgniter\View\View->CodeIgniter\View\{closure}()
 4 SYSTEMPATH\Common.php(1188): CodeIgniter\View\View->render('Backend/MasterKaryawan/edit-data-karyawan', [], true)
 5 APPPATH\Controllers\Jabatan.php(106): view('Backend/MasterKaryawan/edit-data-karyawan', [...])
 6 SYSTEMPATH\CodeIgniter.php(919): App\Controllers\Jabatan->view_karyawan_perjabatan('JBT2025051000001')
 7 SYSTEMPATH\CodeIgniter.php(494): CodeIgniter\CodeIgniter->runController(Object(App\Controllers\Jabatan))
 8 SYSTEMPATH\CodeIgniter.php(353): CodeIgniter\CodeIgniter->handleRequest(null, Object(Config\Cache), false)
 9 FCPATH\index.php(79): CodeIgniter\CodeIgniter->run()
10 SYSTEMPATH\Commands\Server\rewrite.php(47): require_once('D:\\New folder\\My Folder\\e-absensi\\public\\index.php')
CRITICAL - 2025-05-13 23:32:13 --> Trying to access array offset on value of type null
in APPPATH\Views\Backend\MasterKaryawan\edit-data-karyawan.php on line 32.
 1 APPPATH\Views\Backend\MasterKaryawan\edit-data-karyawan.php(32): CodeIgniter\Debug\Exceptions->errorHandler(2, 'Trying to access array offset on value of type null', 'D:\\New folder\\My Folder\\e-absensi\\app\\Views\\Backend\\MasterKaryawan\\edit-data-karyawan.php', 32)
 2 SYSTEMPATH\View\View.php(226): include('D:\\New folder\\My Folder\\e-absensi\\app\\Views\\Backend\\MasterKaryawan\\edit-data-karyawan.php')
 3 SYSTEMPATH\View\View.php(229): CodeIgniter\View\View->CodeIgniter\View\{closure}()
 4 SYSTEMPATH\Common.php(1188): CodeIgniter\View\View->render('Backend/MasterKaryawan/edit-data-karyawan', [], true)
 5 APPPATH\Controllers\Jabatan.php(106): view('Backend/MasterKaryawan/edit-data-karyawan', [...])
 6 SYSTEMPATH\CodeIgniter.php(919): App\Controllers\Jabatan->view_karyawan_perjabatan('JBT2025051000001')
 7 SYSTEMPATH\CodeIgniter.php(494): CodeIgniter\CodeIgniter->runController(Object(App\Controllers\Jabatan))
 8 SYSTEMPATH\CodeIgniter.php(353): CodeIgniter\CodeIgniter->handleRequest(null, Object(Config\Cache), false)
 9 FCPATH\index.php(79): CodeIgniter\CodeIgniter->run()
10 SYSTEMPATH\Commands\Server\rewrite.php(47): require_once('D:\\New folder\\My Folder\\e-absensi\\public\\index.php')
CRITICAL - 2025-05-13 23:32:50 --> Undefined array key "id_karyawan"
in APPPATH\Views\Backend\MasterKaryawan\edit-data-karyawan.php on line 32.
 1 APPPATH\Views\Backend\MasterKaryawan\edit-data-karyawan.php(32): CodeIgniter\Debug\Exceptions->errorHandler(2, 'Undefined array key "id_karyawan"', 'D:\\New folder\\My Folder\\e-absensi\\app\\Views\\Backend\\MasterKaryawan\\edit-data-karyawan.php', 32)
 2 SYSTEMPATH\View\View.php(226): include('D:\\New folder\\My Folder\\e-absensi\\app\\Views\\Backend\\MasterKaryawan\\edit-data-karyawan.php')
 3 SYSTEMPATH\View\View.php(229): CodeIgniter\View\View->CodeIgniter\View\{closure}()
 4 SYSTEMPATH\Common.php(1188): CodeIgniter\View\View->render('Backend/MasterKaryawan/edit-data-karyawan', [], true)
 5 APPPATH\Controllers\Jabatan.php(106): view('Backend/MasterKaryawan/edit-data-karyawan', [...])
 6 SYSTEMPATH\CodeIgniter.php(919): App\Controllers\Jabatan->view_karyawan_perjabatan('JBT2025051000001')
 7 SYSTEMPATH\CodeIgniter.php(494): CodeIgniter\CodeIgniter->runController(Object(App\Controllers\Jabatan))
 8 SYSTEMPATH\CodeIgniter.php(353): CodeIgniter\CodeIgniter->handleRequest(null, Object(Config\Cache), false)
 9 FCPATH\index.php(79): CodeIgniter\CodeIgniter->run()
10 SYSTEMPATH\Commands\Server\rewrite.php(47): require_once('D:\\New folder\\My Folder\\e-absensi\\public\\index.php')
CRITICAL - 2025-05-13 23:33:46 --> Undefined variable $no
in APPPATH\Views\Backend\MasterJabatan\view-karyawan-perjabatan.php on line 42.
 1 APPPATH\Views\Backend\MasterJabatan\view-karyawan-perjabatan.php(42): CodeIgniter\Debug\Exceptions->errorHandler(2, 'Undefined variable $no', 'D:\\New folder\\My Folder\\e-absensi\\app\\Views\\Backend\\MasterJabatan\\view-karyawan-perjabatan.php', 42)
 2 SYSTEMPATH\View\View.php(226): include('D:\\New folder\\My Folder\\e-absensi\\app\\Views\\Backend\\MasterJabatan\\view-karyawan-perjabatan.php')
 3 SYSTEMPATH\View\View.php(229): CodeIgniter\View\View->CodeIgniter\View\{closure}()
 4 SYSTEMPATH\Common.php(1188): CodeIgniter\View\View->render('Backend/MasterJabatan/view-karyawan-perjabatan', [], true)
 5 APPPATH\Controllers\Jabatan.php(106): view('Backend/MasterJabatan/view-karyawan-perjabatan', [...])
 6 SYSTEMPATH\CodeIgniter.php(919): App\Controllers\Jabatan->view_karyawan_perjabatan('JBT2025051000001')
 7 SYSTEMPATH\CodeIgniter.php(494): CodeIgniter\CodeIgniter->runController(Object(App\Controllers\Jabatan))
 8 SYSTEMPATH\CodeIgniter.php(353): CodeIgniter\CodeIgniter->handleRequest(null, Object(Config\Cache), false)
 9 FCPATH\index.php(79): CodeIgniter\CodeIgniter->run()
10 SYSTEMPATH\Commands\Server\rewrite.php(47): require_once('D:\\New folder\\My Folder\\e-absensi\\public\\index.php')
CRITICAL - 2025-05-13 23:33:51 --> Undefined variable $no
in APPPATH\Views\Backend\MasterJabatan\view-karyawan-perjabatan.php on line 42.
 1 APPPATH\Views\Backend\MasterJabatan\view-karyawan-perjabatan.php(42): CodeIgniter\Debug\Exceptions->errorHandler(2, 'Undefined variable $no', 'D:\\New folder\\My Folder\\e-absensi\\app\\Views\\Backend\\MasterJabatan\\view-karyawan-perjabatan.php', 42)
 2 SYSTEMPATH\View\View.php(226): include('D:\\New folder\\My Folder\\e-absensi\\app\\Views\\Backend\\MasterJabatan\\view-karyawan-perjabatan.php')
 3 SYSTEMPATH\View\View.php(229): CodeIgniter\View\View->CodeIgniter\View\{closure}()
 4 SYSTEMPATH\Common.php(1188): CodeIgniter\View\View->render('Backend/MasterJabatan/view-karyawan-perjabatan', [], true)
 5 APPPATH\Controllers\Jabatan.php(106): view('Backend/MasterJabatan/view-karyawan-perjabatan', [...])
 6 SYSTEMPATH\CodeIgniter.php(919): App\Controllers\Jabatan->view_karyawan_perjabatan('JBT2025051000001')
 7 SYSTEMPATH\CodeIgniter.php(494): CodeIgniter\CodeIgniter->runController(Object(App\Controllers\Jabatan))
 8 SYSTEMPATH\CodeIgniter.php(353): CodeIgniter\CodeIgniter->handleRequest(null, Object(Config\Cache), false)
 9 FCPATH\index.php(79): CodeIgniter\CodeIgniter->run()
10 SYSTEMPATH\Commands\Server\rewrite.php(47): require_once('D:\\New folder\\My Folder\\e-absensi\\public\\index.php')
CRITICAL - 2025-05-13 23:34:32 --> Trying to access array offset on value of type null
in APPPATH\Views\Backend\MasterJabatan\view-karyawan-perjabatan.php on line 44.
 1 APPPATH\Views\Backend\MasterJabatan\view-karyawan-perjabatan.php(44): CodeIgniter\Debug\Exceptions->errorHandler(2, 'Trying to access array offset on value of type null', 'D:\\New folder\\My Folder\\e-absensi\\app\\Views\\Backend\\MasterJabatan\\view-karyawan-perjabatan.php', 44)
 2 SYSTEMPATH\View\View.php(226): include('D:\\New folder\\My Folder\\e-absensi\\app\\Views\\Backend\\MasterJabatan\\view-karyawan-perjabatan.php')
 3 SYSTEMPATH\View\View.php(229): CodeIgniter\View\View->CodeIgniter\View\{closure}()
 4 SYSTEMPATH\Common.php(1188): CodeIgniter\View\View->render('Backend/MasterJabatan/view-karyawan-perjabatan', [], true)
 5 APPPATH\Controllers\Jabatan.php(106): view('Backend/MasterJabatan/view-karyawan-perjabatan', [...])
 6 SYSTEMPATH\CodeIgniter.php(919): App\Controllers\Jabatan->view_karyawan_perjabatan('JBT2025051000001')
 7 SYSTEMPATH\CodeIgniter.php(494): CodeIgniter\CodeIgniter->runController(Object(App\Controllers\Jabatan))
 8 SYSTEMPATH\CodeIgniter.php(353): CodeIgniter\CodeIgniter->handleRequest(null, Object(Config\Cache), false)
 9 FCPATH\index.php(79): CodeIgniter\CodeIgniter->run()
10 SYSTEMPATH\Commands\Server\rewrite.php(47): require_once('D:\\New folder\\My Folder\\e-absensi\\public\\index.php')
CRITICAL - 2025-05-13 23:34:58 --> foreach() argument must be of type array|object, null given
in APPPATH\Views\Backend\MasterJabatan\view-karyawan-perjabatan.php on line 43.
 1 APPPATH\Views\Backend\MasterJabatan\view-karyawan-perjabatan.php(43): CodeIgniter\Debug\Exceptions->errorHandler(2, 'foreach() argument must be of type array|object, null given', 'D:\\New folder\\My Folder\\e-absensi\\app\\Views\\Backend\\MasterJabatan\\view-karyawan-perjabatan.php', 43)
 2 SYSTEMPATH\View\View.php(226): include('D:\\New folder\\My Folder\\e-absensi\\app\\Views\\Backend\\MasterJabatan\\view-karyawan-perjabatan.php')
 3 SYSTEMPATH\View\View.php(229): CodeIgniter\View\View->CodeIgniter\View\{closure}()
 4 SYSTEMPATH\Common.php(1188): CodeIgniter\View\View->render('Backend/MasterJabatan/view-karyawan-perjabatan', [], true)
 5 APPPATH\Controllers\Jabatan.php(106): view('Backend/MasterJabatan/view-karyawan-perjabatan', [...])
 6 SYSTEMPATH\CodeIgniter.php(919): App\Controllers\Jabatan->view_karyawan_perjabatan('JBT2025051000001')
 7 SYSTEMPATH\CodeIgniter.php(494): CodeIgniter\CodeIgniter->runController(Object(App\Controllers\Jabatan))
 8 SYSTEMPATH\CodeIgniter.php(353): CodeIgniter\CodeIgniter->handleRequest(null, Object(Config\Cache), false)
 9 FCPATH\index.php(79): CodeIgniter\CodeIgniter->run()
10 SYSTEMPATH\Commands\Server\rewrite.php(47): require_once('D:\\New folder\\My Folder\\e-absensi\\public\\index.php')
CRITICAL - 2025-05-13 23:36:55 --> foreach() argument must be of type array|object, null given
in APPPATH\Views\Backend\MasterJabatan\view-karyawan-perjabatan.php on line 43.
 1 APPPATH\Views\Backend\MasterJabatan\view-karyawan-perjabatan.php(43): CodeIgniter\Debug\Exceptions->errorHandler(2, 'foreach() argument must be of type array|object, null given', 'D:\\New folder\\My Folder\\e-absensi\\app\\Views\\Backend\\MasterJabatan\\view-karyawan-perjabatan.php', 43)
 2 SYSTEMPATH\View\View.php(226): include('D:\\New folder\\My Folder\\e-absensi\\app\\Views\\Backend\\MasterJabatan\\view-karyawan-perjabatan.php')
 3 SYSTEMPATH\View\View.php(229): CodeIgniter\View\View->CodeIgniter\View\{closure}()
 4 SYSTEMPATH\Common.php(1188): CodeIgniter\View\View->render('Backend/MasterJabatan/view-karyawan-perjabatan', [], true)
 5 APPPATH\Controllers\Jabatan.php(106): view('Backend/MasterJabatan/view-karyawan-perjabatan', [...])
 6 SYSTEMPATH\CodeIgniter.php(919): App\Controllers\Jabatan->view_karyawan_perjabatan('JBT2025051000001')
 7 SYSTEMPATH\CodeIgniter.php(494): CodeIgniter\CodeIgniter->runController(Object(App\Controllers\Jabatan))
 8 SYSTEMPATH\CodeIgniter.php(353): CodeIgniter\CodeIgniter->handleRequest(null, Object(Config\Cache), false)
 9 FCPATH\index.php(79): CodeIgniter\CodeIgniter->run()
10 SYSTEMPATH\Commands\Server\rewrite.php(47): require_once('D:\\New folder\\My Folder\\e-absensi\\public\\index.php')
CRITICAL - 2025-05-13 23:37:24 --> foreach() argument must be of type array|object, null given
in APPPATH\Views\Backend\MasterJabatan\view-karyawan-perjabatan.php on line 43.
 1 APPPATH\Views\Backend\MasterJabatan\view-karyawan-perjabatan.php(43): CodeIgniter\Debug\Exceptions->errorHandler(2, 'foreach() argument must be of type array|object, null given', 'D:\\New folder\\My Folder\\e-absensi\\app\\Views\\Backend\\MasterJabatan\\view-karyawan-perjabatan.php', 43)
 2 SYSTEMPATH\View\View.php(226): include('D:\\New folder\\My Folder\\e-absensi\\app\\Views\\Backend\\MasterJabatan\\view-karyawan-perjabatan.php')
 3 SYSTEMPATH\View\View.php(229): CodeIgniter\View\View->CodeIgniter\View\{closure}()
 4 SYSTEMPATH\Common.php(1188): CodeIgniter\View\View->render('Backend/MasterJabatan/view-karyawan-perjabatan', [], true)
 5 APPPATH\Controllers\Jabatan.php(106): view('Backend/MasterJabatan/view-karyawan-perjabatan', [...])
 6 SYSTEMPATH\CodeIgniter.php(919): App\Controllers\Jabatan->view_karyawan_perjabatan('JBT2025051000001')
 7 SYSTEMPATH\CodeIgniter.php(494): CodeIgniter\CodeIgniter->runController(Object(App\Controllers\Jabatan))
 8 SYSTEMPATH\CodeIgniter.php(353): CodeIgniter\CodeIgniter->handleRequest(null, Object(Config\Cache), false)
 9 FCPATH\index.php(79): CodeIgniter\CodeIgniter->run()
10 SYSTEMPATH\Commands\Server\rewrite.php(47): require_once('D:\\New folder\\My Folder\\e-absensi\\public\\index.php')
CRITICAL - 2025-05-13 23:37:30 --> Cannot access offset of type string on string
in APPPATH\Views\Backend\MasterJabatan\view-karyawan-perjabatan.php on line 47.
 1 SYSTEMPATH\View\View.php(226): include()
 2 SYSTEMPATH\View\View.php(229): CodeIgniter\View\View->CodeIgniter\View\{closure}()
 3 SYSTEMPATH\Common.php(1188): CodeIgniter\View\View->render('Backend/MasterJabatan/view-karyawan-perjabatan', [], true)
 4 APPPATH\Controllers\Jabatan.php(106): view('Backend/MasterJabatan/view-karyawan-perjabatan', [...])
 5 SYSTEMPATH\CodeIgniter.php(919): App\Controllers\Jabatan->view_karyawan_perjabatan('c8ccb7ca1dc5ae25e900cb87098781f31b24f345')
 6 SYSTEMPATH\CodeIgniter.php(494): CodeIgniter\CodeIgniter->runController(Object(App\Controllers\Jabatan))
 7 SYSTEMPATH\CodeIgniter.php(353): CodeIgniter\CodeIgniter->handleRequest(null, Object(Config\Cache), false)
 8 FCPATH\index.php(79): CodeIgniter\CodeIgniter->run()
 9 SYSTEMPATH\Commands\Server\rewrite.php(47): require_once('D:\\New folder\\My Folder\\e-absensi\\public\\index.php')
CRITICAL - 2025-05-13 23:39:16 --> Undefined array key "nama_jabatan"
in APPPATH\Views\Backend\MasterJabatan\view-karyawan-perjabatan.php on line 6.
 1 APPPATH\Views\Backend\MasterJabatan\view-karyawan-perjabatan.php(6): CodeIgniter\Debug\Exceptions->errorHandler(2, 'Undefined array key "nama_jabatan"', 'D:\\New folder\\My Folder\\e-absensi\\app\\Views\\Backend\\MasterJabatan\\view-karyawan-perjabatan.php', 6)
 2 SYSTEMPATH\View\View.php(226): include('D:\\New folder\\My Folder\\e-absensi\\app\\Views\\Backend\\MasterJabatan\\view-karyawan-perjabatan.php')
 3 SYSTEMPATH\View\View.php(229): CodeIgniter\View\View->CodeIgniter\View\{closure}()
 4 SYSTEMPATH\Common.php(1188): CodeIgniter\View\View->render('Backend/MasterJabatan/view-karyawan-perjabatan', [], true)
 5 APPPATH\Controllers\Jabatan.php(106): view('Backend/MasterJabatan/view-karyawan-perjabatan', [...])
 6 SYSTEMPATH\CodeIgniter.php(919): App\Controllers\Jabatan->view_karyawan_perjabatan('50aee6f5ec41f0f02155bef1216d11091d90e0d0')
 7 SYSTEMPATH\CodeIgniter.php(494): CodeIgniter\CodeIgniter->runController(Object(App\Controllers\Jabatan))
 8 SYSTEMPATH\CodeIgniter.php(353): CodeIgniter\CodeIgniter->handleRequest(null, Object(Config\Cache), false)
 9 FCPATH\index.php(79): CodeIgniter\CodeIgniter->run()
10 SYSTEMPATH\Commands\Server\rewrite.php(47): require_once('D:\\New folder\\My Folder\\e-absensi\\public\\index.php')
ERROR - 2025-05-13 23:50:50 --> mysqli_sql_exception: Unknown column 'tbl_karyawan.id_karyawn' in 'where clause' in D:\New folder\My Folder\e-absensi\system\Database\MySQLi\Connection.php:306
Stack trace:
#0 D:\New folder\My Folder\e-absensi\system\Database\MySQLi\Connection.php(306): mysqli->query('SELECT *\nFROM `...', 0)
#1 D:\New folder\My Folder\e-absensi\system\Database\BaseConnection.php(692): CodeIgniter\Database\MySQLi\Connection->execute('SELECT *\nFROM `...')
#2 D:\New folder\My Folder\e-absensi\system\Database\BaseConnection.php(606): CodeIgniter\Database\BaseConnection->simpleQuery('SELECT *\nFROM `...')
#3 D:\New folder\My Folder\e-absensi\system\Database\BaseBuilder.php(1615): CodeIgniter\Database\BaseConnection->query('SELECT *\nFROM `...', Array, false)
#4 D:\New folder\My Folder\e-absensi\app\Models\M_Karyawan.php(24): CodeIgniter\Database\BaseBuilder->get()
#5 D:\New folder\My Folder\e-absensi\app\Controllers\Jabatan.php(120): App\Models\M_Karyawan->getDataKaryawan(Array)
#6 D:\New folder\My Folder\e-absensi\system\CodeIgniter.php(919): App\Controllers\Jabatan->view_karyawan('50aee6f5ec41f0f...', '7fdfb61bf0a7a91...')
#7 D:\New folder\My Folder\e-absensi\system\CodeIgniter.php(494): CodeIgniter\CodeIgniter->runController(Object(App\Controllers\Jabatan))
#8 D:\New folder\My Folder\e-absensi\system\CodeIgniter.php(353): CodeIgniter\CodeIgniter->handleRequest(NULL, Object(Config\Cache), false)
#9 D:\New folder\My Folder\e-absensi\public\index.php(79): CodeIgniter\CodeIgniter->run()
#10 D:\New folder\My Folder\e-absensi\system\Commands\Server\rewrite.php(47): require_once('D:\\New folder\\M...')
#11 {main}
CRITICAL - 2025-05-13 23:50:50 --> Unknown column 'tbl_karyawan.id_karyawn' in 'where clause'
in SYSTEMPATH\Database\BaseConnection.php on line 646.
 1 SYSTEMPATH\Database\BaseBuilder.php(1615): CodeIgniter\Database\BaseConnection->query('SELECT *
FROM `tbl_karyawan`
LEFT JOIN `tbl_jabatan` ON `tbl_jabatan`.`id_jabatan` = `tbl_karyawan`.`id_jabatan`
WHERE sha1(tbl_karyawan.id_jabatan) = :sha1(tbl_karyawan.id_jabatan):
AND sha1(tbl_karyawan.id_karyawn) = :sha1(tbl_karyawan.id_karyawn):
ORDER BY `tbl_karyawan`.`id_jabatan` ASC', [...], false)
 2 APPPATH\Models\M_Karyawan.php(24): CodeIgniter\Database\BaseBuilder->get()
 3 APPPATH\Controllers\Jabatan.php(120): App\Models\M_Karyawan->getDataKaryawan([...])
 4 SYSTEMPATH\CodeIgniter.php(919): App\Controllers\Jabatan->view_karyawan('50aee6f5ec41f0f02155bef1216d11091d90e0d0', '7fdfb61bf0a7a912e10a839842dd12b8c30bb206')
 5 SYSTEMPATH\CodeIgniter.php(494): CodeIgniter\CodeIgniter->runController(Object(App\Controllers\Jabatan))
 6 SYSTEMPATH\CodeIgniter.php(353): CodeIgniter\CodeIgniter->handleRequest(null, Object(Config\Cache), false)
 7 FCPATH\index.php(79): CodeIgniter\CodeIgniter->run()
 8 SYSTEMPATH\Commands\Server\rewrite.php(47): require_once('D:\\New folder\\My Folder\\e-absensi\\public\\index.php')
CRITICAL - 2025-05-13 23:51:13 --> Invalid file: "Backend/MasterJabatan/view-karyawan.php"
in SYSTEMPATH\Exceptions\FrameworkException.php on line 39.
 1 SYSTEMPATH\View\View.php(214): CodeIgniter\Exceptions\FrameworkException::forInvalidFile('Backend/MasterJabatan/view-karyawan.php')
 2 SYSTEMPATH\Common.php(1188): CodeIgniter\View\View->render('Backend/MasterJabatan/view-karyawan', [], true)
 3 APPPATH\Controllers\Jabatan.php(130): view('Backend/MasterJabatan/view-karyawan', [...])
 4 SYSTEMPATH\CodeIgniter.php(919): App\Controllers\Jabatan->view_karyawan('50aee6f5ec41f0f02155bef1216d11091d90e0d0', '7fdfb61bf0a7a912e10a839842dd12b8c30bb206')
 5 SYSTEMPATH\CodeIgniter.php(494): CodeIgniter\CodeIgniter->runController(Object(App\Controllers\Jabatan))
 6 SYSTEMPATH\CodeIgniter.php(353): CodeIgniter\CodeIgniter->handleRequest(null, Object(Config\Cache), false)
 7 FCPATH\index.php(79): CodeIgniter\CodeIgniter->run()
 8 SYSTEMPATH\Commands\Server\rewrite.php(47): require_once('D:\\New folder\\My Folder\\e-absensi\\public\\index.php')
CRITICAL - 2025-05-13 23:51:41 --> Trying to access array offset on value of type null
in APPPATH\Views\Backend\MasterJabatan\view-karyawan.php on line 37.
 1 APPPATH\Views\Backend\MasterJabatan\view-karyawan.php(37): CodeIgniter\Debug\Exceptions->errorHandler(2, 'Trying to access array offset on value of type null', 'D:\\New folder\\My Folder\\e-absensi\\app\\Views\\Backend\\MasterJabatan\\view-karyawan.php', 37)
 2 SYSTEMPATH\View\View.php(226): include('D:\\New folder\\My Folder\\e-absensi\\app\\Views\\Backend\\MasterJabatan\\view-karyawan.php')
 3 SYSTEMPATH\View\View.php(229): CodeIgniter\View\View->CodeIgniter\View\{closure}()
 4 SYSTEMPATH\Common.php(1188): CodeIgniter\View\View->render('Backend/MasterJabatan/view-karyawan', [], true)
 5 APPPATH\Controllers\Jabatan.php(130): view('Backend/MasterJabatan/view-karyawan', [...])
 6 SYSTEMPATH\CodeIgniter.php(919): App\Controllers\Jabatan->view_karyawan('50aee6f5ec41f0f02155bef1216d11091d90e0d0', '7fdfb61bf0a7a912e10a839842dd12b8c30bb206')
 7 SYSTEMPATH\CodeIgniter.php(494): CodeIgniter\CodeIgniter->runController(Object(App\Controllers\Jabatan))
 8 SYSTEMPATH\CodeIgniter.php(353): CodeIgniter\CodeIgniter->handleRequest(null, Object(Config\Cache), false)
 9 FCPATH\index.php(79): CodeIgniter\CodeIgniter->run()
10 SYSTEMPATH\Commands\Server\rewrite.php(47): require_once('D:\\New folder\\My Folder\\e-absensi\\public\\index.php')
CRITICAL - 2025-05-13 23:52:49 --> Trying to access array offset on value of type null
in APPPATH\Views\Backend\MasterJabatan\view-karyawan.php on line 37.
 1 APPPATH\Views\Backend\MasterJabatan\view-karyawan.php(37): CodeIgniter\Debug\Exceptions->errorHandler(2, 'Trying to access array offset on value of type null', 'D:\\New folder\\My Folder\\e-absensi\\app\\Views\\Backend\\MasterJabatan\\view-karyawan.php', 37)
 2 SYSTEMPATH\View\View.php(226): include('D:\\New folder\\My Folder\\e-absensi\\app\\Views\\Backend\\MasterJabatan\\view-karyawan.php')
 3 SYSTEMPATH\View\View.php(229): CodeIgniter\View\View->CodeIgniter\View\{closure}()
 4 SYSTEMPATH\Common.php(1188): CodeIgniter\View\View->render('Backend/MasterJabatan/view-karyawan', [], true)
 5 APPPATH\Controllers\Jabatan.php(130): view('Backend/MasterJabatan/view-karyawan', [...])
 6 SYSTEMPATH\CodeIgniter.php(919): App\Controllers\Jabatan->view_karyawan('50aee6f5ec41f0f02155bef1216d11091d90e0d0', '7fdfb61bf0a7a912e10a839842dd12b8c30bb206')
 7 SYSTEMPATH\CodeIgniter.php(494): CodeIgniter\CodeIgniter->runController(Object(App\Controllers\Jabatan))
 8 SYSTEMPATH\CodeIgniter.php(353): CodeIgniter\CodeIgniter->handleRequest(null, Object(Config\Cache), false)
 9 FCPATH\index.php(79): CodeIgniter\CodeIgniter->run()
10 SYSTEMPATH\Commands\Server\rewrite.php(47): require_once('D:\\New folder\\My Folder\\e-absensi\\public\\index.php')
CRITICAL - 2025-05-13 23:54:13 --> Trying to access array offset on value of type null
in APPPATH\Views\Backend\MasterJabatan\view-karyawan.php on line 37.
 1 APPPATH\Views\Backend\MasterJabatan\view-karyawan.php(37): CodeIgniter\Debug\Exceptions->errorHandler(2, 'Trying to access array offset on value of type null', 'D:\\New folder\\My Folder\\e-absensi\\app\\Views\\Backend\\MasterJabatan\\view-karyawan.php', 37)
 2 SYSTEMPATH\View\View.php(226): include('D:\\New folder\\My Folder\\e-absensi\\app\\Views\\Backend\\MasterJabatan\\view-karyawan.php')
 3 SYSTEMPATH\View\View.php(229): CodeIgniter\View\View->CodeIgniter\View\{closure}()
 4 SYSTEMPATH\Common.php(1188): CodeIgniter\View\View->render('Backend/MasterJabatan/view-karyawan', [], true)
 5 APPPATH\Controllers\Jabatan.php(130): view('Backend/MasterJabatan/view-karyawan', [...])
 6 SYSTEMPATH\CodeIgniter.php(919): App\Controllers\Jabatan->view_karyawan('50aee6f5ec41f0f02155bef1216d11091d90e0d0', '7fdfb61bf0a7a912e10a839842dd12b8c30bb206')
 7 SYSTEMPATH\CodeIgniter.php(494): CodeIgniter\CodeIgniter->runController(Object(App\Controllers\Jabatan))
 8 SYSTEMPATH\CodeIgniter.php(353): CodeIgniter\CodeIgniter->handleRequest(null, Object(Config\Cache), false)
 9 FCPATH\index.php(79): CodeIgniter\CodeIgniter->run()
10 SYSTEMPATH\Commands\Server\rewrite.php(47): require_once('D:\\New folder\\My Folder\\e-absensi\\public\\index.php')
CRITICAL - 2025-05-13 23:54:33 --> Trying to access array offset on value of type null
in APPPATH\Views\Backend\MasterJabatan\view-karyawan.php on line 37.
 1 APPPATH\Views\Backend\MasterJabatan\view-karyawan.php(37): CodeIgniter\Debug\Exceptions->errorHandler(2, 'Trying to access array offset on value of type null', 'D:\\New folder\\My Folder\\e-absensi\\app\\Views\\Backend\\MasterJabatan\\view-karyawan.php', 37)
 2 SYSTEMPATH\View\View.php(226): include('D:\\New folder\\My Folder\\e-absensi\\app\\Views\\Backend\\MasterJabatan\\view-karyawan.php')
 3 SYSTEMPATH\View\View.php(229): CodeIgniter\View\View->CodeIgniter\View\{closure}()
 4 SYSTEMPATH\Common.php(1188): CodeIgniter\View\View->render('Backend/MasterJabatan/view-karyawan', [], true)
 5 APPPATH\Controllers\Jabatan.php(130): view('Backend/MasterJabatan/view-karyawan', [...])
 6 SYSTEMPATH\CodeIgniter.php(919): App\Controllers\Jabatan->view_karyawan('50aee6f5ec41f0f02155bef1216d11091d90e0d0', '7fdfb61bf0a7a912e10a839842dd12b8c30bb206')
 7 SYSTEMPATH\CodeIgniter.php(494): CodeIgniter\CodeIgniter->runController(Object(App\Controllers\Jabatan))
 8 SYSTEMPATH\CodeIgniter.php(353): CodeIgniter\CodeIgniter->handleRequest(null, Object(Config\Cache), false)
 9 FCPATH\index.php(79): CodeIgniter\CodeIgniter->run()
10 SYSTEMPATH\Commands\Server\rewrite.php(47): require_once('D:\\New folder\\My Folder\\e-absensi\\public\\index.php')
