CRITICAL - 2025-05-23 17:30:19 --> Undefined array key "id_jadwal"
in APPPATH\Views\Backend\MasterJadwal\update-data-libur.php on line 26.
 1 APPPATH\Views\Backend\MasterJadwal\update-data-libur.php(26): CodeIgniter\Debug\Exceptions->errorHandler(2, 'Undefined array key "id_jadwal"', 'D:\\New folder\\My Folder\\e-absensi\\app\\Views\\Backend\\MasterJadwal\\update-data-libur.php', 26)
 2 SYSTEMPATH\View\View.php(226): include('D:\\New folder\\My Folder\\e-absensi\\app\\Views\\Backend\\MasterJadwal\\update-data-libur.php')
 3 SYSTEMPATH\View\View.php(229): CodeIgniter\View\View->CodeIgniter\View\{closure}()
 4 SYSTEMPATH\Common.php(1188): CodeIgniter\View\View->render('Backend/MasterJadwal/update-data-libur', [], true)
 5 APPPATH\Controllers\Jadwal.php(269): view('Backend/MasterJadwal/update-data-libur', [...])
 6 SYSTEMPATH\CodeIgniter.php(919): App\Controllers\Jadwal->update_data_libur()
 7 SYSTEMPATH\CodeIgniter.php(494): CodeIgniter\CodeIgniter->runController(Object(App\Controllers\Jadwal))
 8 SYSTEMPATH\CodeIgniter.php(353): CodeIgniter\CodeIgniter->handleRequest(null, Object(Config\Cache), false)
 9 FCPATH\index.php(79): CodeIgniter\CodeIgniter->run()
10 SYSTEMPATH\Commands\Server\rewrite.php(47): require_once('D:\\New folder\\My Folder\\e-absensi\\public\\index.php')
CRITICAL - 2025-05-23 17:56:17 --> Undefined array key 0
in APPPATH\Controllers\Jadwal.php on line 297.
 1 APPPATH\Controllers\Jadwal.php(297): CodeIgniter\Debug\Exceptions->errorHandler(2, 'Undefined array key 0', 'D:\\New folder\\My Folder\\e-absensi\\app\\Controllers\\Jadwal.php', 297)
 2 SYSTEMPATH\CodeIgniter.php(919): App\Controllers\Jadwal->update_libur()
 3 SYSTEMPATH\CodeIgniter.php(494): CodeIgniter\CodeIgniter->runController(Object(App\Controllers\Jadwal))
 4 SYSTEMPATH\CodeIgniter.php(353): CodeIgniter\CodeIgniter->handleRequest(null, Object(Config\Cache), false)
 5 FCPATH\index.php(79): CodeIgniter\CodeIgniter->run()
 6 SYSTEMPATH\Commands\Server\rewrite.php(47): require_once('D:\\New folder\\My Folder\\e-absensi\\public\\index.php')
CRITICAL - 2025-05-23 19:13:56 --> Trying to access array offset on value of type null
in APPPATH\Controllers\Jadwal.php on line 290.
 1 APPPATH\Controllers\Jadwal.php(290): CodeIgniter\Debug\Exceptions->errorHandler(2, 'Trying to access array offset on value of type null', 'D:\\New folder\\My Folder\\e-absensi\\app\\Controllers\\Jadwal.php', 290)
 2 SYSTEMPATH\CodeIgniter.php(919): App\Controllers\Jadwal->update_libur()
 3 SYSTEMPATH\CodeIgniter.php(494): CodeIgniter\CodeIgniter->runController(Object(App\Controllers\Jadwal))
 4 SYSTEMPATH\CodeIgniter.php(353): CodeIgniter\CodeIgniter->handleRequest(null, Object(Config\Cache), false)
 5 FCPATH\index.php(79): CodeIgniter\CodeIgniter->run()
 6 SYSTEMPATH\Commands\Server\rewrite.php(47): require_once('D:\\New folder\\My Folder\\e-absensi\\public\\index.php')
CRITICAL - 2025-05-23 19:34:38 --> Undefined array key "keterangan_absen"
in APPPATH\Views\Backend\dashboard.php on line 123.
 1 APPPATH\Views\Backend\dashboard.php(123): CodeIgniter\Debug\Exceptions->errorHandler(2, 'Undefined array key "keterangan_absen"', 'D:\\New folder\\My Folder\\e-absensi\\app\\Views\\Backend\\dashboard.php', 123)
 2 SYSTEMPATH\View\View.php(226): include('D:\\New folder\\My Folder\\e-absensi\\app\\Views\\Backend\\dashboard.php')
 3 SYSTEMPATH\View\View.php(229): CodeIgniter\View\View->CodeIgniter\View\{closure}()
 4 SYSTEMPATH\Common.php(1188): CodeIgniter\View\View->render('Backend/dashboard', [], true)
 5 APPPATH\Controllers\Admin.php(47): view('Backend/dashboard', [...])
 6 SYSTEMPATH\CodeIgniter.php(919): App\Controllers\Admin->dashboard()
 7 SYSTEMPATH\CodeIgniter.php(494): CodeIgniter\CodeIgniter->runController(Object(App\Controllers\Admin))
 8 SYSTEMPATH\CodeIgniter.php(353): CodeIgniter\CodeIgniter->handleRequest(null, Object(Config\Cache), false)
 9 FCPATH\index.php(79): CodeIgniter\CodeIgniter->run()
10 SYSTEMPATH\Commands\Server\rewrite.php(47): require_once('D:\\New folder\\My Folder\\e-absensi\\public\\index.php')
CRITICAL - 2025-05-23 19:35:23 --> Undefined variable $data
in APPPATH\Views\Backend\dashboard.php on line 123.
 1 APPPATH\Views\Backend\dashboard.php(123): CodeIgniter\Debug\Exceptions->errorHandler(2, 'Undefined variable $data', 'D:\\New folder\\My Folder\\e-absensi\\app\\Views\\Backend\\dashboard.php', 123)
 2 SYSTEMPATH\View\View.php(226): include('D:\\New folder\\My Folder\\e-absensi\\app\\Views\\Backend\\dashboard.php')
 3 SYSTEMPATH\View\View.php(229): CodeIgniter\View\View->CodeIgniter\View\{closure}()
 4 SYSTEMPATH\Common.php(1188): CodeIgniter\View\View->render('Backend/dashboard', [], true)
 5 APPPATH\Controllers\Admin.php(47): view('Backend/dashboard', [...])
 6 SYSTEMPATH\CodeIgniter.php(919): App\Controllers\Admin->dashboard()
 7 SYSTEMPATH\CodeIgniter.php(494): CodeIgniter\CodeIgniter->runController(Object(App\Controllers\Admin))
 8 SYSTEMPATH\CodeIgniter.php(353): CodeIgniter\CodeIgniter->handleRequest(null, Object(Config\Cache), false)
 9 FCPATH\index.php(79): CodeIgniter\CodeIgniter->run()
10 SYSTEMPATH\Commands\Server\rewrite.php(47): require_once('D:\\New folder\\My Folder\\e-absensi\\public\\index.php')
