CRITICAL - 2025-05-30 03:24:43 --> Undefined array key ""
in APPPATH\Views\Frontend\MasterAbsen\sudah-absen.php on line 22.
 1 APPPATH\Views\Frontend\MasterAbsen\sudah-absen.php(22): CodeIgniter\Debug\Exceptions->errorHandler(2, 'Undefined array key ""', 'D:\\New folder\\My Folder\\e-absensi\\app\\Views\\Frontend\\MasterAbsen\\sudah-absen.php', 22)
 2 SYSTEMPATH\View\View.php(226): include('D:\\New folder\\My Folder\\e-absensi\\app\\Views\\Frontend\\MasterAbsen\\sudah-absen.php')
 3 SYSTEMPATH\View\View.php(229): CodeIgniter\View\View->CodeIgniter\View\{closure}()
 4 SYSTEMPATH\Common.php(1188): CodeIgniter\View\View->render('Frontend/MasterAbsen/sudah-absen', [], true)
 5 APPPATH\Controllers\Absen.php(97): view('Frontend/MasterAbsen/sudah-absen', [...])
 6 SYSTEMPATH\CodeIgniter.php(919): App\Controllers\Absen->presensi()
 7 SYSTEMPATH\CodeIgniter.php(494): CodeIgniter\CodeIgniter->runController(Object(App\Controllers\Absen))
 8 SYSTEMPATH\CodeIgniter.php(353): CodeIgniter\CodeIgniter->handleRequest(null, Object(Config\Cache), false)
 9 FCPATH\index.php(79): CodeIgniter\CodeIgniter->run()
10 SYSTEMPATH\Commands\Server\rewrite.php(47): require_once('D:\\New folder\\My Folder\\e-absensi\\public\\index.php')
CRITICAL - 2025-05-30 03:54:42 --> Invalid file: "Frontend/MasterProfile/edit-daya-rekening.php"
in SYSTEMPATH\Exceptions\FrameworkException.php on line 39.
 1 SYSTEMPATH\View\View.php(214): CodeIgniter\Exceptions\FrameworkException::forInvalidFile('Frontend/MasterProfile/edit-daya-rekening.php')
 2 SYSTEMPATH\Common.php(1188): CodeIgniter\View\View->render('Frontend/MasterProfile/edit-daya-rekening', [], true)
 3 APPPATH\Controllers\Profile.php(97): view('Frontend/MasterProfile/edit-daya-rekening', [...])
 4 SYSTEMPATH\CodeIgniter.php(919): App\Controllers\Profile->edit_rekening()
 5 SYSTEMPATH\CodeIgniter.php(494): CodeIgniter\CodeIgniter->runController(Object(App\Controllers\Profile))
 6 SYSTEMPATH\CodeIgniter.php(353): CodeIgniter\CodeIgniter->handleRequest(null, Object(Config\Cache), false)
 7 FCPATH\index.php(79): CodeIgniter\CodeIgniter->run()
 8 SYSTEMPATH\Commands\Server\rewrite.php(47): require_once('D:\\New folder\\My Folder\\e-absensi\\public\\index.php')
CRITICAL - 2025-05-30 04:38:44 --> syntax error, unexpected identifier "NULL", expecting "]"
in APPPATH\Controllers\History.php on line 126.
 1 SYSTEMPATH\Autoloader\Autoloader.php(285): CodeIgniter\Autoloader\Autoloader->includeFile('D:\\New folder\\My Folder\\e-absensi\\app\\Controllers\\History.php')
 2 SYSTEMPATH\Autoloader\Autoloader.php(263): CodeIgniter\Autoloader\Autoloader->loadInNamespace('App\\Controllers\\History')
 3 [internal function]: CodeIgniter\Autoloader\Autoloader->loadClass('App\\Controllers\\History')
 4 SYSTEMPATH\CodeIgniter.php(877): class_exists('\\App\\Controllers\\History', true)
 5 SYSTEMPATH\CodeIgniter.php(481): CodeIgniter\CodeIgniter->startController()
 6 SYSTEMPATH\CodeIgniter.php(353): CodeIgniter\CodeIgniter->handleRequest(null, Object(Config\Cache), false)
 7 FCPATH\index.php(79): CodeIgniter\CodeIgniter->run()
 8 SYSTEMPATH\Commands\Server\rewrite.php(47): require_once('D:\\New folder\\My Folder\\e-absensi\\public\\index.php')
CRITICAL - 2025-05-30 04:38:56 --> Undefined constant "App\Controllers\NOTNULL"
in APPPATH\Controllers\History.php on line 126.
 1 SYSTEMPATH\CodeIgniter.php(919): App\Controllers\History->history_absensi()
 2 SYSTEMPATH\CodeIgniter.php(494): CodeIgniter\CodeIgniter->runController(Object(App\Controllers\History))
 3 SYSTEMPATH\CodeIgniter.php(353): CodeIgniter\CodeIgniter->handleRequest(null, Object(Config\Cache), false)
 4 FCPATH\index.php(79): CodeIgniter\CodeIgniter->run()
 5 SYSTEMPATH\Commands\Server\rewrite.php(47): require_once('D:\\New folder\\My Folder\\e-absensi\\public\\index.php')
CRITICAL - 2025-05-30 04:38:57 --> Undefined constant "App\Controllers\NOTNULL"
in APPPATH\Controllers\History.php on line 126.
 1 SYSTEMPATH\CodeIgniter.php(919): App\Controllers\History->history_absensi()
 2 SYSTEMPATH\CodeIgniter.php(494): CodeIgniter\CodeIgniter->runController(Object(App\Controllers\History))
 3 SYSTEMPATH\CodeIgniter.php(353): CodeIgniter\CodeIgniter->handleRequest(null, Object(Config\Cache), false)
 4 FCPATH\index.php(79): CodeIgniter\CodeIgniter->run()
 5 SYSTEMPATH\Commands\Server\rewrite.php(47): require_once('D:\\New folder\\My Folder\\e-absensi\\public\\index.php')
CRITICAL - 2025-05-30 05:20:47 --> Cannot access offset of type string on string
in APPPATH\Views\Backend\MasterAbsen\detail-absen-karyawan.php on line 95.
 1 SYSTEMPATH\View\View.php(226): include()
 2 SYSTEMPATH\View\View.php(229): CodeIgniter\View\View->CodeIgniter\View\{closure}()
 3 SYSTEMPATH\Common.php(1188): CodeIgniter\View\View->render('Backend/MasterAbsen/detail-absen-karyawan', [], true)
 4 APPPATH\Controllers\Admin.php(89): view('Backend/MasterAbsen/detail-absen-karyawan', [...])
 5 SYSTEMPATH\CodeIgniter.php(919): App\Controllers\Admin->detail_absen_karyawan('60bd468c3400f73794e73c7694427c05af52ebda', 'c8d04e0b7d29ef35320bfb9fd0ef6db342ab8304')
 6 SYSTEMPATH\CodeIgniter.php(494): CodeIgniter\CodeIgniter->runController(Object(App\Controllers\Admin))
 7 SYSTEMPATH\CodeIgniter.php(353): CodeIgniter\CodeIgniter->handleRequest(null, Object(Config\Cache), false)
 8 FCPATH\index.php(79): CodeIgniter\CodeIgniter->run()
 9 SYSTEMPATH\Commands\Server\rewrite.php(47): require_once('D:\\New folder\\My Folder\\e-absensi\\public\\index.php')
CRITICAL - 2025-05-30 05:21:37 --> Cannot access offset of type string on string
in APPPATH\Views\Backend\MasterAbsen\detail-absen-karyawan.php on line 115.
 1 SYSTEMPATH\View\View.php(226): include()
 2 SYSTEMPATH\View\View.php(229): CodeIgniter\View\View->CodeIgniter\View\{closure}()
 3 SYSTEMPATH\Common.php(1188): CodeIgniter\View\View->render('Backend/MasterAbsen/detail-absen-karyawan', [], true)
 4 APPPATH\Controllers\Admin.php(89): view('Backend/MasterAbsen/detail-absen-karyawan', [...])
 5 SYSTEMPATH\CodeIgniter.php(919): App\Controllers\Admin->detail_absen_karyawan('60bd468c3400f73794e73c7694427c05af52ebda', 'c8d04e0b7d29ef35320bfb9fd0ef6db342ab8304')
 6 SYSTEMPATH\CodeIgniter.php(494): CodeIgniter\CodeIgniter->runController(Object(App\Controllers\Admin))
 7 SYSTEMPATH\CodeIgniter.php(353): CodeIgniter\CodeIgniter->handleRequest(null, Object(Config\Cache), false)
 8 FCPATH\index.php(79): CodeIgniter\CodeIgniter->run()
 9 SYSTEMPATH\Commands\Server\rewrite.php(47): require_once('D:\\New folder\\My Folder\\e-absensi\\public\\index.php')
CRITICAL - 2025-05-30 05:21:42 --> Cannot access offset of type string on string
in APPPATH\Views\Backend\MasterAbsen\detail-absen-karyawan.php on line 115.
 1 SYSTEMPATH\View\View.php(226): include()
 2 SYSTEMPATH\View\View.php(229): CodeIgniter\View\View->CodeIgniter\View\{closure}()
 3 SYSTEMPATH\Common.php(1188): CodeIgniter\View\View->render('Backend/MasterAbsen/detail-absen-karyawan', [], true)
 4 APPPATH\Controllers\Admin.php(89): view('Backend/MasterAbsen/detail-absen-karyawan', [...])
 5 SYSTEMPATH\CodeIgniter.php(919): App\Controllers\Admin->detail_absen_karyawan('60bd468c3400f73794e73c7694427c05af52ebda', 'c8d04e0b7d29ef35320bfb9fd0ef6db342ab8304')
 6 SYSTEMPATH\CodeIgniter.php(494): CodeIgniter\CodeIgniter->runController(Object(App\Controllers\Admin))
 7 SYSTEMPATH\CodeIgniter.php(353): CodeIgniter\CodeIgniter->handleRequest(null, Object(Config\Cache), false)
 8 FCPATH\index.php(79): CodeIgniter\CodeIgniter->run()
 9 SYSTEMPATH\Commands\Server\rewrite.php(47): require_once('D:\\New folder\\My Folder\\e-absensi\\public\\index.php')
CRITICAL - 2025-05-30 05:22:27 --> Cannot access offset of type string on string
in APPPATH\Views\Backend\MasterAbsen\detail-absen-karyawan.php on line 115.
 1 SYSTEMPATH\View\View.php(226): include()
 2 SYSTEMPATH\View\View.php(229): CodeIgniter\View\View->CodeIgniter\View\{closure}()
 3 SYSTEMPATH\Common.php(1188): CodeIgniter\View\View->render('Backend/MasterAbsen/detail-absen-karyawan', [], true)
 4 APPPATH\Controllers\Admin.php(89): view('Backend/MasterAbsen/detail-absen-karyawan', [...])
 5 SYSTEMPATH\CodeIgniter.php(919): App\Controllers\Admin->detail_absen_karyawan('60bd468c3400f73794e73c7694427c05af52ebda', 'c8d04e0b7d29ef35320bfb9fd0ef6db342ab8304')
 6 SYSTEMPATH\CodeIgniter.php(494): CodeIgniter\CodeIgniter->runController(Object(App\Controllers\Admin))
 7 SYSTEMPATH\CodeIgniter.php(353): CodeIgniter\CodeIgniter->handleRequest(null, Object(Config\Cache), false)
 8 FCPATH\index.php(79): CodeIgniter\CodeIgniter->run()
 9 SYSTEMPATH\Commands\Server\rewrite.php(47): require_once('D:\\New folder\\My Folder\\e-absensi\\public\\index.php')
