CRITICAL - 2025-06-01 02:43:21 --> Trying to access array offset on value of type null
in APPPATH\Controllers\Absen.php on line 29.
 1 APPPATH\Controllers\Absen.php(29): CodeIgniter\Debug\Exceptions->errorHandler(2, 'Trying to access array offset on value of type null', 'D:\\New folder\\My Folder\\e-absensi\\app\\Controllers\\Absen.php', 29)
 2 SYSTEMPATH\CodeIgniter.php(919): App\Controllers\Absen->presensi()
 3 SYSTEMPATH\CodeIgniter.php(494): CodeIgniter\CodeIgniter->runController(Object(App\Controllers\Absen))
 4 SYSTEMPATH\CodeIgniter.php(353): CodeIgniter\CodeIgniter->handleRequest(null, Object(Config\Cache), false)
 5 FCPATH\index.php(79): CodeIgniter\CodeIgniter->run()
 6 SYSTEMPATH\Commands\Server\rewrite.php(47): require_once('D:\\New folder\\My Folder\\e-absensi\\public\\index.php')
CRITICAL - 2025-06-01 04:20:27 --> Trying to access array offset on value of type null
in APPPATH\Views\Frontend\template\index.php on line 56.
 1 APPPATH\Views\Frontend\template\index.php(56): CodeIgniter\Debug\Exceptions->errorHandler(2, 'Trying to access array offset on value of type null', 'D:\\New folder\\My Folder\\e-absensi\\app\\Views\\Frontend\\template\\index.php', 56)
 2 SYSTEMPATH\View\View.php(226): include('D:\\New folder\\My Folder\\e-absensi\\app\\Views\\Frontend\\template\\index.php')
 3 SYSTEMPATH\View\View.php(229): CodeIgniter\View\View->CodeIgniter\View\{closure}()
 4 SYSTEMPATH\Common.php(1188): CodeIgniter\View\View->render('Frontend/template/index', [], true)
 5 APPPATH\Controllers\Home.php(39): view('Frontend/template/index', [...])
 6 SYSTEMPATH\CodeIgniter.php(919): App\Controllers\Home->home()
 7 SYSTEMPATH\CodeIgniter.php(494): CodeIgniter\CodeIgniter->runController(Object(App\Controllers\Home))
 8 SYSTEMPATH\CodeIgniter.php(353): CodeIgniter\CodeIgniter->handleRequest(null, Object(Config\Cache), false)
 9 FCPATH\index.php(79): CodeIgniter\CodeIgniter->run()
10 SYSTEMPATH\Commands\Server\rewrite.php(47): require_once('D:\\New folder\\My Folder\\e-absensi\\public\\index.php')
CRITICAL - 2025-06-01 04:20:27 --> Trying to access array offset on value of type null
in APPPATH\Views\Frontend\template\index.php on line 56.
 1 APPPATH\Views\Frontend\template\index.php(56): CodeIgniter\Debug\Exceptions->errorHandler(2, 'Trying to access array offset on value of type null', 'D:\\New folder\\My Folder\\e-absensi\\app\\Views\\Frontend\\template\\index.php', 56)
 2 SYSTEMPATH\View\View.php(226): include('D:\\New folder\\My Folder\\e-absensi\\app\\Views\\Frontend\\template\\index.php')
 3 SYSTEMPATH\View\View.php(229): CodeIgniter\View\View->CodeIgniter\View\{closure}()
 4 SYSTEMPATH\Common.php(1188): CodeIgniter\View\View->render('Frontend/template/index', [], true)
 5 APPPATH\Controllers\Home.php(39): view('Frontend/template/index', [...])
 6 SYSTEMPATH\CodeIgniter.php(919): App\Controllers\Home->home()
 7 SYSTEMPATH\CodeIgniter.php(494): CodeIgniter\CodeIgniter->runController(Object(App\Controllers\Home))
 8 SYSTEMPATH\CodeIgniter.php(353): CodeIgniter\CodeIgniter->handleRequest(null, Object(Config\Cache), false)
 9 FCPATH\index.php(79): CodeIgniter\CodeIgniter->run()
10 SYSTEMPATH\Commands\Server\rewrite.php(47): require_once('D:\\New folder\\My Folder\\e-absensi\\public\\index.php')
CRITICAL - 2025-06-01 04:24:23 --> Trying to access array offset on value of type null
in APPPATH\Views\Frontend\template\index.php on line 56.
 1 APPPATH\Views\Frontend\template\index.php(56): CodeIgniter\Debug\Exceptions->errorHandler(2, 'Trying to access array offset on value of type null', 'D:\\New folder\\My Folder\\e-absensi\\app\\Views\\Frontend\\template\\index.php', 56)
 2 SYSTEMPATH\View\View.php(226): include('D:\\New folder\\My Folder\\e-absensi\\app\\Views\\Frontend\\template\\index.php')
 3 SYSTEMPATH\View\View.php(229): CodeIgniter\View\View->CodeIgniter\View\{closure}()
 4 SYSTEMPATH\Common.php(1188): CodeIgniter\View\View->render('Frontend/template/index', [], true)
 5 APPPATH\Controllers\Home.php(39): view('Frontend/template/index', [...])
 6 SYSTEMPATH\CodeIgniter.php(919): App\Controllers\Home->home()
 7 SYSTEMPATH\CodeIgniter.php(494): CodeIgniter\CodeIgniter->runController(Object(App\Controllers\Home))
 8 SYSTEMPATH\CodeIgniter.php(353): CodeIgniter\CodeIgniter->handleRequest(null, Object(Config\Cache), false)
 9 FCPATH\index.php(79): CodeIgniter\CodeIgniter->run()
10 SYSTEMPATH\Commands\Server\rewrite.php(47): require_once('D:\\New folder\\My Folder\\e-absensi\\public\\index.php')
CRITICAL - 2025-06-01 04:24:24 --> Trying to access array offset on value of type null
in APPPATH\Views\Frontend\template\index.php on line 56.
 1 APPPATH\Views\Frontend\template\index.php(56): CodeIgniter\Debug\Exceptions->errorHandler(2, 'Trying to access array offset on value of type null', 'D:\\New folder\\My Folder\\e-absensi\\app\\Views\\Frontend\\template\\index.php', 56)
 2 SYSTEMPATH\View\View.php(226): include('D:\\New folder\\My Folder\\e-absensi\\app\\Views\\Frontend\\template\\index.php')
 3 SYSTEMPATH\View\View.php(229): CodeIgniter\View\View->CodeIgniter\View\{closure}()
 4 SYSTEMPATH\Common.php(1188): CodeIgniter\View\View->render('Frontend/template/index', [], true)
 5 APPPATH\Controllers\Home.php(39): view('Frontend/template/index', [...])
 6 SYSTEMPATH\CodeIgniter.php(919): App\Controllers\Home->home()
 7 SYSTEMPATH\CodeIgniter.php(494): CodeIgniter\CodeIgniter->runController(Object(App\Controllers\Home))
 8 SYSTEMPATH\CodeIgniter.php(353): CodeIgniter\CodeIgniter->handleRequest(null, Object(Config\Cache), false)
 9 FCPATH\index.php(79): CodeIgniter\CodeIgniter->run()
10 SYSTEMPATH\Commands\Server\rewrite.php(47): require_once('D:\\New folder\\My Folder\\e-absensi\\public\\index.php')
CRITICAL - 2025-06-01 04:29:25 --> Undefined array key "nama_karyawan"
in APPPATH\Views\Frontend\template\index.php on line 57.
 1 APPPATH\Views\Frontend\template\index.php(57): CodeIgniter\Debug\Exceptions->errorHandler(2, 'Undefined array key "nama_karyawan"', 'D:\\New folder\\My Folder\\e-absensi\\app\\Views\\Frontend\\template\\index.php', 57)
 2 SYSTEMPATH\View\View.php(226): include('D:\\New folder\\My Folder\\e-absensi\\app\\Views\\Frontend\\template\\index.php')
 3 SYSTEMPATH\View\View.php(229): CodeIgniter\View\View->CodeIgniter\View\{closure}()
 4 SYSTEMPATH\Common.php(1188): CodeIgniter\View\View->render('Frontend/template/index', [], true)
 5 APPPATH\Controllers\Home.php(50): view('Frontend/template/index', [...])
 6 SYSTEMPATH\CodeIgniter.php(919): App\Controllers\Home->home()
 7 SYSTEMPATH\CodeIgniter.php(494): CodeIgniter\CodeIgniter->runController(Object(App\Controllers\Home))
 8 SYSTEMPATH\CodeIgniter.php(353): CodeIgniter\CodeIgniter->handleRequest(null, Object(Config\Cache), false)
 9 FCPATH\index.php(79): CodeIgniter\CodeIgniter->run()
10 SYSTEMPATH\Commands\Server\rewrite.php(47): require_once('D:\\New folder\\My Folder\\e-absensi\\public\\index.php')
CRITICAL - 2025-06-01 04:29:26 --> Undefined array key "nama_karyawan"
in APPPATH\Views\Frontend\template\index.php on line 57.
 1 APPPATH\Views\Frontend\template\index.php(57): CodeIgniter\Debug\Exceptions->errorHandler(2, 'Undefined array key "nama_karyawan"', 'D:\\New folder\\My Folder\\e-absensi\\app\\Views\\Frontend\\template\\index.php', 57)
 2 SYSTEMPATH\View\View.php(226): include('D:\\New folder\\My Folder\\e-absensi\\app\\Views\\Frontend\\template\\index.php')
 3 SYSTEMPATH\View\View.php(229): CodeIgniter\View\View->CodeIgniter\View\{closure}()
 4 SYSTEMPATH\Common.php(1188): CodeIgniter\View\View->render('Frontend/template/index', [], true)
 5 APPPATH\Controllers\Home.php(50): view('Frontend/template/index', [...])
 6 SYSTEMPATH\CodeIgniter.php(919): App\Controllers\Home->home()
 7 SYSTEMPATH\CodeIgniter.php(494): CodeIgniter\CodeIgniter->runController(Object(App\Controllers\Home))
 8 SYSTEMPATH\CodeIgniter.php(353): CodeIgniter\CodeIgniter->handleRequest(null, Object(Config\Cache), false)
 9 FCPATH\index.php(79): CodeIgniter\CodeIgniter->run()
10 SYSTEMPATH\Commands\Server\rewrite.php(47): require_once('D:\\New folder\\My Folder\\e-absensi\\public\\index.php')
CRITICAL - 2025-06-01 04:33:02 --> Undefined array key "jam_masuk"
in APPPATH\Views\Frontend\template\index.php on line 79.
 1 APPPATH\Views\Frontend\template\index.php(79): CodeIgniter\Debug\Exceptions->errorHandler(2, 'Undefined array key "jam_masuk"', 'D:\\New folder\\My Folder\\e-absensi\\app\\Views\\Frontend\\template\\index.php', 79)
 2 SYSTEMPATH\View\View.php(226): include('D:\\New folder\\My Folder\\e-absensi\\app\\Views\\Frontend\\template\\index.php')
 3 SYSTEMPATH\View\View.php(229): CodeIgniter\View\View->CodeIgniter\View\{closure}()
 4 SYSTEMPATH\Common.php(1188): CodeIgniter\View\View->render('Frontend/template/index', [], true)
 5 APPPATH\Controllers\Home.php(54): view('Frontend/template/index', [...])
 6 SYSTEMPATH\CodeIgniter.php(919): App\Controllers\Home->home()
 7 SYSTEMPATH\CodeIgniter.php(494): CodeIgniter\CodeIgniter->runController(Object(App\Controllers\Home))
 8 SYSTEMPATH\CodeIgniter.php(353): CodeIgniter\CodeIgniter->handleRequest(null, Object(Config\Cache), false)
 9 FCPATH\index.php(79): CodeIgniter\CodeIgniter->run()
10 SYSTEMPATH\Commands\Server\rewrite.php(47): require_once('D:\\New folder\\My Folder\\e-absensi\\public\\index.php')
CRITICAL - 2025-06-01 04:33:03 --> Undefined array key "jam_masuk"
in APPPATH\Views\Frontend\template\index.php on line 79.
 1 APPPATH\Views\Frontend\template\index.php(79): CodeIgniter\Debug\Exceptions->errorHandler(2, 'Undefined array key "jam_masuk"', 'D:\\New folder\\My Folder\\e-absensi\\app\\Views\\Frontend\\template\\index.php', 79)
 2 SYSTEMPATH\View\View.php(226): include('D:\\New folder\\My Folder\\e-absensi\\app\\Views\\Frontend\\template\\index.php')
 3 SYSTEMPATH\View\View.php(229): CodeIgniter\View\View->CodeIgniter\View\{closure}()
 4 SYSTEMPATH\Common.php(1188): CodeIgniter\View\View->render('Frontend/template/index', [], true)
 5 APPPATH\Controllers\Home.php(54): view('Frontend/template/index', [...])
 6 SYSTEMPATH\CodeIgniter.php(919): App\Controllers\Home->home()
 7 SYSTEMPATH\CodeIgniter.php(494): CodeIgniter\CodeIgniter->runController(Object(App\Controllers\Home))
 8 SYSTEMPATH\CodeIgniter.php(353): CodeIgniter\CodeIgniter->handleRequest(null, Object(Config\Cache), false)
 9 FCPATH\index.php(79): CodeIgniter\CodeIgniter->run()
10 SYSTEMPATH\Commands\Server\rewrite.php(47): require_once('D:\\New folder\\My Folder\\e-absensi\\public\\index.php')
CRITICAL - 2025-06-01 04:36:46 --> Trying to access array offset on value of type null
in APPPATH\Controllers\Absen.php on line 29.
 1 APPPATH\Controllers\Absen.php(29): CodeIgniter\Debug\Exceptions->errorHandler(2, 'Trying to access array offset on value of type null', 'D:\\New folder\\My Folder\\e-absensi\\app\\Controllers\\Absen.php', 29)
 2 SYSTEMPATH\CodeIgniter.php(919): App\Controllers\Absen->presensi()
 3 SYSTEMPATH\CodeIgniter.php(494): CodeIgniter\CodeIgniter->runController(Object(App\Controllers\Absen))
 4 SYSTEMPATH\CodeIgniter.php(353): CodeIgniter\CodeIgniter->handleRequest(null, Object(Config\Cache), false)
 5 FCPATH\index.php(79): CodeIgniter\CodeIgniter->run()
 6 SYSTEMPATH\Commands\Server\rewrite.php(47): require_once('D:\\New folder\\My Folder\\e-absensi\\public\\index.php')
ERROR - 2025-06-01 04:44:54 --> mysqli_sql_exception: Unknown column 'alamat' in 'field list' in D:\New folder\My Folder\e-absensi\system\Database\MySQLi\Connection.php:306
Stack trace:
#0 D:\New folder\My Folder\e-absensi\system\Database\MySQLi\Connection.php(306): mysqli->query('UPDATE `tbl_kar...', 0)
#1 D:\New folder\My Folder\e-absensi\system\Database\BaseConnection.php(692): CodeIgniter\Database\MySQLi\Connection->execute('UPDATE `tbl_kar...')
#2 D:\New folder\My Folder\e-absensi\system\Database\BaseConnection.php(606): CodeIgniter\Database\BaseConnection->simpleQuery('UPDATE `tbl_kar...')
#3 D:\New folder\My Folder\e-absensi\system\Database\BaseBuilder.php(2475): CodeIgniter\Database\BaseConnection->query('UPDATE `tbl_kar...', Array, false)
#4 D:\New folder\My Folder\e-absensi\app\Models\M_Karyawan.php(58): CodeIgniter\Database\BaseBuilder->update(Array)
#5 D:\New folder\My Folder\e-absensi\app\Controllers\Profile.php(77): App\Models\M_Karyawan->updateDataKaryawan(Array, Array)
#6 D:\New folder\My Folder\e-absensi\system\CodeIgniter.php(919): App\Controllers\Profile->simpan_profile()
#7 D:\New folder\My Folder\e-absensi\system\CodeIgniter.php(494): CodeIgniter\CodeIgniter->runController(Object(App\Controllers\Profile))
#8 D:\New folder\My Folder\e-absensi\system\CodeIgniter.php(353): CodeIgniter\CodeIgniter->handleRequest(NULL, Object(Config\Cache), false)
#9 D:\New folder\My Folder\e-absensi\public\index.php(79): CodeIgniter\CodeIgniter->run()
#10 D:\New folder\My Folder\e-absensi\system\Commands\Server\rewrite.php(47): require_once('D:\\New folder\\M...')
#11 {main}
CRITICAL - 2025-06-01 04:44:54 --> Unknown column 'alamat' in 'field list'
in SYSTEMPATH\Database\BaseConnection.php on line 646.
 1 SYSTEMPATH\Database\BaseBuilder.php(2475): CodeIgniter\Database\BaseConnection->query('UPDATE `tbl_karyawan` SET `nik_karyawan` = :nik_karyawan:, `nama_karyawan` = :nama_karyawan:, `alamat` = :alamat:, `tgl_lahir` = :tgl_lahir:, `no_hp` = :no_hp:, `username` = :username:, `password` = :password:, `foto_karyawan` = :foto_karyawan:, `updated_at` = :updated_at:
WHERE `id_karyawan` = :id_karyawan:', [...], false)
 2 APPPATH\Models\M_Karyawan.php(58): CodeIgniter\Database\BaseBuilder->update([...])
 3 APPPATH\Controllers\Profile.php(77): App\Models\M_Karyawan->updateDataKaryawan([...], [...])
 4 SYSTEMPATH\CodeIgniter.php(919): App\Controllers\Profile->simpan_profile()
 5 SYSTEMPATH\CodeIgniter.php(494): CodeIgniter\CodeIgniter->runController(Object(App\Controllers\Profile))
 6 SYSTEMPATH\CodeIgniter.php(353): CodeIgniter\CodeIgniter->handleRequest(null, Object(Config\Cache), false)
 7 FCPATH\index.php(79): CodeIgniter\CodeIgniter->run()
 8 SYSTEMPATH\Commands\Server\rewrite.php(47): require_once('D:\\New folder\\My Folder\\e-absensi\\public\\index.php')
ERROR - 2025-06-01 04:45:47 --> mysqli_sql_exception: Unknown column 'alamat' in 'field list' in D:\New folder\My Folder\e-absensi\system\Database\MySQLi\Connection.php:306
Stack trace:
#0 D:\New folder\My Folder\e-absensi\system\Database\MySQLi\Connection.php(306): mysqli->query('UPDATE `tbl_kar...', 0)
#1 D:\New folder\My Folder\e-absensi\system\Database\BaseConnection.php(692): CodeIgniter\Database\MySQLi\Connection->execute('UPDATE `tbl_kar...')
#2 D:\New folder\My Folder\e-absensi\system\Database\BaseConnection.php(606): CodeIgniter\Database\BaseConnection->simpleQuery('UPDATE `tbl_kar...')
#3 D:\New folder\My Folder\e-absensi\system\Database\BaseBuilder.php(2475): CodeIgniter\Database\BaseConnection->query('UPDATE `tbl_kar...', Array, false)
#4 D:\New folder\My Folder\e-absensi\app\Models\M_Karyawan.php(58): CodeIgniter\Database\BaseBuilder->update(Array)
#5 D:\New folder\My Folder\e-absensi\app\Controllers\Profile.php(77): App\Models\M_Karyawan->updateDataKaryawan(Array, Array)
#6 D:\New folder\My Folder\e-absensi\system\CodeIgniter.php(919): App\Controllers\Profile->simpan_profile()
#7 D:\New folder\My Folder\e-absensi\system\CodeIgniter.php(494): CodeIgniter\CodeIgniter->runController(Object(App\Controllers\Profile))
#8 D:\New folder\My Folder\e-absensi\system\CodeIgniter.php(353): CodeIgniter\CodeIgniter->handleRequest(NULL, Object(Config\Cache), false)
#9 D:\New folder\My Folder\e-absensi\public\index.php(79): CodeIgniter\CodeIgniter->run()
#10 D:\New folder\My Folder\e-absensi\system\Commands\Server\rewrite.php(47): require_once('D:\\New folder\\M...')
#11 {main}
CRITICAL - 2025-06-01 04:45:47 --> Unknown column 'alamat' in 'field list'
in SYSTEMPATH\Database\BaseConnection.php on line 646.
 1 SYSTEMPATH\Database\BaseBuilder.php(2475): CodeIgniter\Database\BaseConnection->query('UPDATE `tbl_karyawan` SET `nik_karyawan` = :nik_karyawan:, `nama_karyawan` = :nama_karyawan:, `alamat` = :alamat:, `tgl_lahir` = :tgl_lahir:, `no_hp` = :no_hp:, `username` = :username:, `password` = :password:, `foto_karyawan` = :foto_karyawan:, `updated_at` = :updated_at:
WHERE `id_karyawan` = :id_karyawan:', [...], false)
 2 APPPATH\Models\M_Karyawan.php(58): CodeIgniter\Database\BaseBuilder->update([...])
 3 APPPATH\Controllers\Profile.php(77): App\Models\M_Karyawan->updateDataKaryawan([...], [...])
 4 SYSTEMPATH\CodeIgniter.php(919): App\Controllers\Profile->simpan_profile()
 5 SYSTEMPATH\CodeIgniter.php(494): CodeIgniter\CodeIgniter->runController(Object(App\Controllers\Profile))
 6 SYSTEMPATH\CodeIgniter.php(353): CodeIgniter\CodeIgniter->handleRequest(null, Object(Config\Cache), false)
 7 FCPATH\index.php(79): CodeIgniter\CodeIgniter->run()
 8 SYSTEMPATH\Commands\Server\rewrite.php(47): require_once('D:\\New folder\\My Folder\\e-absensi\\public\\index.php')
ERROR - 2025-06-01 04:47:16 --> mysqli_sql_exception: Unknown column 'alamat' in 'field list' in D:\New folder\My Folder\e-absensi\system\Database\MySQLi\Connection.php:306
Stack trace:
#0 D:\New folder\My Folder\e-absensi\system\Database\MySQLi\Connection.php(306): mysqli->query('UPDATE `tbl_kar...', 0)
#1 D:\New folder\My Folder\e-absensi\system\Database\BaseConnection.php(692): CodeIgniter\Database\MySQLi\Connection->execute('UPDATE `tbl_kar...')
#2 D:\New folder\My Folder\e-absensi\system\Database\BaseConnection.php(606): CodeIgniter\Database\BaseConnection->simpleQuery('UPDATE `tbl_kar...')
#3 D:\New folder\My Folder\e-absensi\system\Database\BaseBuilder.php(2475): CodeIgniter\Database\BaseConnection->query('UPDATE `tbl_kar...', Array, false)
#4 D:\New folder\My Folder\e-absensi\app\Models\M_Karyawan.php(58): CodeIgniter\Database\BaseBuilder->update(Array)
#5 D:\New folder\My Folder\e-absensi\app\Controllers\Profile.php(77): App\Models\M_Karyawan->updateDataKaryawan(Array, Array)
#6 D:\New folder\My Folder\e-absensi\system\CodeIgniter.php(919): App\Controllers\Profile->simpan_profile()
#7 D:\New folder\My Folder\e-absensi\system\CodeIgniter.php(494): CodeIgniter\CodeIgniter->runController(Object(App\Controllers\Profile))
#8 D:\New folder\My Folder\e-absensi\system\CodeIgniter.php(353): CodeIgniter\CodeIgniter->handleRequest(NULL, Object(Config\Cache), false)
#9 D:\New folder\My Folder\e-absensi\public\index.php(79): CodeIgniter\CodeIgniter->run()
#10 D:\New folder\My Folder\e-absensi\system\Commands\Server\rewrite.php(47): require_once('D:\\New folder\\M...')
#11 {main}
CRITICAL - 2025-06-01 04:47:16 --> Unknown column 'alamat' in 'field list'
in SYSTEMPATH\Database\BaseConnection.php on line 646.
 1 SYSTEMPATH\Database\BaseBuilder.php(2475): CodeIgniter\Database\BaseConnection->query('UPDATE `tbl_karyawan` SET `nik_karyawan` = :nik_karyawan:, `nama_karyawan` = :nama_karyawan:, `alamat` = :alamat:, `tgl_lahir` = :tgl_lahir:, `no_hp` = :no_hp:, `username` = :username:, `password` = :password:, `foto_karyawan` = :foto_karyawan:, `updated_at` = :updated_at:
WHERE `id_karyawan` = :id_karyawan:', [...], false)
 2 APPPATH\Models\M_Karyawan.php(58): CodeIgniter\Database\BaseBuilder->update([...])
 3 APPPATH\Controllers\Profile.php(77): App\Models\M_Karyawan->updateDataKaryawan([...], [...])
 4 SYSTEMPATH\CodeIgniter.php(919): App\Controllers\Profile->simpan_profile()
 5 SYSTEMPATH\CodeIgniter.php(494): CodeIgniter\CodeIgniter->runController(Object(App\Controllers\Profile))
 6 SYSTEMPATH\CodeIgniter.php(353): CodeIgniter\CodeIgniter->handleRequest(null, Object(Config\Cache), false)
 7 FCPATH\index.php(79): CodeIgniter\CodeIgniter->run()
 8 SYSTEMPATH\Commands\Server\rewrite.php(47): require_once('D:\\New folder\\My Folder\\e-absensi\\public\\index.php')
ERROR - 2025-06-01 04:47:24 --> mysqli_sql_exception: Unknown column 'alamat' in 'field list' in D:\New folder\My Folder\e-absensi\system\Database\MySQLi\Connection.php:306
Stack trace:
#0 D:\New folder\My Folder\e-absensi\system\Database\MySQLi\Connection.php(306): mysqli->query('UPDATE `tbl_kar...', 0)
#1 D:\New folder\My Folder\e-absensi\system\Database\BaseConnection.php(692): CodeIgniter\Database\MySQLi\Connection->execute('UPDATE `tbl_kar...')
#2 D:\New folder\My Folder\e-absensi\system\Database\BaseConnection.php(606): CodeIgniter\Database\BaseConnection->simpleQuery('UPDATE `tbl_kar...')
#3 D:\New folder\My Folder\e-absensi\system\Database\BaseBuilder.php(2475): CodeIgniter\Database\BaseConnection->query('UPDATE `tbl_kar...', Array, false)
#4 D:\New folder\My Folder\e-absensi\app\Models\M_Karyawan.php(58): CodeIgniter\Database\BaseBuilder->update(Array)
#5 D:\New folder\My Folder\e-absensi\app\Controllers\Profile.php(77): App\Models\M_Karyawan->updateDataKaryawan(Array, Array)
#6 D:\New folder\My Folder\e-absensi\system\CodeIgniter.php(919): App\Controllers\Profile->simpan_profile()
#7 D:\New folder\My Folder\e-absensi\system\CodeIgniter.php(494): CodeIgniter\CodeIgniter->runController(Object(App\Controllers\Profile))
#8 D:\New folder\My Folder\e-absensi\system\CodeIgniter.php(353): CodeIgniter\CodeIgniter->handleRequest(NULL, Object(Config\Cache), false)
#9 D:\New folder\My Folder\e-absensi\public\index.php(79): CodeIgniter\CodeIgniter->run()
#10 D:\New folder\My Folder\e-absensi\system\Commands\Server\rewrite.php(47): require_once('D:\\New folder\\M...')
#11 {main}
CRITICAL - 2025-06-01 04:47:24 --> Unknown column 'alamat' in 'field list'
in SYSTEMPATH\Database\BaseConnection.php on line 646.
 1 SYSTEMPATH\Database\BaseBuilder.php(2475): CodeIgniter\Database\BaseConnection->query('UPDATE `tbl_karyawan` SET `nik_karyawan` = :nik_karyawan:, `nama_karyawan` = :nama_karyawan:, `alamat` = :alamat:, `tgl_lahir` = :tgl_lahir:, `no_hp` = :no_hp:, `username` = :username:, `password` = :password:, `foto_karyawan` = :foto_karyawan:, `updated_at` = :updated_at:
WHERE `id_karyawan` = :id_karyawan:', [...], false)
 2 APPPATH\Models\M_Karyawan.php(58): CodeIgniter\Database\BaseBuilder->update([...])
 3 APPPATH\Controllers\Profile.php(77): App\Models\M_Karyawan->updateDataKaryawan([...], [...])
 4 SYSTEMPATH\CodeIgniter.php(919): App\Controllers\Profile->simpan_profile()
 5 SYSTEMPATH\CodeIgniter.php(494): CodeIgniter\CodeIgniter->runController(Object(App\Controllers\Profile))
 6 SYSTEMPATH\CodeIgniter.php(353): CodeIgniter\CodeIgniter->handleRequest(null, Object(Config\Cache), false)
 7 FCPATH\index.php(79): CodeIgniter\CodeIgniter->run()
 8 SYSTEMPATH\Commands\Server\rewrite.php(47): require_once('D:\\New folder\\My Folder\\e-absensi\\public\\index.php')
ERROR - 2025-06-01 04:47:50 --> mysqli_sql_exception: Unknown column 'alamat' in 'field list' in D:\New folder\My Folder\e-absensi\system\Database\MySQLi\Connection.php:306
Stack trace:
#0 D:\New folder\My Folder\e-absensi\system\Database\MySQLi\Connection.php(306): mysqli->query('UPDATE `tbl_kar...', 0)
#1 D:\New folder\My Folder\e-absensi\system\Database\BaseConnection.php(692): CodeIgniter\Database\MySQLi\Connection->execute('UPDATE `tbl_kar...')
#2 D:\New folder\My Folder\e-absensi\system\Database\BaseConnection.php(606): CodeIgniter\Database\BaseConnection->simpleQuery('UPDATE `tbl_kar...')
#3 D:\New folder\My Folder\e-absensi\system\Database\BaseBuilder.php(2475): CodeIgniter\Database\BaseConnection->query('UPDATE `tbl_kar...', Array, false)
#4 D:\New folder\My Folder\e-absensi\app\Models\M_Karyawan.php(58): CodeIgniter\Database\BaseBuilder->update(Array)
#5 D:\New folder\My Folder\e-absensi\app\Controllers\Profile.php(77): App\Models\M_Karyawan->updateDataKaryawan(Array, Array)
#6 D:\New folder\My Folder\e-absensi\system\CodeIgniter.php(919): App\Controllers\Profile->simpan_profile()
#7 D:\New folder\My Folder\e-absensi\system\CodeIgniter.php(494): CodeIgniter\CodeIgniter->runController(Object(App\Controllers\Profile))
#8 D:\New folder\My Folder\e-absensi\system\CodeIgniter.php(353): CodeIgniter\CodeIgniter->handleRequest(NULL, Object(Config\Cache), false)
#9 D:\New folder\My Folder\e-absensi\public\index.php(79): CodeIgniter\CodeIgniter->run()
#10 D:\New folder\My Folder\e-absensi\system\Commands\Server\rewrite.php(47): require_once('D:\\New folder\\M...')
#11 {main}
CRITICAL - 2025-06-01 04:47:50 --> Unknown column 'alamat' in 'field list'
in SYSTEMPATH\Database\BaseConnection.php on line 646.
 1 SYSTEMPATH\Database\BaseBuilder.php(2475): CodeIgniter\Database\BaseConnection->query('UPDATE `tbl_karyawan` SET `nik_karyawan` = :nik_karyawan:, `nama_karyawan` = :nama_karyawan:, `alamat` = :alamat:, `tgl_lahir` = :tgl_lahir:, `no_hp` = :no_hp:, `username` = :username:, `password` = :password:, `foto_karyawan` = :foto_karyawan:, `updated_at` = :updated_at:
WHERE `id_karyawan` = :id_karyawan:', [...], false)
 2 APPPATH\Models\M_Karyawan.php(58): CodeIgniter\Database\BaseBuilder->update([...])
 3 APPPATH\Controllers\Profile.php(77): App\Models\M_Karyawan->updateDataKaryawan([...], [...])
 4 SYSTEMPATH\CodeIgniter.php(919): App\Controllers\Profile->simpan_profile()
 5 SYSTEMPATH\CodeIgniter.php(494): CodeIgniter\CodeIgniter->runController(Object(App\Controllers\Profile))
 6 SYSTEMPATH\CodeIgniter.php(353): CodeIgniter\CodeIgniter->handleRequest(null, Object(Config\Cache), false)
 7 FCPATH\index.php(79): CodeIgniter\CodeIgniter->run()
 8 SYSTEMPATH\Commands\Server\rewrite.php(47): require_once('D:\\New folder\\My Folder\\e-absensi\\public\\index.php')
ERROR - 2025-06-01 04:48:11 --> mysqli_sql_exception: Unknown column 'alamat' in 'field list' in D:\New folder\My Folder\e-absensi\system\Database\MySQLi\Connection.php:306
Stack trace:
#0 D:\New folder\My Folder\e-absensi\system\Database\MySQLi\Connection.php(306): mysqli->query('UPDATE `tbl_kar...', 0)
#1 D:\New folder\My Folder\e-absensi\system\Database\BaseConnection.php(692): CodeIgniter\Database\MySQLi\Connection->execute('UPDATE `tbl_kar...')
#2 D:\New folder\My Folder\e-absensi\system\Database\BaseConnection.php(606): CodeIgniter\Database\BaseConnection->simpleQuery('UPDATE `tbl_kar...')
#3 D:\New folder\My Folder\e-absensi\system\Database\BaseBuilder.php(2475): CodeIgniter\Database\BaseConnection->query('UPDATE `tbl_kar...', Array, false)
#4 D:\New folder\My Folder\e-absensi\app\Models\M_Karyawan.php(58): CodeIgniter\Database\BaseBuilder->update(Array)
#5 D:\New folder\My Folder\e-absensi\app\Controllers\Profile.php(77): App\Models\M_Karyawan->updateDataKaryawan(Array, Array)
#6 D:\New folder\My Folder\e-absensi\system\CodeIgniter.php(919): App\Controllers\Profile->simpan_profile()
#7 D:\New folder\My Folder\e-absensi\system\CodeIgniter.php(494): CodeIgniter\CodeIgniter->runController(Object(App\Controllers\Profile))
#8 D:\New folder\My Folder\e-absensi\system\CodeIgniter.php(353): CodeIgniter\CodeIgniter->handleRequest(NULL, Object(Config\Cache), false)
#9 D:\New folder\My Folder\e-absensi\public\index.php(79): CodeIgniter\CodeIgniter->run()
#10 D:\New folder\My Folder\e-absensi\system\Commands\Server\rewrite.php(47): require_once('D:\\New folder\\M...')
#11 {main}
CRITICAL - 2025-06-01 04:48:11 --> Unknown column 'alamat' in 'field list'
in SYSTEMPATH\Database\BaseConnection.php on line 646.
 1 SYSTEMPATH\Database\BaseBuilder.php(2475): CodeIgniter\Database\BaseConnection->query('UPDATE `tbl_karyawan` SET `nik_karyawan` = :nik_karyawan:, `nama_karyawan` = :nama_karyawan:, `alamat` = :alamat:, `tgl_lahir` = :tgl_lahir:, `no_hp` = :no_hp:, `username` = :username:, `password` = :password:, `foto_karyawan` = :foto_karyawan:, `updated_at` = :updated_at:
WHERE `id_karyawan` = :id_karyawan:', [...], false)
 2 APPPATH\Models\M_Karyawan.php(58): CodeIgniter\Database\BaseBuilder->update([...])
 3 APPPATH\Controllers\Profile.php(77): App\Models\M_Karyawan->updateDataKaryawan([...], [...])
 4 SYSTEMPATH\CodeIgniter.php(919): App\Controllers\Profile->simpan_profile()
 5 SYSTEMPATH\CodeIgniter.php(494): CodeIgniter\CodeIgniter->runController(Object(App\Controllers\Profile))
 6 SYSTEMPATH\CodeIgniter.php(353): CodeIgniter\CodeIgniter->handleRequest(null, Object(Config\Cache), false)
 7 FCPATH\index.php(79): CodeIgniter\CodeIgniter->run()
 8 SYSTEMPATH\Commands\Server\rewrite.php(47): require_once('D:\\New folder\\My Folder\\e-absensi\\public\\index.php')
ERROR - 2025-06-01 04:48:19 --> mysqli_sql_exception: Unknown column 'alamat' in 'field list' in D:\New folder\My Folder\e-absensi\system\Database\MySQLi\Connection.php:306
Stack trace:
#0 D:\New folder\My Folder\e-absensi\system\Database\MySQLi\Connection.php(306): mysqli->query('UPDATE `tbl_kar...', 0)
#1 D:\New folder\My Folder\e-absensi\system\Database\BaseConnection.php(692): CodeIgniter\Database\MySQLi\Connection->execute('UPDATE `tbl_kar...')
#2 D:\New folder\My Folder\e-absensi\system\Database\BaseConnection.php(606): CodeIgniter\Database\BaseConnection->simpleQuery('UPDATE `tbl_kar...')
#3 D:\New folder\My Folder\e-absensi\system\Database\BaseBuilder.php(2475): CodeIgniter\Database\BaseConnection->query('UPDATE `tbl_kar...', Array, false)
#4 D:\New folder\My Folder\e-absensi\app\Models\M_Karyawan.php(58): CodeIgniter\Database\BaseBuilder->update(Array)
#5 D:\New folder\My Folder\e-absensi\app\Controllers\Profile.php(77): App\Models\M_Karyawan->updateDataKaryawan(Array, Array)
#6 D:\New folder\My Folder\e-absensi\system\CodeIgniter.php(919): App\Controllers\Profile->simpan_profile()
#7 D:\New folder\My Folder\e-absensi\system\CodeIgniter.php(494): CodeIgniter\CodeIgniter->runController(Object(App\Controllers\Profile))
#8 D:\New folder\My Folder\e-absensi\system\CodeIgniter.php(353): CodeIgniter\CodeIgniter->handleRequest(NULL, Object(Config\Cache), false)
#9 D:\New folder\My Folder\e-absensi\public\index.php(79): CodeIgniter\CodeIgniter->run()
#10 D:\New folder\My Folder\e-absensi\system\Commands\Server\rewrite.php(47): require_once('D:\\New folder\\M...')
#11 {main}
CRITICAL - 2025-06-01 04:48:19 --> Unknown column 'alamat' in 'field list'
in SYSTEMPATH\Database\BaseConnection.php on line 646.
 1 SYSTEMPATH\Database\BaseBuilder.php(2475): CodeIgniter\Database\BaseConnection->query('UPDATE `tbl_karyawan` SET `nik_karyawan` = :nik_karyawan:, `nama_karyawan` = :nama_karyawan:, `alamat` = :alamat:, `tgl_lahir` = :tgl_lahir:, `no_hp` = :no_hp:, `username` = :username:, `password` = :password:, `foto_karyawan` = :foto_karyawan:, `updated_at` = :updated_at:
WHERE `id_karyawan` = :id_karyawan:', [...], false)
 2 APPPATH\Models\M_Karyawan.php(58): CodeIgniter\Database\BaseBuilder->update([...])
 3 APPPATH\Controllers\Profile.php(77): App\Models\M_Karyawan->updateDataKaryawan([...], [...])
 4 SYSTEMPATH\CodeIgniter.php(919): App\Controllers\Profile->simpan_profile()
 5 SYSTEMPATH\CodeIgniter.php(494): CodeIgniter\CodeIgniter->runController(Object(App\Controllers\Profile))
 6 SYSTEMPATH\CodeIgniter.php(353): CodeIgniter\CodeIgniter->handleRequest(null, Object(Config\Cache), false)
 7 FCPATH\index.php(79): CodeIgniter\CodeIgniter->run()
 8 SYSTEMPATH\Commands\Server\rewrite.php(47): require_once('D:\\New folder\\My Folder\\e-absensi\\public\\index.php')
ERROR - 2025-06-01 04:48:25 --> mysqli_sql_exception: Unknown column 'alamat' in 'field list' in D:\New folder\My Folder\e-absensi\system\Database\MySQLi\Connection.php:306
Stack trace:
#0 D:\New folder\My Folder\e-absensi\system\Database\MySQLi\Connection.php(306): mysqli->query('UPDATE `tbl_kar...', 0)
#1 D:\New folder\My Folder\e-absensi\system\Database\BaseConnection.php(692): CodeIgniter\Database\MySQLi\Connection->execute('UPDATE `tbl_kar...')
#2 D:\New folder\My Folder\e-absensi\system\Database\BaseConnection.php(606): CodeIgniter\Database\BaseConnection->simpleQuery('UPDATE `tbl_kar...')
#3 D:\New folder\My Folder\e-absensi\system\Database\BaseBuilder.php(2475): CodeIgniter\Database\BaseConnection->query('UPDATE `tbl_kar...', Array, false)
#4 D:\New folder\My Folder\e-absensi\app\Models\M_Karyawan.php(58): CodeIgniter\Database\BaseBuilder->update(Array)
#5 D:\New folder\My Folder\e-absensi\app\Controllers\Profile.php(77): App\Models\M_Karyawan->updateDataKaryawan(Array, Array)
#6 D:\New folder\My Folder\e-absensi\system\CodeIgniter.php(919): App\Controllers\Profile->simpan_profile()
#7 D:\New folder\My Folder\e-absensi\system\CodeIgniter.php(494): CodeIgniter\CodeIgniter->runController(Object(App\Controllers\Profile))
#8 D:\New folder\My Folder\e-absensi\system\CodeIgniter.php(353): CodeIgniter\CodeIgniter->handleRequest(NULL, Object(Config\Cache), false)
#9 D:\New folder\My Folder\e-absensi\public\index.php(79): CodeIgniter\CodeIgniter->run()
#10 D:\New folder\My Folder\e-absensi\system\Commands\Server\rewrite.php(47): require_once('D:\\New folder\\M...')
#11 {main}
CRITICAL - 2025-06-01 04:48:25 --> Unknown column 'alamat' in 'field list'
in SYSTEMPATH\Database\BaseConnection.php on line 646.
 1 SYSTEMPATH\Database\BaseBuilder.php(2475): CodeIgniter\Database\BaseConnection->query('UPDATE `tbl_karyawan` SET `nik_karyawan` = :nik_karyawan:, `nama_karyawan` = :nama_karyawan:, `alamat` = :alamat:, `tgl_lahir` = :tgl_lahir:, `no_hp` = :no_hp:, `username` = :username:, `password` = :password:, `foto_karyawan` = :foto_karyawan:, `updated_at` = :updated_at:
WHERE `id_karyawan` = :id_karyawan:', [...], false)
 2 APPPATH\Models\M_Karyawan.php(58): CodeIgniter\Database\BaseBuilder->update([...])
 3 APPPATH\Controllers\Profile.php(77): App\Models\M_Karyawan->updateDataKaryawan([...], [...])
 4 SYSTEMPATH\CodeIgniter.php(919): App\Controllers\Profile->simpan_profile()
 5 SYSTEMPATH\CodeIgniter.php(494): CodeIgniter\CodeIgniter->runController(Object(App\Controllers\Profile))
 6 SYSTEMPATH\CodeIgniter.php(353): CodeIgniter\CodeIgniter->handleRequest(null, Object(Config\Cache), false)
 7 FCPATH\index.php(79): CodeIgniter\CodeIgniter->run()
 8 SYSTEMPATH\Commands\Server\rewrite.php(47): require_once('D:\\New folder\\My Folder\\e-absensi\\public\\index.php')
ERROR - 2025-06-01 04:51:24 --> mysqli_sql_exception: Unknown column 'alamat' in 'field list' in D:\New folder\My Folder\e-absensi\system\Database\MySQLi\Connection.php:306
Stack trace:
#0 D:\New folder\My Folder\e-absensi\system\Database\MySQLi\Connection.php(306): mysqli->query('UPDATE `tbl_kar...', 0)
#1 D:\New folder\My Folder\e-absensi\system\Database\BaseConnection.php(692): CodeIgniter\Database\MySQLi\Connection->execute('UPDATE `tbl_kar...')
#2 D:\New folder\My Folder\e-absensi\system\Database\BaseConnection.php(606): CodeIgniter\Database\BaseConnection->simpleQuery('UPDATE `tbl_kar...')
#3 D:\New folder\My Folder\e-absensi\system\Database\BaseBuilder.php(2475): CodeIgniter\Database\BaseConnection->query('UPDATE `tbl_kar...', Array, false)
#4 D:\New folder\My Folder\e-absensi\app\Models\M_Karyawan.php(58): CodeIgniter\Database\BaseBuilder->update(Array)
#5 D:\New folder\My Folder\e-absensi\app\Controllers\Profile.php(77): App\Models\M_Karyawan->updateDataKaryawan(Array, Array)
#6 D:\New folder\My Folder\e-absensi\system\CodeIgniter.php(919): App\Controllers\Profile->simpan_profile()
#7 D:\New folder\My Folder\e-absensi\system\CodeIgniter.php(494): CodeIgniter\CodeIgniter->runController(Object(App\Controllers\Profile))
#8 D:\New folder\My Folder\e-absensi\system\CodeIgniter.php(353): CodeIgniter\CodeIgniter->handleRequest(NULL, Object(Config\Cache), false)
#9 D:\New folder\My Folder\e-absensi\public\index.php(79): CodeIgniter\CodeIgniter->run()
#10 D:\New folder\My Folder\e-absensi\system\Commands\Server\rewrite.php(47): require_once('D:\\New folder\\M...')
#11 {main}
CRITICAL - 2025-06-01 04:51:24 --> Unknown column 'alamat' in 'field list'
in SYSTEMPATH\Database\BaseConnection.php on line 646.
 1 SYSTEMPATH\Database\BaseBuilder.php(2475): CodeIgniter\Database\BaseConnection->query('UPDATE `tbl_karyawan` SET `nik_karyawan` = :nik_karyawan:, `nama_karyawan` = :nama_karyawan:, `alamat` = :alamat:, `tgl_lahir` = :tgl_lahir:, `no_hp` = :no_hp:, `username` = :username:, `password` = :password:, `foto_karyawan` = :foto_karyawan:, `updated_at` = :updated_at:
WHERE `id_karyawan` = :id_karyawan:', [...], false)
 2 APPPATH\Models\M_Karyawan.php(58): CodeIgniter\Database\BaseBuilder->update([...])
 3 APPPATH\Controllers\Profile.php(77): App\Models\M_Karyawan->updateDataKaryawan([...], [...])
 4 SYSTEMPATH\CodeIgniter.php(919): App\Controllers\Profile->simpan_profile()
 5 SYSTEMPATH\CodeIgniter.php(494): CodeIgniter\CodeIgniter->runController(Object(App\Controllers\Profile))
 6 SYSTEMPATH\CodeIgniter.php(353): CodeIgniter\CodeIgniter->handleRequest(null, Object(Config\Cache), false)
 7 FCPATH\index.php(79): CodeIgniter\CodeIgniter->run()
 8 SYSTEMPATH\Commands\Server\rewrite.php(47): require_once('D:\\New folder\\My Folder\\e-absensi\\public\\index.php')
ERROR - 2025-06-01 04:51:35 --> mysqli_sql_exception: Unknown column 'alamat' in 'field list' in D:\New folder\My Folder\e-absensi\system\Database\MySQLi\Connection.php:306
Stack trace:
#0 D:\New folder\My Folder\e-absensi\system\Database\MySQLi\Connection.php(306): mysqli->query('UPDATE `tbl_kar...', 0)
#1 D:\New folder\My Folder\e-absensi\system\Database\BaseConnection.php(692): CodeIgniter\Database\MySQLi\Connection->execute('UPDATE `tbl_kar...')
#2 D:\New folder\My Folder\e-absensi\system\Database\BaseConnection.php(606): CodeIgniter\Database\BaseConnection->simpleQuery('UPDATE `tbl_kar...')
#3 D:\New folder\My Folder\e-absensi\system\Database\BaseBuilder.php(2475): CodeIgniter\Database\BaseConnection->query('UPDATE `tbl_kar...', Array, false)
#4 D:\New folder\My Folder\e-absensi\app\Models\M_Karyawan.php(58): CodeIgniter\Database\BaseBuilder->update(Array)
#5 D:\New folder\My Folder\e-absensi\app\Controllers\Profile.php(77): App\Models\M_Karyawan->updateDataKaryawan(Array, Array)
#6 D:\New folder\My Folder\e-absensi\system\CodeIgniter.php(919): App\Controllers\Profile->simpan_profile()
#7 D:\New folder\My Folder\e-absensi\system\CodeIgniter.php(494): CodeIgniter\CodeIgniter->runController(Object(App\Controllers\Profile))
#8 D:\New folder\My Folder\e-absensi\system\CodeIgniter.php(353): CodeIgniter\CodeIgniter->handleRequest(NULL, Object(Config\Cache), false)
#9 D:\New folder\My Folder\e-absensi\public\index.php(79): CodeIgniter\CodeIgniter->run()
#10 D:\New folder\My Folder\e-absensi\system\Commands\Server\rewrite.php(47): require_once('D:\\New folder\\M...')
#11 {main}
CRITICAL - 2025-06-01 04:51:35 --> Unknown column 'alamat' in 'field list'
in SYSTEMPATH\Database\BaseConnection.php on line 646.
 1 SYSTEMPATH\Database\BaseBuilder.php(2475): CodeIgniter\Database\BaseConnection->query('UPDATE `tbl_karyawan` SET `nik_karyawan` = :nik_karyawan:, `nama_karyawan` = :nama_karyawan:, `alamat` = :alamat:, `tgl_lahir` = :tgl_lahir:, `no_hp` = :no_hp:, `username` = :username:, `password` = :password:, `foto_karyawan` = :foto_karyawan:, `updated_at` = :updated_at:
WHERE `id_karyawan` = :id_karyawan:', [...], false)
 2 APPPATH\Models\M_Karyawan.php(58): CodeIgniter\Database\BaseBuilder->update([...])
 3 APPPATH\Controllers\Profile.php(77): App\Models\M_Karyawan->updateDataKaryawan([...], [...])
 4 SYSTEMPATH\CodeIgniter.php(919): App\Controllers\Profile->simpan_profile()
 5 SYSTEMPATH\CodeIgniter.php(494): CodeIgniter\CodeIgniter->runController(Object(App\Controllers\Profile))
 6 SYSTEMPATH\CodeIgniter.php(353): CodeIgniter\CodeIgniter->handleRequest(null, Object(Config\Cache), false)
 7 FCPATH\index.php(79): CodeIgniter\CodeIgniter->run()
 8 SYSTEMPATH\Commands\Server\rewrite.php(47): require_once('D:\\New folder\\My Folder\\e-absensi\\public\\index.php')
ERROR - 2025-06-01 05:04:57 --> mysqli_sql_exception: Unknown column 'alamat' in 'field list' in D:\New folder\My Folder\e-absensi\system\Database\MySQLi\Connection.php:306
Stack trace:
#0 D:\New folder\My Folder\e-absensi\system\Database\MySQLi\Connection.php(306): mysqli->query('UPDATE `tbl_kar...', 0)
#1 D:\New folder\My Folder\e-absensi\system\Database\BaseConnection.php(692): CodeIgniter\Database\MySQLi\Connection->execute('UPDATE `tbl_kar...')
#2 D:\New folder\My Folder\e-absensi\system\Database\BaseConnection.php(606): CodeIgniter\Database\BaseConnection->simpleQuery('UPDATE `tbl_kar...')
#3 D:\New folder\My Folder\e-absensi\system\Database\BaseBuilder.php(2475): CodeIgniter\Database\BaseConnection->query('UPDATE `tbl_kar...', Array, false)
#4 D:\New folder\My Folder\e-absensi\app\Models\M_Karyawan.php(58): CodeIgniter\Database\BaseBuilder->update(Array)
#5 D:\New folder\My Folder\e-absensi\app\Controllers\Profile.php(78): App\Models\M_Karyawan->updateDataKaryawan(Array, Array)
#6 D:\New folder\My Folder\e-absensi\system\CodeIgniter.php(919): App\Controllers\Profile->simpan_profile()
#7 D:\New folder\My Folder\e-absensi\system\CodeIgniter.php(494): CodeIgniter\CodeIgniter->runController(Object(App\Controllers\Profile))
#8 D:\New folder\My Folder\e-absensi\system\CodeIgniter.php(353): CodeIgniter\CodeIgniter->handleRequest(NULL, Object(Config\Cache), false)
#9 D:\New folder\My Folder\e-absensi\public\index.php(79): CodeIgniter\CodeIgniter->run()
#10 D:\New folder\My Folder\e-absensi\system\Commands\Server\rewrite.php(47): require_once('D:\\New folder\\M...')
#11 {main}
CRITICAL - 2025-06-01 05:04:57 --> Unknown column 'alamat' in 'field list'
in SYSTEMPATH\Database\BaseConnection.php on line 646.
 1 SYSTEMPATH\Database\BaseBuilder.php(2475): CodeIgniter\Database\BaseConnection->query('UPDATE `tbl_karyawan` SET `nik_karyawan` = :nik_karyawan:, `nama_karyawan` = :nama_karyawan:, `alamat` = :alamat:, `tgl_lahir` = :tgl_lahir:, `no_hp` = :no_hp:, `username` = :username:, `password` = :password:, `foto_karyawan` = :foto_karyawan:, `updated_at` = :updated_at:
WHERE `id_karyawan` = :id_karyawan:', [...], false)
 2 APPPATH\Models\M_Karyawan.php(58): CodeIgniter\Database\BaseBuilder->update([...])
 3 APPPATH\Controllers\Profile.php(78): App\Models\M_Karyawan->updateDataKaryawan([...], [...])
 4 SYSTEMPATH\CodeIgniter.php(919): App\Controllers\Profile->simpan_profile()
 5 SYSTEMPATH\CodeIgniter.php(494): CodeIgniter\CodeIgniter->runController(Object(App\Controllers\Profile))
 6 SYSTEMPATH\CodeIgniter.php(353): CodeIgniter\CodeIgniter->handleRequest(null, Object(Config\Cache), false)
 7 FCPATH\index.php(79): CodeIgniter\CodeIgniter->run()
 8 SYSTEMPATH\Commands\Server\rewrite.php(47): require_once('D:\\New folder\\My Folder\\e-absensi\\public\\index.php')
ERROR - 2025-06-01 12:28:00 --> mysqli_sql_exception: Unknown column 'alamat' in 'field list' in D:\New folder\My Folder\e-absensi\system\Database\MySQLi\Connection.php:306
Stack trace:
#0 D:\New folder\My Folder\e-absensi\system\Database\MySQLi\Connection.php(306): mysqli->query('UPDATE `tbl_kar...', 0)
#1 D:\New folder\My Folder\e-absensi\system\Database\BaseConnection.php(692): CodeIgniter\Database\MySQLi\Connection->execute('UPDATE `tbl_kar...')
#2 D:\New folder\My Folder\e-absensi\system\Database\BaseConnection.php(606): CodeIgniter\Database\BaseConnection->simpleQuery('UPDATE `tbl_kar...')
#3 D:\New folder\My Folder\e-absensi\system\Database\BaseBuilder.php(2475): CodeIgniter\Database\BaseConnection->query('UPDATE `tbl_kar...', Array, false)
#4 D:\New folder\My Folder\e-absensi\app\Models\M_Karyawan.php(58): CodeIgniter\Database\BaseBuilder->update(Array)
#5 D:\New folder\My Folder\e-absensi\app\Controllers\Profile.php(78): App\Models\M_Karyawan->updateDataKaryawan(Array, Array)
#6 D:\New folder\My Folder\e-absensi\system\CodeIgniter.php(919): App\Controllers\Profile->simpan_profile()
#7 D:\New folder\My Folder\e-absensi\system\CodeIgniter.php(494): CodeIgniter\CodeIgniter->runController(Object(App\Controllers\Profile))
#8 D:\New folder\My Folder\e-absensi\system\CodeIgniter.php(353): CodeIgniter\CodeIgniter->handleRequest(NULL, Object(Config\Cache), false)
#9 D:\New folder\My Folder\e-absensi\public\index.php(79): CodeIgniter\CodeIgniter->run()
#10 D:\New folder\My Folder\e-absensi\system\Commands\Server\rewrite.php(47): require_once('D:\\New folder\\M...')
#11 {main}
CRITICAL - 2025-06-01 12:28:00 --> Unknown column 'alamat' in 'field list'
in SYSTEMPATH\Database\BaseConnection.php on line 646.
 1 SYSTEMPATH\Database\BaseBuilder.php(2475): CodeIgniter\Database\BaseConnection->query('UPDATE `tbl_karyawan` SET `nik_karyawan` = :nik_karyawan:, `nama_karyawan` = :nama_karyawan:, `alamat` = :alamat:, `tgl_lahir` = :tgl_lahir:, `no_hp` = :no_hp:, `username` = :username:, `password` = :password:, `foto_karyawan` = :foto_karyawan:, `updated_at` = :updated_at:
WHERE `id_karyawan` = :id_karyawan:', [...], false)
 2 APPPATH\Models\M_Karyawan.php(58): CodeIgniter\Database\BaseBuilder->update([...])
 3 APPPATH\Controllers\Profile.php(78): App\Models\M_Karyawan->updateDataKaryawan([...], [...])
 4 SYSTEMPATH\CodeIgniter.php(919): App\Controllers\Profile->simpan_profile()
 5 SYSTEMPATH\CodeIgniter.php(494): CodeIgniter\CodeIgniter->runController(Object(App\Controllers\Profile))
 6 SYSTEMPATH\CodeIgniter.php(353): CodeIgniter\CodeIgniter->handleRequest(null, Object(Config\Cache), false)
 7 FCPATH\index.php(79): CodeIgniter\CodeIgniter->run()
 8 SYSTEMPATH\Commands\Server\rewrite.php(47): require_once('D:\\New folder\\My Folder\\e-absensi\\public\\index.php')
ERROR - 2025-06-01 12:30:18 --> mysqli_sql_exception: Unknown column 'alamat' in 'field list' in D:\New folder\My Folder\e-absensi\system\Database\MySQLi\Connection.php:306
Stack trace:
#0 D:\New folder\My Folder\e-absensi\system\Database\MySQLi\Connection.php(306): mysqli->query('UPDATE `tbl_kar...', 0)
#1 D:\New folder\My Folder\e-absensi\system\Database\BaseConnection.php(692): CodeIgniter\Database\MySQLi\Connection->execute('UPDATE `tbl_kar...')
#2 D:\New folder\My Folder\e-absensi\system\Database\BaseConnection.php(606): CodeIgniter\Database\BaseConnection->simpleQuery('UPDATE `tbl_kar...')
#3 D:\New folder\My Folder\e-absensi\system\Database\BaseBuilder.php(2475): CodeIgniter\Database\BaseConnection->query('UPDATE `tbl_kar...', Array, false)
#4 D:\New folder\My Folder\e-absensi\app\Models\M_Karyawan.php(58): CodeIgniter\Database\BaseBuilder->update(Array)
#5 D:\New folder\My Folder\e-absensi\app\Controllers\Profile.php(78): App\Models\M_Karyawan->updateDataKaryawan(Array, Array)
#6 D:\New folder\My Folder\e-absensi\system\CodeIgniter.php(919): App\Controllers\Profile->simpan_profile()
#7 D:\New folder\My Folder\e-absensi\system\CodeIgniter.php(494): CodeIgniter\CodeIgniter->runController(Object(App\Controllers\Profile))
#8 D:\New folder\My Folder\e-absensi\system\CodeIgniter.php(353): CodeIgniter\CodeIgniter->handleRequest(NULL, Object(Config\Cache), false)
#9 D:\New folder\My Folder\e-absensi\public\index.php(79): CodeIgniter\CodeIgniter->run()
#10 D:\New folder\My Folder\e-absensi\system\Commands\Server\rewrite.php(47): require_once('D:\\New folder\\M...')
#11 {main}
CRITICAL - 2025-06-01 12:30:18 --> Unknown column 'alamat' in 'field list'
in SYSTEMPATH\Database\BaseConnection.php on line 646.
 1 SYSTEMPATH\Database\BaseBuilder.php(2475): CodeIgniter\Database\BaseConnection->query('UPDATE `tbl_karyawan` SET `nik_karyawan` = :nik_karyawan:, `nama_karyawan` = :nama_karyawan:, `alamat` = :alamat:, `tgl_lahir` = :tgl_lahir:, `no_hp` = :no_hp:, `username` = :username:, `password` = :password:, `foto_karyawan` = :foto_karyawan:, `updated_at` = :updated_at:
WHERE `id_karyawan` = :id_karyawan:', [...], false)
 2 APPPATH\Models\M_Karyawan.php(58): CodeIgniter\Database\BaseBuilder->update([...])
 3 APPPATH\Controllers\Profile.php(78): App\Models\M_Karyawan->updateDataKaryawan([...], [...])
 4 SYSTEMPATH\CodeIgniter.php(919): App\Controllers\Profile->simpan_profile()
 5 SYSTEMPATH\CodeIgniter.php(494): CodeIgniter\CodeIgniter->runController(Object(App\Controllers\Profile))
 6 SYSTEMPATH\CodeIgniter.php(353): CodeIgniter\CodeIgniter->handleRequest(null, Object(Config\Cache), false)
 7 FCPATH\index.php(79): CodeIgniter\CodeIgniter->run()
 8 SYSTEMPATH\Commands\Server\rewrite.php(47): require_once('D:\\New folder\\My Folder\\e-absensi\\public\\index.php')
ERROR - 2025-06-01 12:31:33 --> mysqli_sql_exception: Unknown column 'alamat' in 'field list' in D:\New folder\My Folder\e-absensi\system\Database\MySQLi\Connection.php:306
Stack trace:
#0 D:\New folder\My Folder\e-absensi\system\Database\MySQLi\Connection.php(306): mysqli->query('UPDATE `tbl_kar...', 0)
#1 D:\New folder\My Folder\e-absensi\system\Database\BaseConnection.php(692): CodeIgniter\Database\MySQLi\Connection->execute('UPDATE `tbl_kar...')
#2 D:\New folder\My Folder\e-absensi\system\Database\BaseConnection.php(606): CodeIgniter\Database\BaseConnection->simpleQuery('UPDATE `tbl_kar...')
#3 D:\New folder\My Folder\e-absensi\system\Database\BaseBuilder.php(2475): CodeIgniter\Database\BaseConnection->query('UPDATE `tbl_kar...', Array, false)
#4 D:\New folder\My Folder\e-absensi\app\Models\M_Karyawan.php(58): CodeIgniter\Database\BaseBuilder->update(Array)
#5 D:\New folder\My Folder\e-absensi\app\Controllers\Profile.php(78): App\Models\M_Karyawan->updateDataKaryawan(Array, Array)
#6 D:\New folder\My Folder\e-absensi\system\CodeIgniter.php(919): App\Controllers\Profile->simpan_profile()
#7 D:\New folder\My Folder\e-absensi\system\CodeIgniter.php(494): CodeIgniter\CodeIgniter->runController(Object(App\Controllers\Profile))
#8 D:\New folder\My Folder\e-absensi\system\CodeIgniter.php(353): CodeIgniter\CodeIgniter->handleRequest(NULL, Object(Config\Cache), false)
#9 D:\New folder\My Folder\e-absensi\public\index.php(79): CodeIgniter\CodeIgniter->run()
#10 D:\New folder\My Folder\e-absensi\system\Commands\Server\rewrite.php(47): require_once('D:\\New folder\\M...')
#11 {main}
CRITICAL - 2025-06-01 12:31:33 --> Unknown column 'alamat' in 'field list'
in SYSTEMPATH\Database\BaseConnection.php on line 646.
 1 SYSTEMPATH\Database\BaseBuilder.php(2475): CodeIgniter\Database\BaseConnection->query('UPDATE `tbl_karyawan` SET `nik_karyawan` = :nik_karyawan:, `nama_karyawan` = :nama_karyawan:, `alamat` = :alamat:, `tgl_lahir` = :tgl_lahir:, `no_hp` = :no_hp:, `username` = :username:, `password` = :password:, `foto_karyawan` = :foto_karyawan:, `updated_at` = :updated_at:
WHERE `id_karyawan` = :id_karyawan:', [...], false)
 2 APPPATH\Models\M_Karyawan.php(58): CodeIgniter\Database\BaseBuilder->update([...])
 3 APPPATH\Controllers\Profile.php(78): App\Models\M_Karyawan->updateDataKaryawan([...], [...])
 4 SYSTEMPATH\CodeIgniter.php(919): App\Controllers\Profile->simpan_profile()
 5 SYSTEMPATH\CodeIgniter.php(494): CodeIgniter\CodeIgniter->runController(Object(App\Controllers\Profile))
 6 SYSTEMPATH\CodeIgniter.php(353): CodeIgniter\CodeIgniter->handleRequest(null, Object(Config\Cache), false)
 7 FCPATH\index.php(79): CodeIgniter\CodeIgniter->run()
 8 SYSTEMPATH\Commands\Server\rewrite.php(47): require_once('D:\\New folder\\My Folder\\e-absensi\\public\\index.php')
