ERROR - 2025-05-19 00:30:27 --> mysqli_sql_exception: Illegal parameter data types date and row for operation '=' in D:\New folder\My Folder\e-absensi\system\Database\MySQLi\Connection.php:306
Stack trace:
#0 D:\New folder\My Folder\e-absensi\system\Database\MySQLi\Connection.php(306): mysqli->query('SELECT *\nFROM `...', 0)
#1 D:\New folder\My Folder\e-absensi\system\Database\BaseConnection.php(692): CodeIgniter\Database\MySQLi\Connection->execute('SELECT *\nFROM `...')
#2 D:\New folder\My Folder\e-absensi\system\Database\BaseConnection.php(606): CodeIgniter\Database\BaseConnection->simpleQuery('SELECT *\nFROM `...')
#3 D:\New folder\My Folder\e-absensi\system\Database\BaseBuilder.php(1615): CodeIgniter\Database\BaseConnection->query('SELECT *\nFROM `...', Array, false)
#4 D:\New folder\My Folder\e-absensi\app\Models\M_Jadwal.php(22): CodeIgniter\Database\BaseBuilder->get()
#5 D:\New folder\My Folder\e-absensi\app\Controllers\Jadwal.php(67): App\Models\M_Jadwal->getDataJadwal(Array)
#6 D:\New folder\My Folder\e-absensi\system\CodeIgniter.php(919): App\Controllers\Jadwal->simpan_data_jadwal()
#7 D:\New folder\My Folder\e-absensi\system\CodeIgniter.php(494): CodeIgniter\CodeIgniter->runController(Object(App\Controllers\Jadwal))
#8 D:\New folder\My Folder\e-absensi\system\CodeIgniter.php(353): CodeIgniter\CodeIgniter->handleRequest(NULL, Object(Config\Cache), false)
#9 D:\New folder\My Folder\e-absensi\public\index.php(79): CodeIgniter\CodeIgniter->run()
#10 D:\New folder\My Folder\e-absensi\system\Commands\Server\rewrite.php(47): require_once('D:\\New folder\\M...')
#11 {main}
CRITICAL - 2025-05-19 00:30:27 --> Illegal parameter data types date and row for operation '='
in SYSTEMPATH\Database\BaseConnection.php on line 646.
 1 SYSTEMPATH\Database\BaseBuilder.php(1615): CodeIgniter\Database\BaseConnection->query('SELECT *
FROM `tbl_jadwal`
WHERE `tanggal` = :tanggal:
ORDER BY `id_jadwal` ASC', [...], false)
 2 APPPATH\Models\M_Jadwal.php(22): CodeIgniter\Database\BaseBuilder->get()
 3 APPPATH\Controllers\Jadwal.php(67): App\Models\M_Jadwal->getDataJadwal([...])
 4 SYSTEMPATH\CodeIgniter.php(919): App\Controllers\Jadwal->simpan_data_jadwal()
 5 SYSTEMPATH\CodeIgniter.php(494): CodeIgniter\CodeIgniter->runController(Object(App\Controllers\Jadwal))
 6 SYSTEMPATH\CodeIgniter.php(353): CodeIgniter\CodeIgniter->handleRequest(null, Object(Config\Cache), false)
 7 FCPATH\index.php(79): CodeIgniter\CodeIgniter->run()
 8 SYSTEMPATH\Commands\Server\rewrite.php(47): require_once('D:\\New folder\\My Folder\\e-absensi\\public\\index.php')
ERROR - 2025-05-19 00:38:38 --> mysqli_sql_exception: Duplicate entry '' for key 'PRIMARY' in D:\New folder\My Folder\e-absensi\system\Database\MySQLi\Connection.php:306
Stack trace:
#0 D:\New folder\My Folder\e-absensi\system\Database\MySQLi\Connection.php(306): mysqli->query('INSERT INTO `tb...', 0)
#1 D:\New folder\My Folder\e-absensi\system\Database\BaseConnection.php(692): CodeIgniter\Database\MySQLi\Connection->execute('INSERT INTO `tb...')
#2 D:\New folder\My Folder\e-absensi\system\Database\BaseConnection.php(606): CodeIgniter\Database\BaseConnection->simpleQuery('INSERT INTO `tb...')
#3 D:\New folder\My Folder\e-absensi\system\Database\BaseBuilder.php(2308): CodeIgniter\Database\BaseConnection->query('INSERT INTO `tb...', Array, false)
#4 D:\New folder\My Folder\e-absensi\app\Models\M_Jadwal.php(45): CodeIgniter\Database\BaseBuilder->insert(Array)
#5 D:\New folder\My Folder\e-absensi\app\Controllers\Jadwal.php(114): App\Models\M_Jadwal->saveDataJadwal(Array)
#6 D:\New folder\My Folder\e-absensi\system\CodeIgniter.php(919): App\Controllers\Jadwal->simpan_data_jadwal()
#7 D:\New folder\My Folder\e-absensi\system\CodeIgniter.php(494): CodeIgniter\CodeIgniter->runController(Object(App\Controllers\Jadwal))
#8 D:\New folder\My Folder\e-absensi\system\CodeIgniter.php(353): CodeIgniter\CodeIgniter->handleRequest(NULL, Object(Config\Cache), false)
#9 D:\New folder\My Folder\e-absensi\public\index.php(79): CodeIgniter\CodeIgniter->run()
#10 D:\New folder\My Folder\e-absensi\system\Commands\Server\rewrite.php(47): require_once('D:\\New folder\\M...')
#11 {main}
CRITICAL - 2025-05-19 00:38:38 --> Duplicate entry '' for key 'PRIMARY'
in SYSTEMPATH\Database\BaseConnection.php on line 646.
 1 SYSTEMPATH\Database\BaseBuilder.php(2308): CodeIgniter\Database\BaseConnection->query('INSERT INTO `tbl_jadwal` (`tanggal`, `keterangan`, `jam_masuk`, `jam_keluar`, `absen_dibuka`, `absen_telat`, `absen_alpha`) VALUES (:tanggal:, :keterangan:, :jam_masuk:, :jam_keluar:, :absen_dibuka:, :absen_telat:, :absen_alpha:)', [...], false)
 2 APPPATH\Models\M_Jadwal.php(45): CodeIgniter\Database\BaseBuilder->insert([...])
 3 APPPATH\Controllers\Jadwal.php(114): App\Models\M_Jadwal->saveDataJadwal([...])
 4 SYSTEMPATH\CodeIgniter.php(919): App\Controllers\Jadwal->simpan_data_jadwal()
 5 SYSTEMPATH\CodeIgniter.php(494): CodeIgniter\CodeIgniter->runController(Object(App\Controllers\Jadwal))
 6 SYSTEMPATH\CodeIgniter.php(353): CodeIgniter\CodeIgniter->handleRequest(null, Object(Config\Cache), false)
 7 FCPATH\index.php(79): CodeIgniter\CodeIgniter->run()
 8 SYSTEMPATH\Commands\Server\rewrite.php(47): require_once('D:\\New folder\\My Folder\\e-absensi\\public\\index.php')
CRITICAL - 2025-05-19 01:05:53 --> Undefined variable $modelAbsen
in APPPATH\Controllers\Jadwal.php on line 243.
 1 APPPATH\Controllers\Jadwal.php(243): CodeIgniter\Debug\Exceptions->errorHandler(2, 'Undefined variable $modelAbsen', 'D:\\New folder\\My Folder\\e-absensi\\app\\Controllers\\Jadwal.php', 243)
 2 SYSTEMPATH\CodeIgniter.php(919): App\Controllers\Jadwal->hapus_data_jadwal('JDWL2025051800004')
 3 SYSTEMPATH\CodeIgniter.php(494): CodeIgniter\CodeIgniter->runController(Object(App\Controllers\Jadwal))
 4 SYSTEMPATH\CodeIgniter.php(353): CodeIgniter\CodeIgniter->handleRequest(null, Object(Config\Cache), false)
 5 FCPATH\index.php(79): CodeIgniter\CodeIgniter->run()
 6 SYSTEMPATH\Commands\Server\rewrite.php(47): require_once('D:\\New folder\\My Folder\\e-absensi\\public\\index.php')
CRITICAL - 2025-05-19 02:27:54 --> Unmatched '}'
in APPPATH\Views\Backend\dashboard.php on line 143.
 1 SYSTEMPATH\View\View.php(229): CodeIgniter\View\View->CodeIgniter\View\{closure}()
 2 SYSTEMPATH\Common.php(1188): CodeIgniter\View\View->render('Backend/dashboard', [], true)
 3 APPPATH\Controllers\Admin.php(34): view('Backend/dashboard', [...])
 4 SYSTEMPATH\CodeIgniter.php(919): App\Controllers\Admin->dashboard()
 5 SYSTEMPATH\CodeIgniter.php(494): CodeIgniter\CodeIgniter->runController(Object(App\Controllers\Admin))
 6 SYSTEMPATH\CodeIgniter.php(353): CodeIgniter\CodeIgniter->handleRequest(null, Object(Config\Cache), false)
 7 FCPATH\index.php(79): CodeIgniter\CodeIgniter->run()
 8 SYSTEMPATH\Commands\Server\rewrite.php(47): require_once('D:\\New folder\\My Folder\\e-absensi\\public\\index.php')
CRITICAL - 2025-05-19 03:38:56 --> Trying to access array offset on value of type null
in APPPATH\Views\Backend\MasterAbsen\detail-absen-karyawan.php on line 46.
 1 APPPATH\Views\Backend\MasterAbsen\detail-absen-karyawan.php(46): CodeIgniter\Debug\Exceptions->errorHandler(2, 'Trying to access array offset on value of type null', 'D:\\New folder\\My Folder\\e-absensi\\app\\Views\\Backend\\MasterAbsen\\detail-absen-karyawan.php', 46)
 2 SYSTEMPATH\View\View.php(226): include('D:\\New folder\\My Folder\\e-absensi\\app\\Views\\Backend\\MasterAbsen\\detail-absen-karyawan.php')
 3 SYSTEMPATH\View\View.php(229): CodeIgniter\View\View->CodeIgniter\View\{closure}()
 4 SYSTEMPATH\Common.php(1188): CodeIgniter\View\View->render('Backend/MasterAbsen/detail-absen-karyawan', [], true)
 5 APPPATH\Controllers\Admin.php(54): view('Backend/MasterAbsen/detail-absen-karyawan', [...])
 6 SYSTEMPATH\CodeIgniter.php(919): App\Controllers\Admin->detail_absen_karyawan('ABSN2025051900002')
 7 SYSTEMPATH\CodeIgniter.php(494): CodeIgniter\CodeIgniter->runController(Object(App\Controllers\Admin))
 8 SYSTEMPATH\CodeIgniter.php(353): CodeIgniter\CodeIgniter->handleRequest(null, Object(Config\Cache), false)
 9 FCPATH\index.php(79): CodeIgniter\CodeIgniter->run()
10 SYSTEMPATH\Commands\Server\rewrite.php(47): require_once('D:\\New folder\\My Folder\\e-absensi\\public\\index.php')
CRITICAL - 2025-05-19 03:42:36 --> Undefined array key "nama_jabatan"
in APPPATH\Views\Backend\MasterAbsen\detail-absen-karyawan.php on line 39.
 1 APPPATH\Views\Backend\MasterAbsen\detail-absen-karyawan.php(39): CodeIgniter\Debug\Exceptions->errorHandler(2, 'Undefined array key "nama_jabatan"', 'D:\\New folder\\My Folder\\e-absensi\\app\\Views\\Backend\\MasterAbsen\\detail-absen-karyawan.php', 39)
 2 SYSTEMPATH\View\View.php(226): include('D:\\New folder\\My Folder\\e-absensi\\app\\Views\\Backend\\MasterAbsen\\detail-absen-karyawan.php')
 3 SYSTEMPATH\View\View.php(229): CodeIgniter\View\View->CodeIgniter\View\{closure}()
 4 SYSTEMPATH\Common.php(1188): CodeIgniter\View\View->render('Backend/MasterAbsen/detail-absen-karyawan', [], true)
 5 APPPATH\Controllers\Admin.php(54): view('Backend/MasterAbsen/detail-absen-karyawan', [...])
 6 SYSTEMPATH\CodeIgniter.php(919): App\Controllers\Admin->detail_absen_karyawan('56e93075f6db53c999ad4fc5c131e4616f08a126')
 7 SYSTEMPATH\CodeIgniter.php(494): CodeIgniter\CodeIgniter->runController(Object(App\Controllers\Admin))
 8 SYSTEMPATH\CodeIgniter.php(353): CodeIgniter\CodeIgniter->handleRequest(null, Object(Config\Cache), false)
 9 FCPATH\index.php(79): CodeIgniter\CodeIgniter->run()
10 SYSTEMPATH\Commands\Server\rewrite.php(47): require_once('D:\\New folder\\My Folder\\e-absensi\\public\\index.php')
CRITICAL - 2025-05-19 03:43:58 --> Undefined array key "nama_jabatan"
in APPPATH\Views\Backend\MasterAbsen\detail-absen-karyawan.php on line 39.
 1 APPPATH\Views\Backend\MasterAbsen\detail-absen-karyawan.php(39): CodeIgniter\Debug\Exceptions->errorHandler(2, 'Undefined array key "nama_jabatan"', 'D:\\New folder\\My Folder\\e-absensi\\app\\Views\\Backend\\MasterAbsen\\detail-absen-karyawan.php', 39)
 2 SYSTEMPATH\View\View.php(226): include('D:\\New folder\\My Folder\\e-absensi\\app\\Views\\Backend\\MasterAbsen\\detail-absen-karyawan.php')
 3 SYSTEMPATH\View\View.php(229): CodeIgniter\View\View->CodeIgniter\View\{closure}()
 4 SYSTEMPATH\Common.php(1188): CodeIgniter\View\View->render('Backend/MasterAbsen/detail-absen-karyawan', [], true)
 5 APPPATH\Controllers\Admin.php(54): view('Backend/MasterAbsen/detail-absen-karyawan', [...])
 6 SYSTEMPATH\CodeIgniter.php(919): App\Controllers\Admin->detail_absen_karyawan('56e93075f6db53c999ad4fc5c131e4616f08a126')
 7 SYSTEMPATH\CodeIgniter.php(494): CodeIgniter\CodeIgniter->runController(Object(App\Controllers\Admin))
 8 SYSTEMPATH\CodeIgniter.php(353): CodeIgniter\CodeIgniter->handleRequest(null, Object(Config\Cache), false)
 9 FCPATH\index.php(79): CodeIgniter\CodeIgniter->run()
10 SYSTEMPATH\Commands\Server\rewrite.php(47): require_once('D:\\New folder\\My Folder\\e-absensi\\public\\index.php')
CRITICAL - 2025-05-19 03:45:46 --> Undefined array key "nama_jabatan"
in APPPATH\Views\Backend\MasterAbsen\detail-absen-karyawan.php on line 39.
 1 APPPATH\Views\Backend\MasterAbsen\detail-absen-karyawan.php(39): CodeIgniter\Debug\Exceptions->errorHandler(2, 'Undefined array key "nama_jabatan"', 'D:\\New folder\\My Folder\\e-absensi\\app\\Views\\Backend\\MasterAbsen\\detail-absen-karyawan.php', 39)
 2 SYSTEMPATH\View\View.php(226): include('D:\\New folder\\My Folder\\e-absensi\\app\\Views\\Backend\\MasterAbsen\\detail-absen-karyawan.php')
 3 SYSTEMPATH\View\View.php(229): CodeIgniter\View\View->CodeIgniter\View\{closure}()
 4 SYSTEMPATH\Common.php(1188): CodeIgniter\View\View->render('Backend/MasterAbsen/detail-absen-karyawan', [], true)
 5 APPPATH\Controllers\Admin.php(55): view('Backend/MasterAbsen/detail-absen-karyawan', [...])
 6 SYSTEMPATH\CodeIgniter.php(919): App\Controllers\Admin->detail_absen_karyawan('56e93075f6db53c999ad4fc5c131e4616f08a126', '84d311325b890d6e7f1c0eb875c1263253c32947')
 7 SYSTEMPATH\CodeIgniter.php(494): CodeIgniter\CodeIgniter->runController(Object(App\Controllers\Admin))
 8 SYSTEMPATH\CodeIgniter.php(353): CodeIgniter\CodeIgniter->handleRequest(null, Object(Config\Cache), false)
 9 FCPATH\index.php(79): CodeIgniter\CodeIgniter->run()
10 SYSTEMPATH\Commands\Server\rewrite.php(47): require_once('D:\\New folder\\My Folder\\e-absensi\\public\\index.php')
CRITICAL - 2025-05-19 03:46:46 --> Undefined array key "nama_jabatan"
in APPPATH\Views\Backend\MasterAbsen\detail-absen-karyawan.php on line 39.
 1 APPPATH\Views\Backend\MasterAbsen\detail-absen-karyawan.php(39): CodeIgniter\Debug\Exceptions->errorHandler(2, 'Undefined array key "nama_jabatan"', 'D:\\New folder\\My Folder\\e-absensi\\app\\Views\\Backend\\MasterAbsen\\detail-absen-karyawan.php', 39)
 2 SYSTEMPATH\View\View.php(226): include('D:\\New folder\\My Folder\\e-absensi\\app\\Views\\Backend\\MasterAbsen\\detail-absen-karyawan.php')
 3 SYSTEMPATH\View\View.php(229): CodeIgniter\View\View->CodeIgniter\View\{closure}()
 4 SYSTEMPATH\Common.php(1188): CodeIgniter\View\View->render('Backend/MasterAbsen/detail-absen-karyawan', [], true)
 5 APPPATH\Controllers\Admin.php(55): view('Backend/MasterAbsen/detail-absen-karyawan', [...])
 6 SYSTEMPATH\CodeIgniter.php(919): App\Controllers\Admin->detail_absen_karyawan('56e93075f6db53c999ad4fc5c131e4616f08a126', '84d311325b890d6e7f1c0eb875c1263253c32947')
 7 SYSTEMPATH\CodeIgniter.php(494): CodeIgniter\CodeIgniter->runController(Object(App\Controllers\Admin))
 8 SYSTEMPATH\CodeIgniter.php(353): CodeIgniter\CodeIgniter->handleRequest(null, Object(Config\Cache), false)
 9 FCPATH\index.php(79): CodeIgniter\CodeIgniter->run()
10 SYSTEMPATH\Commands\Server\rewrite.php(47): require_once('D:\\New folder\\My Folder\\e-absensi\\public\\index.php')
CRITICAL - 2025-05-19 03:46:50 --> Undefined array key "nama_jabatan"
in APPPATH\Views\Backend\MasterAbsen\detail-absen-karyawan.php on line 39.
 1 APPPATH\Views\Backend\MasterAbsen\detail-absen-karyawan.php(39): CodeIgniter\Debug\Exceptions->errorHandler(2, 'Undefined array key "nama_jabatan"', 'D:\\New folder\\My Folder\\e-absensi\\app\\Views\\Backend\\MasterAbsen\\detail-absen-karyawan.php', 39)
 2 SYSTEMPATH\View\View.php(226): include('D:\\New folder\\My Folder\\e-absensi\\app\\Views\\Backend\\MasterAbsen\\detail-absen-karyawan.php')
 3 SYSTEMPATH\View\View.php(229): CodeIgniter\View\View->CodeIgniter\View\{closure}()
 4 SYSTEMPATH\Common.php(1188): CodeIgniter\View\View->render('Backend/MasterAbsen/detail-absen-karyawan', [], true)
 5 APPPATH\Controllers\Admin.php(55): view('Backend/MasterAbsen/detail-absen-karyawan', [...])
 6 SYSTEMPATH\CodeIgniter.php(919): App\Controllers\Admin->detail_absen_karyawan('56e93075f6db53c999ad4fc5c131e4616f08a126', '84d311325b890d6e7f1c0eb875c1263253c32947')
 7 SYSTEMPATH\CodeIgniter.php(494): CodeIgniter\CodeIgniter->runController(Object(App\Controllers\Admin))
 8 SYSTEMPATH\CodeIgniter.php(353): CodeIgniter\CodeIgniter->handleRequest(null, Object(Config\Cache), false)
 9 FCPATH\index.php(79): CodeIgniter\CodeIgniter->run()
10 SYSTEMPATH\Commands\Server\rewrite.php(47): require_once('D:\\New folder\\My Folder\\e-absensi\\public\\index.php')
CRITICAL - 2025-05-19 03:52:16 --> Undefined array key "nama_jabatan"
in APPPATH\Views\Backend\MasterAbsen\detail-absen-karyawan.php on line 39.
 1 APPPATH\Views\Backend\MasterAbsen\detail-absen-karyawan.php(39): CodeIgniter\Debug\Exceptions->errorHandler(2, 'Undefined array key "nama_jabatan"', 'D:\\New folder\\My Folder\\e-absensi\\app\\Views\\Backend\\MasterAbsen\\detail-absen-karyawan.php', 39)
 2 SYSTEMPATH\View\View.php(226): include('D:\\New folder\\My Folder\\e-absensi\\app\\Views\\Backend\\MasterAbsen\\detail-absen-karyawan.php')
 3 SYSTEMPATH\View\View.php(229): CodeIgniter\View\View->CodeIgniter\View\{closure}()
 4 SYSTEMPATH\Common.php(1188): CodeIgniter\View\View->render('Backend/MasterAbsen/detail-absen-karyawan', [], true)
 5 APPPATH\Controllers\Admin.php(55): view('Backend/MasterAbsen/detail-absen-karyawan', [...])
 6 SYSTEMPATH\CodeIgniter.php(919): App\Controllers\Admin->detail_absen_karyawan('56e93075f6db53c999ad4fc5c131e4616f08a126', '84d311325b890d6e7f1c0eb875c1263253c32947')
 7 SYSTEMPATH\CodeIgniter.php(494): CodeIgniter\CodeIgniter->runController(Object(App\Controllers\Admin))
 8 SYSTEMPATH\CodeIgniter.php(353): CodeIgniter\CodeIgniter->handleRequest(null, Object(Config\Cache), false)
 9 FCPATH\index.php(79): CodeIgniter\CodeIgniter->run()
10 SYSTEMPATH\Commands\Server\rewrite.php(47): require_once('D:\\New folder\\My Folder\\e-absensi\\public\\index.php')
CRITICAL - 2025-05-19 04:09:56 --> Undefined array key "nama_jabatan"
in APPPATH\Views\Backend\MasterAbsen\detail-absen-karyawan.php on line 41.
 1 APPPATH\Views\Backend\MasterAbsen\detail-absen-karyawan.php(41): CodeIgniter\Debug\Exceptions->errorHandler(2, 'Undefined array key "nama_jabatan"', 'D:\\New folder\\My Folder\\e-absensi\\app\\Views\\Backend\\MasterAbsen\\detail-absen-karyawan.php', 41)
 2 SYSTEMPATH\View\View.php(226): include('D:\\New folder\\My Folder\\e-absensi\\app\\Views\\Backend\\MasterAbsen\\detail-absen-karyawan.php')
 3 SYSTEMPATH\View\View.php(229): CodeIgniter\View\View->CodeIgniter\View\{closure}()
 4 SYSTEMPATH\Common.php(1188): CodeIgniter\View\View->render('Backend/MasterAbsen/detail-absen-karyawan', [], true)
 5 APPPATH\Controllers\Admin.php(58): view('Backend/MasterAbsen/detail-absen-karyawan', [...])
 6 SYSTEMPATH\CodeIgniter.php(919): App\Controllers\Admin->detail_absen_karyawan('56e93075f6db53c999ad4fc5c131e4616f08a126', '84d311325b890d6e7f1c0eb875c1263253c32947')
 7 SYSTEMPATH\CodeIgniter.php(494): CodeIgniter\CodeIgniter->runController(Object(App\Controllers\Admin))
 8 SYSTEMPATH\CodeIgniter.php(353): CodeIgniter\CodeIgniter->handleRequest(null, Object(Config\Cache), false)
 9 FCPATH\index.php(79): CodeIgniter\CodeIgniter->run()
10 SYSTEMPATH\Commands\Server\rewrite.php(47): require_once('D:\\New folder\\My Folder\\e-absensi\\public\\index.php')
CRITICAL - 2025-05-19 05:36:26 --> Trying to access array offset on value of type null
in APPPATH\Controllers\Admin.php on line 62.
 1 APPPATH\Controllers\Admin.php(62): CodeIgniter\Debug\Exceptions->errorHandler(2, 'Trying to access array offset on value of type null', 'D:\\New folder\\My Folder\\e-absensi\\app\\Controllers\\Admin.php', 62)
 2 SYSTEMPATH\CodeIgniter.php(919): App\Controllers\Admin->detail_absen_karyawan('56e93075f6db53c999ad4fc5c131e4616f08a126', '84d311325b890d6e7f1c0eb875c1263253c32947')
 3 SYSTEMPATH\CodeIgniter.php(494): CodeIgniter\CodeIgniter->runController(Object(App\Controllers\Admin))
 4 SYSTEMPATH\CodeIgniter.php(353): CodeIgniter\CodeIgniter->handleRequest(null, Object(Config\Cache), false)
 5 FCPATH\index.php(79): CodeIgniter\CodeIgniter->run()
 6 SYSTEMPATH\Commands\Server\rewrite.php(47): require_once('D:\\New folder\\My Folder\\e-absensi\\public\\index.php')
CRITICAL - 2025-05-19 05:38:56 --> Trying to access array offset on value of type null
in APPPATH\Controllers\Admin.php on line 62.
 1 APPPATH\Controllers\Admin.php(62): CodeIgniter\Debug\Exceptions->errorHandler(2, 'Trying to access array offset on value of type null', 'D:\\New folder\\My Folder\\e-absensi\\app\\Controllers\\Admin.php', 62)
 2 SYSTEMPATH\CodeIgniter.php(919): App\Controllers\Admin->detail_absen_karyawan('56e93075f6db53c999ad4fc5c131e4616f08a126', '84d311325b890d6e7f1c0eb875c1263253c32947')
 3 SYSTEMPATH\CodeIgniter.php(494): CodeIgniter\CodeIgniter->runController(Object(App\Controllers\Admin))
 4 SYSTEMPATH\CodeIgniter.php(353): CodeIgniter\CodeIgniter->handleRequest(null, Object(Config\Cache), false)
 5 FCPATH\index.php(79): CodeIgniter\CodeIgniter->run()
 6 SYSTEMPATH\Commands\Server\rewrite.php(47): require_once('D:\\New folder\\My Folder\\e-absensi\\public\\index.php')
CRITICAL - 2025-05-19 05:41:11 --> Trying to access array offset on value of type null
in APPPATH\Controllers\Admin.php on line 53.
 1 APPPATH\Controllers\Admin.php(53): CodeIgniter\Debug\Exceptions->errorHandler(2, 'Trying to access array offset on value of type null', 'D:\\New folder\\My Folder\\e-absensi\\app\\Controllers\\Admin.php', 53)
 2 SYSTEMPATH\CodeIgniter.php(919): App\Controllers\Admin->detail_absen_karyawan('56e93075f6db53c999ad4fc5c131e4616f08a126', '84d311325b890d6e7f1c0eb875c1263253c32947')
 3 SYSTEMPATH\CodeIgniter.php(494): CodeIgniter\CodeIgniter->runController(Object(App\Controllers\Admin))
 4 SYSTEMPATH\CodeIgniter.php(353): CodeIgniter\CodeIgniter->handleRequest(null, Object(Config\Cache), false)
 5 FCPATH\index.php(79): CodeIgniter\CodeIgniter->run()
 6 SYSTEMPATH\Commands\Server\rewrite.php(47): require_once('D:\\New folder\\My Folder\\e-absensi\\public\\index.php')
CRITICAL - 2025-05-19 05:41:22 --> Trying to access array offset on value of type null
in APPPATH\Controllers\Admin.php on line 53.
 1 APPPATH\Controllers\Admin.php(53): CodeIgniter\Debug\Exceptions->errorHandler(2, 'Trying to access array offset on value of type null', 'D:\\New folder\\My Folder\\e-absensi\\app\\Controllers\\Admin.php', 53)
 2 SYSTEMPATH\CodeIgniter.php(919): App\Controllers\Admin->detail_absen_karyawan('8beba8d55f3cd5ab2f1cd195bc084ca6493d4024', 'c8d04e0b7d29ef35320bfb9fd0ef6db342ab8304')
 3 SYSTEMPATH\CodeIgniter.php(494): CodeIgniter\CodeIgniter->runController(Object(App\Controllers\Admin))
 4 SYSTEMPATH\CodeIgniter.php(353): CodeIgniter\CodeIgniter->handleRequest(null, Object(Config\Cache), false)
 5 FCPATH\index.php(79): CodeIgniter\CodeIgniter->run()
 6 SYSTEMPATH\Commands\Server\rewrite.php(47): require_once('D:\\New folder\\My Folder\\e-absensi\\public\\index.php')
CRITICAL - 2025-05-19 05:45:29 --> Trying to access array offset on value of type null
in APPPATH\Controllers\Admin.php on line 65.
 1 APPPATH\Controllers\Admin.php(65): CodeIgniter\Debug\Exceptions->errorHandler(2, 'Trying to access array offset on value of type null', 'D:\\New folder\\My Folder\\e-absensi\\app\\Controllers\\Admin.php', 65)
 2 SYSTEMPATH\CodeIgniter.php(919): App\Controllers\Admin->detail_absen_karyawan('56e93075f6db53c999ad4fc5c131e4616f08a126', '84d311325b890d6e7f1c0eb875c1263253c32947')
 3 SYSTEMPATH\CodeIgniter.php(494): CodeIgniter\CodeIgniter->runController(Object(App\Controllers\Admin))
 4 SYSTEMPATH\CodeIgniter.php(353): CodeIgniter\CodeIgniter->handleRequest(null, Object(Config\Cache), false)
 5 FCPATH\index.php(79): CodeIgniter\CodeIgniter->run()
 6 SYSTEMPATH\Commands\Server\rewrite.php(47): require_once('D:\\New folder\\My Folder\\e-absensi\\public\\index.php')
CRITICAL - 2025-05-19 05:45:42 --> Undefined array key "tgl_mulai"
in APPPATH\Controllers\Admin.php on line 65.
 1 APPPATH\Controllers\Admin.php(65): CodeIgniter\Debug\Exceptions->errorHandler(2, 'Undefined array key "tgl_mulai"', 'D:\\New folder\\My Folder\\e-absensi\\app\\Controllers\\Admin.php', 65)
 2 SYSTEMPATH\CodeIgniter.php(919): App\Controllers\Admin->detail_absen_karyawan('56e93075f6db53c999ad4fc5c131e4616f08a126', '84d311325b890d6e7f1c0eb875c1263253c32947')
 3 SYSTEMPATH\CodeIgniter.php(494): CodeIgniter\CodeIgniter->runController(Object(App\Controllers\Admin))
 4 SYSTEMPATH\CodeIgniter.php(353): CodeIgniter\CodeIgniter->handleRequest(null, Object(Config\Cache), false)
 5 FCPATH\index.php(79): CodeIgniter\CodeIgniter->run()
 6 SYSTEMPATH\Commands\Server\rewrite.php(47): require_once('D:\\New folder\\My Folder\\e-absensi\\public\\index.php')
CRITICAL - 2025-05-19 05:57:20 --> Undefined variable $data
in APPPATH\Views\Backend\MasterAbsen\detail-absen-karyawan.php on line 65.
 1 APPPATH\Views\Backend\MasterAbsen\detail-absen-karyawan.php(65): CodeIgniter\Debug\Exceptions->errorHandler(2, 'Undefined variable $data', 'D:\\New folder\\My Folder\\e-absensi\\app\\Views\\Backend\\MasterAbsen\\detail-absen-karyawan.php', 65)
 2 SYSTEMPATH\View\View.php(226): include('D:\\New folder\\My Folder\\e-absensi\\app\\Views\\Backend\\MasterAbsen\\detail-absen-karyawan.php')
 3 SYSTEMPATH\View\View.php(229): CodeIgniter\View\View->CodeIgniter\View\{closure}()
 4 SYSTEMPATH\Common.php(1188): CodeIgniter\View\View->render('Backend/MasterAbsen/detail-absen-karyawan', [], true)
 5 APPPATH\Controllers\Admin.php(77): view('Backend/MasterAbsen/detail-absen-karyawan', [...])
 6 SYSTEMPATH\CodeIgniter.php(919): App\Controllers\Admin->detail_absen_karyawan('8beba8d55f3cd5ab2f1cd195bc084ca6493d4024', 'c8d04e0b7d29ef35320bfb9fd0ef6db342ab8304')
 7 SYSTEMPATH\CodeIgniter.php(494): CodeIgniter\CodeIgniter->runController(Object(App\Controllers\Admin))
 8 SYSTEMPATH\CodeIgniter.php(353): CodeIgniter\CodeIgniter->handleRequest(null, Object(Config\Cache), false)
 9 FCPATH\index.php(79): CodeIgniter\CodeIgniter->run()
10 SYSTEMPATH\Commands\Server\rewrite.php(47): require_once('D:\\New folder\\My Folder\\e-absensi\\public\\index.php')
ERROR - 2025-05-19 06:56:50 --> mysqli_sql_exception: You have an error in your SQL syntax; check the manual that corresponds to your MariaDB server version for the right syntax to use near ':0:
ORDER BY `tbl_absen`.`id_absen` ASC' at line 6 in D:\New folder\My Folder\e-absensi\system\Database\MySQLi\Connection.php:306
Stack trace:
#0 D:\New folder\My Folder\e-absensi\system\Database\MySQLi\Connection.php(306): mysqli->query('SELECT *\nFROM `...', 0)
#1 D:\New folder\My Folder\e-absensi\system\Database\BaseConnection.php(692): CodeIgniter\Database\MySQLi\Connection->execute('SELECT *\nFROM `...')
#2 D:\New folder\My Folder\e-absensi\system\Database\BaseConnection.php(606): CodeIgniter\Database\BaseConnection->simpleQuery('SELECT *\nFROM `...')
#3 D:\New folder\My Folder\e-absensi\system\Database\BaseBuilder.php(1615): CodeIgniter\Database\BaseConnection->query('SELECT *\nFROM `...', Array, false)
#4 D:\New folder\My Folder\e-absensi\app\Models\M_Absen.php(26): CodeIgniter\Database\BaseBuilder->get()
#5 D:\New folder\My Folder\e-absensi\app\Controllers\CekAbsen.php(19): App\Models\M_Absen->getDataAbsen(Array)
#6 D:\New folder\My Folder\e-absensi\system\CodeIgniter.php(919): App\Controllers\CekAbsen->cek_alpha()
#7 D:\New folder\My Folder\e-absensi\system\CodeIgniter.php(494): CodeIgniter\CodeIgniter->runController(Object(App\Controllers\CekAbsen))
#8 D:\New folder\My Folder\e-absensi\system\CodeIgniter.php(353): CodeIgniter\CodeIgniter->handleRequest(NULL, Object(Config\Cache), false)
#9 D:\New folder\My Folder\e-absensi\public\index.php(79): CodeIgniter\CodeIgniter->run()
#10 D:\New folder\My Folder\e-absensi\system\Commands\Server\rewrite.php(47): require_once('D:\\New folder\\M...')
#11 {main}
CRITICAL - 2025-05-19 06:56:50 --> You have an error in your SQL syntax; check the manual that corresponds to your MariaDB server version for the right syntax to use near ':0:
ORDER BY `tbl_absen`.`id_absen` ASC' at line 6
in SYSTEMPATH\Database\BaseConnection.php on line 646.
 1 SYSTEMPATH\Database\BaseBuilder.php(1615): CodeIgniter\Database\BaseConnection->query('SELECT *
FROM `tbl_absen`
LEFT JOIN `tbl_karyawan` ON `tbl_karyawan`.`id_karyawan` = `tbl_absen`.`id_karyawan`
LEFT JOIN `tbl_jadwal` ON `tbl_jadwal`.`id_jadwal` = `tbl_absen`.`id_jadwal`
WHERE `tbl_absen`.`status` IS NULL
AND 0 = :0:
ORDER BY `tbl_absen`.`id_absen` ASC', [...], false)
 2 APPPATH\Models\M_Absen.php(26): CodeIgniter\Database\BaseBuilder->get()
 3 APPPATH\Controllers\CekAbsen.php(19): App\Models\M_Absen->getDataAbsen([...])
 4 SYSTEMPATH\CodeIgniter.php(919): App\Controllers\CekAbsen->cek_alpha()
 5 SYSTEMPATH\CodeIgniter.php(494): CodeIgniter\CodeIgniter->runController(Object(App\Controllers\CekAbsen))
 6 SYSTEMPATH\CodeIgniter.php(353): CodeIgniter\CodeIgniter->handleRequest(null, Object(Config\Cache), false)
 7 FCPATH\index.php(79): CodeIgniter\CodeIgniter->run()
 8 SYSTEMPATH\Commands\Server\rewrite.php(47): require_once('D:\\New folder\\My Folder\\e-absensi\\public\\index.php')
ERROR - 2025-05-19 06:56:51 --> mysqli_sql_exception: You have an error in your SQL syntax; check the manual that corresponds to your MariaDB server version for the right syntax to use near ':0:
ORDER BY `tbl_absen`.`id_absen` ASC' at line 6 in D:\New folder\My Folder\e-absensi\system\Database\MySQLi\Connection.php:306
Stack trace:
#0 D:\New folder\My Folder\e-absensi\system\Database\MySQLi\Connection.php(306): mysqli->query('SELECT *\nFROM `...', 0)
#1 D:\New folder\My Folder\e-absensi\system\Database\BaseConnection.php(692): CodeIgniter\Database\MySQLi\Connection->execute('SELECT *\nFROM `...')
#2 D:\New folder\My Folder\e-absensi\system\Database\BaseConnection.php(606): CodeIgniter\Database\BaseConnection->simpleQuery('SELECT *\nFROM `...')
#3 D:\New folder\My Folder\e-absensi\system\Database\BaseBuilder.php(1615): CodeIgniter\Database\BaseConnection->query('SELECT *\nFROM `...', Array, false)
#4 D:\New folder\My Folder\e-absensi\app\Models\M_Absen.php(26): CodeIgniter\Database\BaseBuilder->get()
#5 D:\New folder\My Folder\e-absensi\app\Controllers\CekAbsen.php(19): App\Models\M_Absen->getDataAbsen(Array)
#6 D:\New folder\My Folder\e-absensi\system\CodeIgniter.php(919): App\Controllers\CekAbsen->cek_alpha()
#7 D:\New folder\My Folder\e-absensi\system\CodeIgniter.php(494): CodeIgniter\CodeIgniter->runController(Object(App\Controllers\CekAbsen))
#8 D:\New folder\My Folder\e-absensi\system\CodeIgniter.php(353): CodeIgniter\CodeIgniter->handleRequest(NULL, Object(Config\Cache), false)
#9 D:\New folder\My Folder\e-absensi\public\index.php(79): CodeIgniter\CodeIgniter->run()
#10 D:\New folder\My Folder\e-absensi\system\Commands\Server\rewrite.php(47): require_once('D:\\New folder\\M...')
#11 {main}
CRITICAL - 2025-05-19 06:56:51 --> You have an error in your SQL syntax; check the manual that corresponds to your MariaDB server version for the right syntax to use near ':0:
ORDER BY `tbl_absen`.`id_absen` ASC' at line 6
in SYSTEMPATH\Database\BaseConnection.php on line 646.
 1 SYSTEMPATH\Database\BaseBuilder.php(1615): CodeIgniter\Database\BaseConnection->query('SELECT *
FROM `tbl_absen`
LEFT JOIN `tbl_karyawan` ON `tbl_karyawan`.`id_karyawan` = `tbl_absen`.`id_karyawan`
LEFT JOIN `tbl_jadwal` ON `tbl_jadwal`.`id_jadwal` = `tbl_absen`.`id_jadwal`
WHERE `tbl_absen`.`status` IS NULL
AND 0 = :0:
ORDER BY `tbl_absen`.`id_absen` ASC', [...], false)
 2 APPPATH\Models\M_Absen.php(26): CodeIgniter\Database\BaseBuilder->get()
 3 APPPATH\Controllers\CekAbsen.php(19): App\Models\M_Absen->getDataAbsen([...])
 4 SYSTEMPATH\CodeIgniter.php(919): App\Controllers\CekAbsen->cek_alpha()
 5 SYSTEMPATH\CodeIgniter.php(494): CodeIgniter\CodeIgniter->runController(Object(App\Controllers\CekAbsen))
 6 SYSTEMPATH\CodeIgniter.php(353): CodeIgniter\CodeIgniter->handleRequest(null, Object(Config\Cache), false)
 7 FCPATH\index.php(79): CodeIgniter\CodeIgniter->run()
 8 SYSTEMPATH\Commands\Server\rewrite.php(47): require_once('D:\\New folder\\My Folder\\e-absensi\\public\\index.php')
CRITICAL - 2025-05-19 06:58:45 --> Undefined array key "tbl_absen.id_jadwal"
in APPPATH\Controllers\CekAbsen.php on line 25.
 1 APPPATH\Controllers\CekAbsen.php(25): CodeIgniter\Debug\Exceptions->errorHandler(2, 'Undefined array key "tbl_absen.id_jadwal"', 'D:\\New folder\\My Folder\\e-absensi\\app\\Controllers\\CekAbsen.php', 25)
 2 SYSTEMPATH\CodeIgniter.php(919): App\Controllers\CekAbsen->cek_alpha()
 3 SYSTEMPATH\CodeIgniter.php(494): CodeIgniter\CodeIgniter->runController(Object(App\Controllers\CekAbsen))
 4 SYSTEMPATH\CodeIgniter.php(353): CodeIgniter\CodeIgniter->handleRequest(null, Object(Config\Cache), false)
 5 FCPATH\index.php(79): CodeIgniter\CodeIgniter->run()
 6 SYSTEMPATH\Commands\Server\rewrite.php(47): require_once('D:\\New folder\\My Folder\\e-absensi\\public\\index.php')
CRITICAL - 2025-05-19 06:58:46 --> Undefined array key "tbl_absen.id_jadwal"
in APPPATH\Controllers\CekAbsen.php on line 25.
 1 APPPATH\Controllers\CekAbsen.php(25): CodeIgniter\Debug\Exceptions->errorHandler(2, 'Undefined array key "tbl_absen.id_jadwal"', 'D:\\New folder\\My Folder\\e-absensi\\app\\Controllers\\CekAbsen.php', 25)
 2 SYSTEMPATH\CodeIgniter.php(919): App\Controllers\CekAbsen->cek_alpha()
 3 SYSTEMPATH\CodeIgniter.php(494): CodeIgniter\CodeIgniter->runController(Object(App\Controllers\CekAbsen))
 4 SYSTEMPATH\CodeIgniter.php(353): CodeIgniter\CodeIgniter->handleRequest(null, Object(Config\Cache), false)
 5 FCPATH\index.php(79): CodeIgniter\CodeIgniter->run()
 6 SYSTEMPATH\Commands\Server\rewrite.php(47): require_once('D:\\New folder\\My Folder\\e-absensi\\public\\index.php')
CRITICAL - 2025-05-19 06:58:58 --> Cannot access offset of type string on string
in APPPATH\Controllers\CekAbsen.php on line 29.
 1 SYSTEMPATH\CodeIgniter.php(919): App\Controllers\CekAbsen->cek_alpha()
 2 SYSTEMPATH\CodeIgniter.php(494): CodeIgniter\CodeIgniter->runController(Object(App\Controllers\CekAbsen))
 3 SYSTEMPATH\CodeIgniter.php(353): CodeIgniter\CodeIgniter->handleRequest(null, Object(Config\Cache), false)
 4 FCPATH\index.php(79): CodeIgniter\CodeIgniter->run()
 5 SYSTEMPATH\Commands\Server\rewrite.php(47): require_once('D:\\New folder\\My Folder\\e-absensi\\public\\index.php')
CRITICAL - 2025-05-19 06:58:58 --> Cannot access offset of type string on string
in APPPATH\Controllers\CekAbsen.php on line 29.
 1 SYSTEMPATH\CodeIgniter.php(919): App\Controllers\CekAbsen->cek_alpha()
 2 SYSTEMPATH\CodeIgniter.php(494): CodeIgniter\CodeIgniter->runController(Object(App\Controllers\CekAbsen))
 3 SYSTEMPATH\CodeIgniter.php(353): CodeIgniter\CodeIgniter->handleRequest(null, Object(Config\Cache), false)
 4 FCPATH\index.php(79): CodeIgniter\CodeIgniter->run()
 5 SYSTEMPATH\Commands\Server\rewrite.php(47): require_once('D:\\New folder\\My Folder\\e-absensi\\public\\index.php')
CRITICAL - 2025-05-19 07:00:09 --> Undefined array key "jam_keluar"
in APPPATH\Controllers\CekAbsen.php on line 30.
 1 APPPATH\Controllers\CekAbsen.php(30): CodeIgniter\Debug\Exceptions->errorHandler(2, 'Undefined array key "jam_keluar"', 'D:\\New folder\\My Folder\\e-absensi\\app\\Controllers\\CekAbsen.php', 30)
 2 SYSTEMPATH\CodeIgniter.php(919): App\Controllers\CekAbsen->cek_alpha()
 3 SYSTEMPATH\CodeIgniter.php(494): CodeIgniter\CodeIgniter->runController(Object(App\Controllers\CekAbsen))
 4 SYSTEMPATH\CodeIgniter.php(353): CodeIgniter\CodeIgniter->handleRequest(null, Object(Config\Cache), false)
 5 FCPATH\index.php(79): CodeIgniter\CodeIgniter->run()
 6 SYSTEMPATH\Commands\Server\rewrite.php(47): require_once('D:\\New folder\\My Folder\\e-absensi\\public\\index.php')
CRITICAL - 2025-05-19 07:00:10 --> Undefined array key "jam_keluar"
in APPPATH\Controllers\CekAbsen.php on line 30.
 1 APPPATH\Controllers\CekAbsen.php(30): CodeIgniter\Debug\Exceptions->errorHandler(2, 'Undefined array key "jam_keluar"', 'D:\\New folder\\My Folder\\e-absensi\\app\\Controllers\\CekAbsen.php', 30)
 2 SYSTEMPATH\CodeIgniter.php(919): App\Controllers\CekAbsen->cek_alpha()
 3 SYSTEMPATH\CodeIgniter.php(494): CodeIgniter\CodeIgniter->runController(Object(App\Controllers\CekAbsen))
 4 SYSTEMPATH\CodeIgniter.php(353): CodeIgniter\CodeIgniter->handleRequest(null, Object(Config\Cache), false)
 5 FCPATH\index.php(79): CodeIgniter\CodeIgniter->run()
 6 SYSTEMPATH\Commands\Server\rewrite.php(47): require_once('D:\\New folder\\My Folder\\e-absensi\\public\\index.php')
CRITICAL - 2025-05-19 07:00:26 --> Undefined array key "jam_keluar"
in APPPATH\Controllers\CekAbsen.php on line 30.
 1 APPPATH\Controllers\CekAbsen.php(30): CodeIgniter\Debug\Exceptions->errorHandler(2, 'Undefined array key "jam_keluar"', 'D:\\New folder\\My Folder\\e-absensi\\app\\Controllers\\CekAbsen.php', 30)
 2 SYSTEMPATH\CodeIgniter.php(919): App\Controllers\CekAbsen->cek_alpha()
 3 SYSTEMPATH\CodeIgniter.php(494): CodeIgniter\CodeIgniter->runController(Object(App\Controllers\CekAbsen))
 4 SYSTEMPATH\CodeIgniter.php(353): CodeIgniter\CodeIgniter->handleRequest(null, Object(Config\Cache), false)
 5 FCPATH\index.php(79): CodeIgniter\CodeIgniter->run()
 6 SYSTEMPATH\Commands\Server\rewrite.php(47): require_once('D:\\New folder\\My Folder\\e-absensi\\public\\index.php')
CRITICAL - 2025-05-19 07:00:26 --> Undefined array key "jam_keluar"
in APPPATH\Controllers\CekAbsen.php on line 30.
 1 APPPATH\Controllers\CekAbsen.php(30): CodeIgniter\Debug\Exceptions->errorHandler(2, 'Undefined array key "jam_keluar"', 'D:\\New folder\\My Folder\\e-absensi\\app\\Controllers\\CekAbsen.php', 30)
 2 SYSTEMPATH\CodeIgniter.php(919): App\Controllers\CekAbsen->cek_alpha()
 3 SYSTEMPATH\CodeIgniter.php(494): CodeIgniter\CodeIgniter->runController(Object(App\Controllers\CekAbsen))
 4 SYSTEMPATH\CodeIgniter.php(353): CodeIgniter\CodeIgniter->handleRequest(null, Object(Config\Cache), false)
 5 FCPATH\index.php(79): CodeIgniter\CodeIgniter->run()
 6 SYSTEMPATH\Commands\Server\rewrite.php(47): require_once('D:\\New folder\\My Folder\\e-absensi\\public\\index.php')
CRITICAL - 2025-05-19 07:00:49 --> Undefined array key "id_jadwal"
in APPPATH\Controllers\CekAbsen.php on line 20.
 1 APPPATH\Controllers\CekAbsen.php(20): CodeIgniter\Debug\Exceptions->errorHandler(2, 'Undefined array key "id_jadwal"', 'D:\\New folder\\My Folder\\e-absensi\\app\\Controllers\\CekAbsen.php', 20)
 2 SYSTEMPATH\CodeIgniter.php(919): App\Controllers\CekAbsen->cek_alpha()
 3 SYSTEMPATH\CodeIgniter.php(494): CodeIgniter\CodeIgniter->runController(Object(App\Controllers\CekAbsen))
 4 SYSTEMPATH\CodeIgniter.php(353): CodeIgniter\CodeIgniter->handleRequest(null, Object(Config\Cache), false)
 5 FCPATH\index.php(79): CodeIgniter\CodeIgniter->run()
 6 SYSTEMPATH\Commands\Server\rewrite.php(47): require_once('D:\\New folder\\My Folder\\e-absensi\\public\\index.php')
CRITICAL - 2025-05-19 07:00:50 --> Undefined array key "id_jadwal"
in APPPATH\Controllers\CekAbsen.php on line 20.
 1 APPPATH\Controllers\CekAbsen.php(20): CodeIgniter\Debug\Exceptions->errorHandler(2, 'Undefined array key "id_jadwal"', 'D:\\New folder\\My Folder\\e-absensi\\app\\Controllers\\CekAbsen.php', 20)
 2 SYSTEMPATH\CodeIgniter.php(919): App\Controllers\CekAbsen->cek_alpha()
 3 SYSTEMPATH\CodeIgniter.php(494): CodeIgniter\CodeIgniter->runController(Object(App\Controllers\CekAbsen))
 4 SYSTEMPATH\CodeIgniter.php(353): CodeIgniter\CodeIgniter->handleRequest(null, Object(Config\Cache), false)
 5 FCPATH\index.php(79): CodeIgniter\CodeIgniter->run()
 6 SYSTEMPATH\Commands\Server\rewrite.php(47): require_once('D:\\New folder\\My Folder\\e-absensi\\public\\index.php')
CRITICAL - 2025-05-19 07:01:14 --> Undefined array key "tbl_absen.id_jadwal"
in APPPATH\Controllers\CekAbsen.php on line 20.
 1 APPPATH\Controllers\CekAbsen.php(20): CodeIgniter\Debug\Exceptions->errorHandler(2, 'Undefined array key "tbl_absen.id_jadwal"', 'D:\\New folder\\My Folder\\e-absensi\\app\\Controllers\\CekAbsen.php', 20)
 2 SYSTEMPATH\CodeIgniter.php(919): App\Controllers\CekAbsen->cek_alpha()
 3 SYSTEMPATH\CodeIgniter.php(494): CodeIgniter\CodeIgniter->runController(Object(App\Controllers\CekAbsen))
 4 SYSTEMPATH\CodeIgniter.php(353): CodeIgniter\CodeIgniter->handleRequest(null, Object(Config\Cache), false)
 5 FCPATH\index.php(79): CodeIgniter\CodeIgniter->run()
 6 SYSTEMPATH\Commands\Server\rewrite.php(47): require_once('D:\\New folder\\My Folder\\e-absensi\\public\\index.php')
CRITICAL - 2025-05-19 07:01:14 --> Undefined array key "tbl_absen.id_jadwal"
in APPPATH\Controllers\CekAbsen.php on line 20.
 1 APPPATH\Controllers\CekAbsen.php(20): CodeIgniter\Debug\Exceptions->errorHandler(2, 'Undefined array key "tbl_absen.id_jadwal"', 'D:\\New folder\\My Folder\\e-absensi\\app\\Controllers\\CekAbsen.php', 20)
 2 SYSTEMPATH\CodeIgniter.php(919): App\Controllers\CekAbsen->cek_alpha()
 3 SYSTEMPATH\CodeIgniter.php(494): CodeIgniter\CodeIgniter->runController(Object(App\Controllers\CekAbsen))
 4 SYSTEMPATH\CodeIgniter.php(353): CodeIgniter\CodeIgniter->handleRequest(null, Object(Config\Cache), false)
 5 FCPATH\index.php(79): CodeIgniter\CodeIgniter->run()
 6 SYSTEMPATH\Commands\Server\rewrite.php(47): require_once('D:\\New folder\\My Folder\\e-absensi\\public\\index.php')
ERROR - 2025-05-19 07:14:50 --> mysqli_sql_exception: You have an error in your SQL syntax; check the manual that corresponds to your MariaDB server version for the right syntax to use near ':0:
ORDER BY `tbl_absen`.`id_absen` ASC' at line 6 in D:\New folder\My Folder\e-absensi\system\Database\MySQLi\Connection.php:306
Stack trace:
#0 D:\New folder\My Folder\e-absensi\system\Database\MySQLi\Connection.php(306): mysqli->query('SELECT *\nFROM `...', 0)
#1 D:\New folder\My Folder\e-absensi\system\Database\BaseConnection.php(692): CodeIgniter\Database\MySQLi\Connection->execute('SELECT *\nFROM `...')
#2 D:\New folder\My Folder\e-absensi\system\Database\BaseConnection.php(606): CodeIgniter\Database\BaseConnection->simpleQuery('SELECT *\nFROM `...')
#3 D:\New folder\My Folder\e-absensi\system\Database\BaseBuilder.php(1615): CodeIgniter\Database\BaseConnection->query('SELECT *\nFROM `...', Array, false)
#4 D:\New folder\My Folder\e-absensi\app\Models\M_Absen.php(26): CodeIgniter\Database\BaseBuilder->get()
#5 D:\New folder\My Folder\e-absensi\app\Controllers\CekAbsen.php(19): App\Models\M_Absen->getDataAbsen(Array)
#6 D:\New folder\My Folder\e-absensi\system\CodeIgniter.php(919): App\Controllers\CekAbsen->cek_alpha()
#7 D:\New folder\My Folder\e-absensi\system\CodeIgniter.php(494): CodeIgniter\CodeIgniter->runController(Object(App\Controllers\CekAbsen))
#8 D:\New folder\My Folder\e-absensi\system\CodeIgniter.php(353): CodeIgniter\CodeIgniter->handleRequest(NULL, Object(Config\Cache), false)
#9 D:\New folder\My Folder\e-absensi\public\index.php(79): CodeIgniter\CodeIgniter->run()
#10 D:\New folder\My Folder\e-absensi\system\Commands\Server\rewrite.php(47): require_once('D:\\New folder\\M...')
#11 {main}
CRITICAL - 2025-05-19 07:14:50 --> You have an error in your SQL syntax; check the manual that corresponds to your MariaDB server version for the right syntax to use near ':0:
ORDER BY `tbl_absen`.`id_absen` ASC' at line 6
in SYSTEMPATH\Database\BaseConnection.php on line 646.
 1 SYSTEMPATH\Database\BaseBuilder.php(1615): CodeIgniter\Database\BaseConnection->query('SELECT *
FROM `tbl_absen`
LEFT JOIN `tbl_karyawan` ON `tbl_karyawan`.`id_karyawan` = `tbl_absen`.`id_karyawan`
LEFT JOIN `tbl_jadwal` ON `tbl_jadwal`.`id_jadwal` = `tbl_absen`.`id_jadwal`
WHERE `tbl_absen`.`status` IS NULL
AND 0 = :0:
ORDER BY `tbl_absen`.`id_absen` ASC', [...], false)
 2 APPPATH\Models\M_Absen.php(26): CodeIgniter\Database\BaseBuilder->get()
 3 APPPATH\Controllers\CekAbsen.php(19): App\Models\M_Absen->getDataAbsen([...])
 4 SYSTEMPATH\CodeIgniter.php(919): App\Controllers\CekAbsen->cek_alpha()
 5 SYSTEMPATH\CodeIgniter.php(494): CodeIgniter\CodeIgniter->runController(Object(App\Controllers\CekAbsen))
 6 SYSTEMPATH\CodeIgniter.php(353): CodeIgniter\CodeIgniter->handleRequest(null, Object(Config\Cache), false)
 7 FCPATH\index.php(79): CodeIgniter\CodeIgniter->run()
 8 SYSTEMPATH\Commands\Server\rewrite.php(47): require_once('D:\\New folder\\My Folder\\e-absensi\\public\\index.php')
ERROR - 2025-05-19 07:15:16 --> mysqli_sql_exception: You have an error in your SQL syntax; check the manual that corresponds to your MariaDB server version for the right syntax to use near ':0:
ORDER BY `tbl_absen`.`id_absen` ASC' at line 6 in D:\New folder\My Folder\e-absensi\system\Database\MySQLi\Connection.php:306
Stack trace:
#0 D:\New folder\My Folder\e-absensi\system\Database\MySQLi\Connection.php(306): mysqli->query('SELECT *\nFROM `...', 0)
#1 D:\New folder\My Folder\e-absensi\system\Database\BaseConnection.php(692): CodeIgniter\Database\MySQLi\Connection->execute('SELECT *\nFROM `...')
#2 D:\New folder\My Folder\e-absensi\system\Database\BaseConnection.php(606): CodeIgniter\Database\BaseConnection->simpleQuery('SELECT *\nFROM `...')
#3 D:\New folder\My Folder\e-absensi\system\Database\BaseBuilder.php(1615): CodeIgniter\Database\BaseConnection->query('SELECT *\nFROM `...', Array, false)
#4 D:\New folder\My Folder\e-absensi\app\Models\M_Absen.php(26): CodeIgniter\Database\BaseBuilder->get()
#5 D:\New folder\My Folder\e-absensi\app\Controllers\CekAbsen.php(19): App\Models\M_Absen->getDataAbsen(Array)
#6 D:\New folder\My Folder\e-absensi\system\CodeIgniter.php(919): App\Controllers\CekAbsen->cek_alpha()
#7 D:\New folder\My Folder\e-absensi\system\CodeIgniter.php(494): CodeIgniter\CodeIgniter->runController(Object(App\Controllers\CekAbsen))
#8 D:\New folder\My Folder\e-absensi\system\CodeIgniter.php(353): CodeIgniter\CodeIgniter->handleRequest(NULL, Object(Config\Cache), false)
#9 D:\New folder\My Folder\e-absensi\public\index.php(79): CodeIgniter\CodeIgniter->run()
#10 D:\New folder\My Folder\e-absensi\system\Commands\Server\rewrite.php(47): require_once('D:\\New folder\\M...')
#11 {main}
CRITICAL - 2025-05-19 07:15:16 --> You have an error in your SQL syntax; check the manual that corresponds to your MariaDB server version for the right syntax to use near ':0:
ORDER BY `tbl_absen`.`id_absen` ASC' at line 6
in SYSTEMPATH\Database\BaseConnection.php on line 646.
 1 SYSTEMPATH\Database\BaseBuilder.php(1615): CodeIgniter\Database\BaseConnection->query('SELECT *
FROM `tbl_absen`
LEFT JOIN `tbl_karyawan` ON `tbl_karyawan`.`id_karyawan` = `tbl_absen`.`id_karyawan`
LEFT JOIN `tbl_jadwal` ON `tbl_jadwal`.`id_jadwal` = `tbl_absen`.`id_jadwal`
WHERE `tbl_absen`.`status` IS NULL
AND 0 = :0:
ORDER BY `tbl_absen`.`id_absen` ASC', [...], false)
 2 APPPATH\Models\M_Absen.php(26): CodeIgniter\Database\BaseBuilder->get()
 3 APPPATH\Controllers\CekAbsen.php(19): App\Models\M_Absen->getDataAbsen([...])
 4 SYSTEMPATH\CodeIgniter.php(919): App\Controllers\CekAbsen->cek_alpha()
 5 SYSTEMPATH\CodeIgniter.php(494): CodeIgniter\CodeIgniter->runController(Object(App\Controllers\CekAbsen))
 6 SYSTEMPATH\CodeIgniter.php(353): CodeIgniter\CodeIgniter->handleRequest(null, Object(Config\Cache), false)
 7 FCPATH\index.php(79): CodeIgniter\CodeIgniter->run()
 8 SYSTEMPATH\Commands\Server\rewrite.php(47): require_once('D:\\New folder\\My Folder\\e-absensi\\public\\index.php')
